{"C:\\Work\\Rainmaker2\\Rainmaker2\\src\\Presentation\\document-upload\\src\\App.tsx": {"path":"C:\\Work\\Rainmaker2\\Rainmaker2\\src\\Presentation\\document-upload\\src\\App.tsx","statementMap":{"0":{"start":{"line":21,"column":12},"end":{"line":120,"column":1}},"1":{"start":{"line":22,"column":44},"end":{"line":22,"column":68}},"2":{"start":{"line":23,"column":38},"end":{"line":23,"column":50}},"3":{"start":{"line":25,"column":18},"end":{"line":25,"column":30}},"4":{"start":{"line":27,"column":2},"end":{"line":35,"column":9}},"5":{"start":{"line":30,"column":4},"end":{"line":30,"column":19}},"6":{"start":{"line":32,"column":4},"end":{"line":34,"column":6}},"7":{"start":{"line":33,"column":6},"end":{"line":33,"column":24}},"8":{"start":{"line":37,"column":23},"end":{"line":50,"column":3}},"9":{"start":{"line":38,"column":17},"end":{"line":38,"column":46}},"10":{"start":{"line":39,"column":4},"end":{"line":49,"column":5}},"11":{"start":{"line":40,"column":6},"end":{"line":40,"column":40}},"12":{"start":{"line":41,"column":6},"end":{"line":41,"column":22}},"13":{"start":{"line":42,"column":6},"end":{"line":42,"column":26}},"14":{"start":{"line":43,"column":6},"end":{"line":43,"column":27}},"15":{"start":{"line":45,"column":6},"end":{"line":45,"column":24}},"16":{"start":{"line":46,"column":6},"end":{"line":48,"column":7}},"17":{"start":{"line":47,"column":8},"end":{"line":47,"column":48}},"18":{"start":{"line":52,"column":24},"end":{"line":56,"column":3}},"19":{"start":{"line":53,"column":24},"end":{"line":53,"column":50}},"20":{"start":{"line":54,"column":21},"end":{"line":54,"column":63}},"21":{"start":{"line":55,"column":4},"end":{"line":55,"column":30}},"22":{"start":{"line":58,"column":28},"end":{"line":64,"column":3}},"23":{"start":{"line":59,"column":4},"end":{"line":63,"column":5}},"24":{"start":{"line":61,"column":6},"end":{"line":61,"column":59}},"25":{"start":{"line":66,"column":29},"end":{"line":72,"column":3}},"26":{"start":{"line":67,"column":4},"end":{"line":71,"column":5}},"27":{"start":{"line":68,"column":6},"end":{"line":70,"column":20}},"28":{"start":{"line":69,"column":8},"end":{"line":69,"column":39}},"29":{"start":{"line":74,"column":17},"end":{"line":81,"column":3}},"30":{"start":{"line":76,"column":4},"end":{"line":76,"column":33}},"31":{"start":{"line":77,"column":4},"end":{"line":77,"column":22}},"32":{"start":{"line":78,"column":4},"end":{"line":80,"column":5}},"33":{"start":{"line":79,"column":6},"end":{"line":79,"column":46}},"34":{"start":{"line":84,"column":2},"end":{"line":86,"column":3}},"35":{"start":{"line":85,"column":4},"end":{"line":85,"column":16}},"36":{"start":{"line":88,"column":2},"end":{"line":119,"column":4}}},"fnMap":{"0":{"name":"(anonymous_0)","decl":{"start":{"line":21,"column":12},"end":{"line":21,"column":13}},"loc":{"start":{"line":21,"column":18},"end":{"line":120,"column":1}},"line":21},"1":{"name":"(anonymous_1)","decl":{"start":{"line":27,"column":12},"end":{"line":27,"column":13}},"loc":{"start":{"line":27,"column":18},"end":{"line":35,"column":3}},"line":27},"2":{"name":"(anonymous_2)","decl":{"start":{"line":32,"column":11},"end":{"line":32,"column":12}},"loc":{"start":{"line":32,"column":17},"end":{"line":34,"column":5}},"line":32},"3":{"name":"(anonymous_3)","decl":{"start":{"line":37,"column":23},"end":{"line":37,"column":24}},"loc":{"start":{"line":37,"column":35},"end":{"line":50,"column":3}},"line":37},"4":{"name":"(anonymous_4)","decl":{"start":{"line":52,"column":24},"end":{"line":52,"column":25}},"loc":{"start":{"line":52,"column":36},"end":{"line":56,"column":3}},"line":52},"5":{"name":"(anonymous_5)","decl":{"start":{"line":58,"column":28},"end":{"line":58,"column":29}},"loc":{"start":{"line":58,"column":34},"end":{"line":64,"column":3}},"line":58},"6":{"name":"(anonymous_6)","decl":{"start":{"line":66,"column":29},"end":{"line":66,"column":30}},"loc":{"start":{"line":66,"column":35},"end":{"line":72,"column":3}},"line":66},"7":{"name":"(anonymous_7)","decl":{"start":{"line":68,"column":18},"end":{"line":68,"column":19}},"loc":{"start":{"line":68,"column":24},"end":{"line":70,"column":7}},"line":68},"8":{"name":"(anonymous_8)","decl":{"start":{"line":74,"column":17},"end":{"line":74,"column":18}},"loc":{"start":{"line":74,"column":24},"end":{"line":81,"column":3}},"line":74}},"branchMap":{"0":{"loc":{"start":{"line":39,"column":4},"end":{"line":49,"column":5}},"type":"if","locations":[{"start":{"line":39,"column":4},"end":{"line":49,"column":5}},{"start":{"line":39,"column":4},"end":{"line":49,"column":5}}],"line":39},"1":{"loc":{"start":{"line":46,"column":6},"end":{"line":48,"column":7}},"type":"if","locations":[{"start":{"line":46,"column":6},"end":{"line":48,"column":7}},{"start":{"line":46,"column":6},"end":{"line":48,"column":7}}],"line":46},"2":{"loc":{"start":{"line":59,"column":4},"end":{"line":63,"column":5}},"type":"if","locations":[{"start":{"line":59,"column":4},"end":{"line":63,"column":5}},{"start":{"line":59,"column":4},"end":{"line":63,"column":5}}],"line":59},"3":{"loc":{"start":{"line":67,"column":4},"end":{"line":71,"column":5}},"type":"if","locations":[{"start":{"line":67,"column":4},"end":{"line":71,"column":5}},{"start":{"line":67,"column":4},"end":{"line":71,"column":5}}],"line":67},"4":{"loc":{"start":{"line":78,"column":4},"end":{"line":80,"column":5}},"type":"if","locations":[{"start":{"line":78,"column":4},"end":{"line":80,"column":5}},{"start":{"line":78,"column":4},"end":{"line":80,"column":5}}],"line":78},"5":{"loc":{"start":{"line":84,"column":2},"end":{"line":86,"column":3}},"type":"if","locations":[{"start":{"line":84,"column":2},"end":{"line":86,"column":3}},{"start":{"line":84,"column":2},"end":{"line":86,"column":3}}],"line":84},"6":{"loc":{"start":{"line":105,"column":13},"end":{"line":111,"column":16}},"type":"cond-expr","locations":[{"start":{"line":105,"column":47},"end":{"line":108,"column":14}},{"start":{"line":108,"column":17},"end":{"line":111,"column":16}}],"line":105}},"s":{"0":7,"1":54,"2":54,"3":54,"4":54,"5":18,"6":18,"7":18,"8":54,"9":18,"10":18,"11":18,"12":18,"13":18,"14":18,"15":0,"16":0,"17":0,"18":54,"19":18,"20":18,"21":18,"22":54,"23":18,"24":18,"25":54,"26":18,"27":0,"28":0,"29":54,"30":18,"31":18,"32":18,"33":0,"34":54,"35":18,"36":36},"f":{"0":54,"1":18,"2":18,"3":18,"4":18,"5":18,"6":18,"7":0,"8":18},"b":{"0":[18,0],"1":[0,0],"2":[18,0],"3":[0,18],"4":[0,18],"5":[18,36],"6":[36,0]},"_coverageSchema":"43e27e138ebf9cfc5966b082cf9a028302ed4184","hash":"1f6fef608f4958048163ed8100d919b3a2dab05f"}
,"C:\\Work\\Rainmaker2\\Rainmaker2\\src\\Presentation\\document-upload\\src\\index.tsx": {"path":"C:\\Work\\Rainmaker2\\Rainmaker2\\src\\Presentation\\document-upload\\src\\index.tsx","statementMap":{"0":{"start":{"line":7,"column":0},"end":{"line":7,"column":58}},"1":{"start":{"line":12,"column":0},"end":{"line":12,"column":27}}},"fnMap":{},"branchMap":{},"s":{"0":0,"1":0},"f":{},"b":{},"hash":"b181dff07b7e73dadd5d14984f1de1804e11a1f8"}
,"C:\\Work\\Rainmaker2\\Rainmaker2\\src\\Presentation\\document-upload\\src\\serviceWorker.ts": {"path":"C:\\Work\\Rainmaker2\\Rainmaker2\\src\\Presentation\\document-upload\\src\\serviceWorker.ts","statementMap":{"0":{"start":{"line":13,"column":20},"end":{"line":21,"column":1}},"1":{"start":{"line":29,"column":2},"end":{"line":62,"column":3}},"2":{"start":{"line":31,"column":22},"end":{"line":34,"column":5}},"3":{"start":{"line":35,"column":4},"end":{"line":40,"column":5}},"4":{"start":{"line":39,"column":6},"end":{"line":39,"column":13}},"5":{"start":{"line":42,"column":4},"end":{"line":61,"column":7}},"6":{"start":{"line":43,"column":20},"end":{"line":43,"column":65}},"7":{"start":{"line":45,"column":6},"end":{"line":60,"column":7}},"8":{"start":{"line":47,"column":8},"end":{"line":47,"column":47}},"9":{"start":{"line":51,"column":8},"end":{"line":56,"column":11}},"10":{"start":{"line":59,"column":8},"end":{"line":59,"column":39}},"11":{"start":{"line":66,"column":2},"end":{"line":106,"column":7}},"12":{"start":{"line":69,"column":6},"end":{"line":102,"column":8}},"13":{"start":{"line":70,"column":33},"end":{"line":70,"column":56}},"14":{"start":{"line":71,"column":8},"end":{"line":73,"column":9}},"15":{"start":{"line":72,"column":10},"end":{"line":72,"column":17}},"16":{"start":{"line":74,"column":8},"end":{"line":101,"column":10}},"17":{"start":{"line":75,"column":10},"end":{"line":100,"column":11}},"18":{"start":{"line":76,"column":12},"end":{"line":99,"column":13}},"19":{"start":{"line":86,"column":14},"end":{"line":88,"column":15}},"20":{"start":{"line":87,"column":16},"end":{"line":87,"column":46}},"21":{"start":{"line":96,"column":14},"end":{"line":98,"column":15}},"22":{"start":{"line":97,"column":16},"end":{"line":97,"column":47}},"23":{"start":{"line":105,"column":6},"end":{"line":105,"column":72}},"24":{"start":{"line":111,"column":2},"end":{"line":136,"column":7}},"25":{"start":{"line":116,"column":26},"end":{"line":116,"column":62}},"26":{"start":{"line":117,"column":6},"end":{"line":130,"column":7}},"27":{"start":{"line":122,"column":8},"end":{"line":126,"column":11}},"28":{"start":{"line":123,"column":10},"end":{"line":125,"column":13}},"29":{"start":{"line":124,"column":12},"end":{"line":124,"column":37}},"30":{"start":{"line":129,"column":8},"end":{"line":129,"column":39}},"31":{"start":{"line":133,"column":6},"end":{"line":135,"column":8}},"32":{"start":{"line":140,"column":2},"end":{"line":148,"column":3}},"33":{"start":{"line":141,"column":4},"end":{"line":147,"column":9}},"34":{"start":{"line":143,"column":8},"end":{"line":143,"column":34}},"35":{"start":{"line":146,"column":8},"end":{"line":146,"column":37}}},"fnMap":{"0":{"name":"register","decl":{"start":{"line":28,"column":16},"end":{"line":28,"column":24}},"loc":{"start":{"line":28,"column":42},"end":{"line":63,"column":1}},"line":28},"1":{"name":"(anonymous_1)","decl":{"start":{"line":42,"column":36},"end":{"line":42,"column":37}},"loc":{"start":{"line":42,"column":42},"end":{"line":61,"column":5}},"line":42},"2":{"name":"(anonymous_2)","decl":{"start":{"line":51,"column":43},"end":{"line":51,"column":44}},"loc":{"start":{"line":51,"column":49},"end":{"line":56,"column":9}},"line":51},"3":{"name":"registerValidSW","decl":{"start":{"line":65,"column":9},"end":{"line":65,"column":24}},"loc":{"start":{"line":65,"column":57},"end":{"line":107,"column":1}},"line":65},"4":{"name":"(anonymous_4)","decl":{"start":{"line":68,"column":10},"end":{"line":68,"column":11}},"loc":{"start":{"line":68,"column":26},"end":{"line":103,"column":5}},"line":68},"5":{"name":"(anonymous_5)","decl":{"start":{"line":69,"column":35},"end":{"line":69,"column":36}},"loc":{"start":{"line":69,"column":41},"end":{"line":102,"column":7}},"line":69},"6":{"name":"(anonymous_6)","decl":{"start":{"line":74,"column":41},"end":{"line":74,"column":42}},"loc":{"start":{"line":74,"column":47},"end":{"line":101,"column":9}},"line":74},"7":{"name":"(anonymous_7)","decl":{"start":{"line":104,"column":11},"end":{"line":104,"column":12}},"loc":{"start":{"line":104,"column":20},"end":{"line":106,"column":5}},"line":104},"8":{"name":"checkValidServiceWorker","decl":{"start":{"line":109,"column":9},"end":{"line":109,"column":32}},"loc":{"start":{"line":109,"column":65},"end":{"line":137,"column":1}},"line":109},"9":{"name":"(anonymous_9)","decl":{"start":{"line":114,"column":10},"end":{"line":114,"column":11}},"loc":{"start":{"line":114,"column":22},"end":{"line":131,"column":5}},"line":114},"10":{"name":"(anonymous_10)","decl":{"start":{"line":122,"column":43},"end":{"line":122,"column":44}},"loc":{"start":{"line":122,"column":59},"end":{"line":126,"column":9}},"line":122},"11":{"name":"(anonymous_11)","decl":{"start":{"line":123,"column":41},"end":{"line":123,"column":42}},"loc":{"start":{"line":123,"column":47},"end":{"line":125,"column":11}},"line":123},"12":{"name":"(anonymous_12)","decl":{"start":{"line":132,"column":11},"end":{"line":132,"column":12}},"loc":{"start":{"line":132,"column":17},"end":{"line":136,"column":5}},"line":132},"13":{"name":"unregister","decl":{"start":{"line":139,"column":16},"end":{"line":139,"column":26}},"loc":{"start":{"line":139,"column":29},"end":{"line":149,"column":1}},"line":139},"14":{"name":"(anonymous_14)","decl":{"start":{"line":142,"column":12},"end":{"line":142,"column":13}},"loc":{"start":{"line":142,"column":28},"end":{"line":144,"column":7}},"line":142},"15":{"name":"(anonymous_15)","decl":{"start":{"line":145,"column":13},"end":{"line":145,"column":14}},"loc":{"start":{"line":145,"column":22},"end":{"line":147,"column":7}},"line":145}},"branchMap":{"0":{"loc":{"start":{"line":14,"column":2},"end":{"line":20,"column":5}},"type":"binary-expr","locations":[{"start":{"line":14,"column":2},"end":{"line":14,"column":42}},{"start":{"line":16,"column":4},"end":{"line":16,"column":40}},{"start":{"line":18,"column":4},"end":{"line":20,"column":5}}],"line":14},"1":{"loc":{"start":{"line":29,"column":2},"end":{"line":62,"column":3}},"type":"if","locations":[{"start":{"line":29,"column":2},"end":{"line":62,"column":3}},{"start":{"line":29,"column":2},"end":{"line":62,"column":3}}],"line":29},"2":{"loc":{"start":{"line":29,"column":6},"end":{"line":29,"column":75}},"type":"binary-expr","locations":[{"start":{"line":29,"column":6},"end":{"line":29,"column":43}},{"start":{"line":29,"column":47},"end":{"line":29,"column":75}}],"line":29},"3":{"loc":{"start":{"line":35,"column":4},"end":{"line":40,"column":5}},"type":"if","locations":[{"start":{"line":35,"column":4},"end":{"line":40,"column":5}},{"start":{"line":35,"column":4},"end":{"line":40,"column":5}}],"line":35},"4":{"loc":{"start":{"line":45,"column":6},"end":{"line":60,"column":7}},"type":"if","locations":[{"start":{"line":45,"column":6},"end":{"line":60,"column":7}},{"start":{"line":45,"column":6},"end":{"line":60,"column":7}}],"line":45},"5":{"loc":{"start":{"line":71,"column":8},"end":{"line":73,"column":9}},"type":"if","locations":[{"start":{"line":71,"column":8},"end":{"line":73,"column":9}},{"start":{"line":71,"column":8},"end":{"line":73,"column":9}}],"line":71},"6":{"loc":{"start":{"line":75,"column":10},"end":{"line":100,"column":11}},"type":"if","locations":[{"start":{"line":75,"column":10},"end":{"line":100,"column":11}},{"start":{"line":75,"column":10},"end":{"line":100,"column":11}}],"line":75},"7":{"loc":{"start":{"line":76,"column":12},"end":{"line":99,"column":13}},"type":"if","locations":[{"start":{"line":76,"column":12},"end":{"line":99,"column":13}},{"start":{"line":76,"column":12},"end":{"line":99,"column":13}}],"line":76},"8":{"loc":{"start":{"line":86,"column":14},"end":{"line":88,"column":15}},"type":"if","locations":[{"start":{"line":86,"column":14},"end":{"line":88,"column":15}},{"start":{"line":86,"column":14},"end":{"line":88,"column":15}}],"line":86},"9":{"loc":{"start":{"line":86,"column":18},"end":{"line":86,"column":43}},"type":"binary-expr","locations":[{"start":{"line":86,"column":18},"end":{"line":86,"column":24}},{"start":{"line":86,"column":28},"end":{"line":86,"column":43}}],"line":86},"10":{"loc":{"start":{"line":96,"column":14},"end":{"line":98,"column":15}},"type":"if","locations":[{"start":{"line":96,"column":14},"end":{"line":98,"column":15}},{"start":{"line":96,"column":14},"end":{"line":98,"column":15}}],"line":96},"11":{"loc":{"start":{"line":96,"column":18},"end":{"line":96,"column":44}},"type":"binary-expr","locations":[{"start":{"line":96,"column":18},"end":{"line":96,"column":24}},{"start":{"line":96,"column":28},"end":{"line":96,"column":44}}],"line":96},"12":{"loc":{"start":{"line":117,"column":6},"end":{"line":130,"column":7}},"type":"if","locations":[{"start":{"line":117,"column":6},"end":{"line":130,"column":7}},{"start":{"line":117,"column":6},"end":{"line":130,"column":7}}],"line":117},"13":{"loc":{"start":{"line":118,"column":8},"end":{"line":119,"column":73}},"type":"binary-expr","locations":[{"start":{"line":118,"column":8},"end":{"line":118,"column":31}},{"start":{"line":119,"column":9},"end":{"line":119,"column":28}},{"start":{"line":119,"column":32},"end":{"line":119,"column":72}}],"line":118},"14":{"loc":{"start":{"line":140,"column":2},"end":{"line":148,"column":3}},"type":"if","locations":[{"start":{"line":140,"column":2},"end":{"line":148,"column":3}},{"start":{"line":140,"column":2},"end":{"line":148,"column":3}}],"line":140}},"s":{"0":0,"1":0,"2":0,"3":0,"4":0,"5":0,"6":0,"7":0,"8":0,"9":0,"10":0,"11":0,"12":0,"13":0,"14":0,"15":0,"16":0,"17":0,"18":0,"19":0,"20":0,"21":0,"22":0,"23":0,"24":0,"25":0,"26":0,"27":0,"28":0,"29":0,"30":0,"31":0,"32":0,"33":0,"34":0,"35":0},"f":{"0":0,"1":0,"2":0,"3":0,"4":0,"5":0,"6":0,"7":0,"8":0,"9":0,"10":0,"11":0,"12":0,"13":0,"14":0,"15":0},"b":{"0":[0,0,0],"1":[0,0],"2":[0,0],"3":[0,0],"4":[0,0],"5":[0,0],"6":[0,0],"7":[0,0],"8":[0,0],"9":[0,0],"10":[0,0],"11":[0,0],"12":[0,0],"13":[0,0,0],"14":[0,0]},"hash":"88e3e94def2a9b8796b5d6c97fcbdbdc7647213e"}
,"C:\\Work\\Rainmaker2\\Rainmaker2\\src\\Presentation\\document-upload\\src\\components\\DummyLogin\\DummyLogin.tsx": {"path":"C:\\Work\\Rainmaker2\\Rainmaker2\\src\\Presentation\\document-upload\\src\\components\\DummyLogin\\DummyLogin.tsx","statementMap":{"0":{"start":{"line":8,"column":19},"end":{"line":29,"column":1}},"1":{"start":{"line":9,"column":23},"end":{"line":9,"column":40}},"2":{"start":{"line":11,"column":16},"end":{"line":16,"column":3}},"3":{"start":{"line":12,"column":14},"end":{"line":12,"column":41}},"4":{"start":{"line":13,"column":4},"end":{"line":15,"column":5}},"5":{"start":{"line":14,"column":6},"end":{"line":14,"column":66}},"6":{"start":{"line":18,"column":2},"end":{"line":20,"column":3}},"7":{"start":{"line":19,"column":4},"end":{"line":19,"column":31}},"8":{"start":{"line":22,"column":2},"end":{"line":28,"column":4}}},"fnMap":{"0":{"name":"(anonymous_0)","decl":{"start":{"line":8,"column":19},"end":{"line":8,"column":20}},"loc":{"start":{"line":8,"column":25},"end":{"line":29,"column":1}},"line":8},"1":{"name":"(anonymous_1)","decl":{"start":{"line":11,"column":16},"end":{"line":11,"column":17}},"loc":{"start":{"line":11,"column":28},"end":{"line":16,"column":3}},"line":11}},"branchMap":{"0":{"loc":{"start":{"line":13,"column":4},"end":{"line":15,"column":5}},"type":"if","locations":[{"start":{"line":13,"column":4},"end":{"line":15,"column":5}},{"start":{"line":13,"column":4},"end":{"line":15,"column":5}}],"line":13},"1":{"loc":{"start":{"line":18,"column":2},"end":{"line":20,"column":3}},"type":"if","locations":[{"start":{"line":18,"column":2},"end":{"line":20,"column":3}},{"start":{"line":18,"column":2},"end":{"line":20,"column":3}}],"line":18}},"s":{"0":0,"1":0,"2":0,"3":0,"4":0,"5":0,"6":0,"7":0,"8":0},"f":{"0":0,"1":0},"b":{"0":[0,0],"1":[0,0]},"hash":"cf25ab04295908420dd6d0daa722beb9b906af77"}
,"C:\\Work\\Rainmaker2\\Rainmaker2\\src\\Presentation\\document-upload\\src\\components\\Home\\Home.tsx": {"path":"C:\\Work\\Rainmaker2\\Rainmaker2\\src\\Presentation\\document-upload\\src\\components\\Home\\Home.tsx","statementMap":{"0":{"start":{"line":13,"column":4},"end":{"line":13,"column":31}},"1":{"start":{"line":16,"column":14},"end":{"line":25,"column":3}},"2":{"start":{"line":17,"column":34},"end":{"line":17,"column":54}},"3":{"start":{"line":18,"column":4},"end":{"line":24,"column":5}},"4":{"start":{"line":19,"column":6},"end":{"line":19,"column":51}},"5":{"start":{"line":21,"column":6},"end":{"line":23,"column":7}},"6":{"start":{"line":22,"column":8},"end":{"line":22,"column":38}},"7":{"start":{"line":29,"column":4},"end":{"line":58,"column":6}}},"fnMap":{"0":{"name":"(anonymous_0)","decl":{"start":{"line":12,"column":2},"end":{"line":12,"column":3}},"loc":{"start":{"line":12,"column":22},"end":{"line":14,"column":3}},"line":12},"1":{"name":"(anonymous_1)","decl":{"start":{"line":16,"column":14},"end":{"line":16,"column":15}},"loc":{"start":{"line":16,"column":30},"end":{"line":25,"column":3}},"line":16},"2":{"name":"(anonymous_2)","decl":{"start":{"line":27,"column":2},"end":{"line":27,"column":3}},"loc":{"start":{"line":27,"column":11},"end":{"line":59,"column":3}},"line":27}},"branchMap":{"0":{"loc":{"start":{"line":18,"column":4},"end":{"line":24,"column":5}},"type":"if","locations":[{"start":{"line":18,"column":4},"end":{"line":24,"column":5}},{"start":{"line":18,"column":4},"end":{"line":24,"column":5}}],"line":18},"1":{"loc":{"start":{"line":21,"column":6},"end":{"line":23,"column":7}},"type":"if","locations":[{"start":{"line":21,"column":6},"end":{"line":23,"column":7}},{"start":{"line":21,"column":6},"end":{"line":23,"column":7}}],"line":21}},"s":{"0":18,"1":18,"2":18,"3":18,"4":0,"5":18,"6":0,"7":55},"f":{"0":18,"1":18,"2":55},"b":{"0":[0,18],"1":[0,18]},"_coverageSchema":"43e27e138ebf9cfc5966b082cf9a028302ed4184","hash":"9a1f80ad9c4c74684f5228aeb4614dd369ccc504"}
,"C:\\Work\\Rainmaker2\\Rainmaker2\\src\\Presentation\\document-upload\\src\\components\\Home\\AcitivityHeader\\ActivityHeader.tsx": {"path":"C:\\Work\\Rainmaker2\\Rainmaker2\\src\\Presentation\\document-upload\\src\\components\\Home\\AcitivityHeader\\ActivityHeader.tsx","statementMap":{"0":{"start":{"line":9,"column":23},"end":{"line":195,"column":1}},"1":{"start":{"line":10,"column":32},"end":{"line":10,"column":44}},"2":{"start":{"line":11,"column":36},"end":{"line":11,"column":51}},"3":{"start":{"line":12,"column":34},"end":{"line":12,"column":46}},"4":{"start":{"line":13,"column":38},"end":{"line":13,"column":50}},"5":{"start":{"line":14,"column":40},"end":{"line":14,"column":52}},"6":{"start":{"line":15,"column":38},"end":{"line":15,"column":50}},"7":{"start":{"line":16,"column":40},"end":{"line":16,"column":55}},"8":{"start":{"line":19,"column":19},"end":{"line":19,"column":32}},"9":{"start":{"line":20,"column":18},"end":{"line":20,"column":30}},"10":{"start":{"line":21,"column":30},"end":{"line":21,"column":47}},"11":{"start":{"line":22,"column":43},"end":{"line":22,"column":58}},"12":{"start":{"line":24,"column":24},"end":{"line":24,"column":47}},"13":{"start":{"line":26,"column":27},"end":{"line":26,"column":55}},"14":{"start":{"line":28,"column":25},"end":{"line":64,"column":3}},"15":{"start":{"line":29,"column":4},"end":{"line":34,"column":5}},"16":{"start":{"line":30,"column":6},"end":{"line":30,"column":30}},"17":{"start":{"line":31,"column":6},"end":{"line":31,"column":31}},"18":{"start":{"line":32,"column":6},"end":{"line":32,"column":34}},"19":{"start":{"line":33,"column":6},"end":{"line":33,"column":73}},"20":{"start":{"line":36,"column":4},"end":{"line":41,"column":5}},"21":{"start":{"line":37,"column":6},"end":{"line":37,"column":32}},"22":{"start":{"line":38,"column":6},"end":{"line":38,"column":31}},"23":{"start":{"line":39,"column":6},"end":{"line":39,"column":63}},"24":{"start":{"line":40,"column":6},"end":{"line":40,"column":73}},"25":{"start":{"line":43,"column":4},"end":{"line":63,"column":5}},"26":{"start":{"line":44,"column":6},"end":{"line":62,"column":7}},"27":{"start":{"line":48,"column":8},"end":{"line":48,"column":34}},"28":{"start":{"line":49,"column":8},"end":{"line":49,"column":65}},"29":{"start":{"line":50,"column":8},"end":{"line":56,"column":9}},"30":{"start":{"line":51,"column":10},"end":{"line":51,"column":42}},"31":{"start":{"line":52,"column":10},"end":{"line":52,"column":76}},"32":{"start":{"line":54,"column":10},"end":{"line":54,"column":26}},"33":{"start":{"line":55,"column":10},"end":{"line":55,"column":29}},"34":{"start":{"line":58,"column":8},"end":{"line":58,"column":39}},"35":{"start":{"line":59,"column":8},"end":{"line":59,"column":73}},"36":{"start":{"line":60,"column":8},"end":{"line":60,"column":24}},"37":{"start":{"line":61,"column":8},"end":{"line":61,"column":27}},"38":{"start":{"line":66,"column":2},"end":{"line":70,"column":26}},"39":{"start":{"line":67,"column":4},"end":{"line":67,"column":38}},"40":{"start":{"line":72,"column":2},"end":{"line":83,"column":22}},"41":{"start":{"line":74,"column":6},"end":{"line":74,"column":74}},"42":{"start":{"line":74,"column":34},"end":{"line":74,"column":62}},"43":{"start":{"line":75,"column":4},"end":{"line":81,"column":5}},"44":{"start":{"line":76,"column":6},"end":{"line":80,"column":7}},"45":{"start":{"line":77,"column":8},"end":{"line":77,"column":58}},"46":{"start":{"line":79,"column":8},"end":{"line":79,"column":48}},"47":{"start":{"line":85,"column":2},"end":{"line":91,"column":41}},"48":{"start":{"line":86,"column":4},"end":{"line":86,"column":36}},"49":{"start":{"line":88,"column":4},"end":{"line":90,"column":5}},"50":{"start":{"line":89,"column":6},"end":{"line":89,"column":36}},"51":{"start":{"line":93,"column":25},"end":{"line":98,"column":3}},"52":{"start":{"line":95,"column":4},"end":{"line":97,"column":5}},"53":{"start":{"line":96,"column":6},"end":{"line":96,"column":25}},"54":{"start":{"line":100,"column":20},"end":{"line":116,"column":3}},"55":{"start":{"line":101,"column":4},"end":{"line":101,"column":27}},"56":{"start":{"line":102,"column":16},"end":{"line":102,"column":84}},"57":{"start":{"line":102,"column":44},"end":{"line":102,"column":72}},"58":{"start":{"line":103,"column":4},"end":{"line":114,"column":5}},"59":{"start":{"line":104,"column":16},"end":{"line":104,"column":26}},"60":{"start":{"line":105,"column":6},"end":{"line":105,"column":38}},"61":{"start":{"line":106,"column":6},"end":{"line":112,"column":12}},"62":{"start":{"line":107,"column":8},"end":{"line":107,"column":76}},"63":{"start":{"line":108,"column":8},"end":{"line":111,"column":11}},"64":{"start":{"line":109,"column":10},"end":{"line":109,"column":29}},"65":{"start":{"line":110,"column":10},"end":{"line":110,"column":21}},"66":{"start":{"line":113,"column":6},"end":{"line":113,"column":13}},"67":{"start":{"line":118,"column":24},"end":{"line":150,"column":3}},"68":{"start":{"line":119,"column":4},"end":{"line":136,"column":5}},"69":{"start":{"line":120,"column":6},"end":{"line":135,"column":8}},"70":{"start":{"line":126,"column":12},"end":{"line":128,"column":13}},"71":{"start":{"line":127,"column":14},"end":{"line":127,"column":21}},"72":{"start":{"line":129,"column":12},"end":{"line":129,"column":47}},"73":{"start":{"line":137,"column":4},"end":{"line":149,"column":6}},"74":{"start":{"line":140,"column":23},"end":{"line":140,"column":48}},"75":{"start":{"line":152,"column":2},"end":{"line":194,"column":4}},"76":{"start":{"line":171,"column":37},"end":{"line":171,"column":63}},"77":{"start":{"line":190,"column":27},"end":{"line":190,"column":46}}},"fnMap":{"0":{"name":"(anonymous_0)","decl":{"start":{"line":9,"column":23},"end":{"line":9,"column":24}},"loc":{"start":{"line":9,"column":34},"end":{"line":195,"column":1}},"line":9},"1":{"name":"(anonymous_1)","decl":{"start":{"line":28,"column":25},"end":{"line":28,"column":26}},"loc":{"start":{"line":28,"column":39},"end":{"line":64,"column":3}},"line":28},"2":{"name":"(anonymous_2)","decl":{"start":{"line":66,"column":12},"end":{"line":66,"column":13}},"loc":{"start":{"line":66,"column":18},"end":{"line":70,"column":3}},"line":66},"3":{"name":"(anonymous_3)","decl":{"start":{"line":72,"column":12},"end":{"line":72,"column":13}},"loc":{"start":{"line":72,"column":18},"end":{"line":83,"column":3}},"line":72},"4":{"name":"(anonymous_4)","decl":{"start":{"line":74,"column":27},"end":{"line":74,"column":28}},"loc":{"start":{"line":74,"column":34},"end":{"line":74,"column":62}},"line":74},"5":{"name":"(anonymous_5)","decl":{"start":{"line":85,"column":12},"end":{"line":85,"column":13}},"loc":{"start":{"line":85,"column":18},"end":{"line":91,"column":3}},"line":85},"6":{"name":"(anonymous_6)","decl":{"start":{"line":89,"column":26},"end":{"line":89,"column":27}},"loc":{"start":{"line":89,"column":32},"end":{"line":89,"column":35}},"line":89},"7":{"name":"(anonymous_7)","decl":{"start":{"line":93,"column":25},"end":{"line":93,"column":26}},"loc":{"start":{"line":93,"column":32},"end":{"line":98,"column":3}},"line":93},"8":{"name":"(anonymous_8)","decl":{"start":{"line":100,"column":20},"end":{"line":100,"column":21}},"loc":{"start":{"line":100,"column":37},"end":{"line":116,"column":3}},"line":100},"9":{"name":"(anonymous_9)","decl":{"start":{"line":102,"column":37},"end":{"line":102,"column":38}},"loc":{"start":{"line":102,"column":44},"end":{"line":102,"column":72}},"line":102},"10":{"name":"(anonymous_10)","decl":{"start":{"line":106,"column":17},"end":{"line":106,"column":18}},"loc":{"start":{"line":106,"column":23},"end":{"line":112,"column":7}},"line":106},"11":{"name":"(anonymous_11)","decl":{"start":{"line":108,"column":23},"end":{"line":108,"column":24}},"loc":{"start":{"line":108,"column":29},"end":{"line":111,"column":9}},"line":108},"12":{"name":"(anonymous_12)","decl":{"start":{"line":118,"column":24},"end":{"line":118,"column":25}},"loc":{"start":{"line":118,"column":30},"end":{"line":150,"column":3}},"line":118},"13":{"name":"(anonymous_13)","decl":{"start":{"line":125,"column":19},"end":{"line":125,"column":20}},"loc":{"start":{"line":125,"column":25},"end":{"line":130,"column":11}},"line":125},"14":{"name":"(anonymous_14)","decl":{"start":{"line":140,"column":17},"end":{"line":140,"column":18}},"loc":{"start":{"line":140,"column":23},"end":{"line":140,"column":48}},"line":140},"15":{"name":"(anonymous_15)","decl":{"start":{"line":171,"column":31},"end":{"line":171,"column":32}},"loc":{"start":{"line":171,"column":37},"end":{"line":171,"column":63}},"line":171},"16":{"name":"(anonymous_16)","decl":{"start":{"line":190,"column":21},"end":{"line":190,"column":22}},"loc":{"start":{"line":190,"column":27},"end":{"line":190,"column":46}},"line":190}},"branchMap":{"0":{"loc":{"start":{"line":24,"column":24},"end":{"line":24,"column":47}},"type":"binary-expr","locations":[{"start":{"line":24,"column":24},"end":{"line":24,"column":41}},{"start":{"line":24,"column":45},"end":{"line":24,"column":47}}],"line":24},"1":{"loc":{"start":{"line":29,"column":4},"end":{"line":34,"column":5}},"type":"if","locations":[{"start":{"line":29,"column":4},"end":{"line":34,"column":5}},{"start":{"line":29,"column":4},"end":{"line":34,"column":5}}],"line":29},"2":{"loc":{"start":{"line":36,"column":4},"end":{"line":41,"column":5}},"type":"if","locations":[{"start":{"line":36,"column":4},"end":{"line":41,"column":5}},{"start":{"line":36,"column":4},"end":{"line":41,"column":5}}],"line":36},"3":{"loc":{"start":{"line":43,"column":4},"end":{"line":63,"column":5}},"type":"if","locations":[{"start":{"line":43,"column":4},"end":{"line":63,"column":5}},{"start":{"line":43,"column":4},"end":{"line":63,"column":5}}],"line":43},"4":{"loc":{"start":{"line":44,"column":6},"end":{"line":62,"column":7}},"type":"if","locations":[{"start":{"line":44,"column":6},"end":{"line":62,"column":7}},{"start":{"line":44,"column":6},"end":{"line":62,"column":7}}],"line":44},"5":{"loc":{"start":{"line":45,"column":8},"end":{"line":46,"column":55}},"type":"binary-expr","locations":[{"start":{"line":45,"column":8},"end":{"line":45,"column":41}},{"start":{"line":46,"column":8},"end":{"line":46,"column":55}}],"line":45},"6":{"loc":{"start":{"line":50,"column":8},"end":{"line":56,"column":9}},"type":"if","locations":[{"start":{"line":50,"column":8},"end":{"line":56,"column":9}},{"start":{"line":50,"column":8},"end":{"line":56,"column":9}}],"line":50},"7":{"loc":{"start":{"line":75,"column":4},"end":{"line":81,"column":5}},"type":"if","locations":[{"start":{"line":75,"column":4},"end":{"line":81,"column":5}},{"start":{"line":75,"column":4},"end":{"line":81,"column":5}}],"line":75},"8":{"loc":{"start":{"line":76,"column":6},"end":{"line":80,"column":7}},"type":"if","locations":[{"start":{"line":76,"column":6},"end":{"line":80,"column":7}},{"start":{"line":76,"column":6},"end":{"line":80,"column":7}}],"line":76},"9":{"loc":{"start":{"line":88,"column":4},"end":{"line":90,"column":5}},"type":"if","locations":[{"start":{"line":88,"column":4},"end":{"line":90,"column":5}},{"start":{"line":88,"column":4},"end":{"line":90,"column":5}}],"line":88},"10":{"loc":{"start":{"line":95,"column":4},"end":{"line":97,"column":5}},"type":"if","locations":[{"start":{"line":95,"column":4},"end":{"line":97,"column":5}},{"start":{"line":95,"column":4},"end":{"line":97,"column":5}}],"line":95},"11":{"loc":{"start":{"line":103,"column":4},"end":{"line":114,"column":5}},"type":"if","locations":[{"start":{"line":103,"column":4},"end":{"line":114,"column":5}},{"start":{"line":103,"column":4},"end":{"line":114,"column":5}}],"line":103},"12":{"loc":{"start":{"line":119,"column":4},"end":{"line":136,"column":5}},"type":"if","locations":[{"start":{"line":119,"column":4},"end":{"line":136,"column":5}},{"start":{"line":119,"column":4},"end":{"line":136,"column":5}}],"line":119},"13":{"loc":{"start":{"line":126,"column":12},"end":{"line":128,"column":13}},"type":"if","locations":[{"start":{"line":126,"column":12},"end":{"line":128,"column":13}},{"start":{"line":126,"column":12},"end":{"line":128,"column":13}}],"line":126},"14":{"loc":{"start":{"line":142,"column":20},"end":{"line":142,"column":62}},"type":"cond-expr","locations":[{"start":{"line":142,"column":32},"end":{"line":142,"column":49}},{"start":{"line":142,"column":52},"end":{"line":142,"column":62}}],"line":142},"15":{"loc":{"start":{"line":173,"column":34},"end":{"line":173,"column":77}},"type":"cond-expr","locations":[{"start":{"line":173,"column":46},"end":{"line":173,"column":63}},{"start":{"line":173,"column":66},"end":{"line":173,"column":77}}],"line":173},"16":{"loc":{"start":{"line":186,"column":7},"end":{"line":192,"column":7}},"type":"binary-expr","locations":[{"start":{"line":186,"column":7},"end":{"line":186,"column":16}},{"start":{"line":187,"column":8},"end":{"line":191,"column":10}}],"line":186}},"s":{"0":7,"1":170,"2":170,"3":170,"4":170,"5":170,"6":170,"7":170,"8":170,"9":170,"10":170,"11":170,"12":170,"13":170,"14":170,"15":35,"16":13,"17":13,"18":13,"19":13,"20":35,"21":1,"22":1,"23":1,"24":1,"25":35,"26":7,"27":3,"28":3,"29":3,"30":2,"31":2,"32":1,"33":1,"34":4,"35":4,"36":4,"37":4,"38":170,"39":35,"40":170,"41":93,"42":13,"43":93,"44":93,"45":0,"46":93,"47":170,"48":96,"49":96,"50":0,"51":170,"52":0,"53":0,"54":170,"55":0,"56":0,"57":0,"58":0,"59":0,"60":0,"61":0,"62":0,"63":0,"64":0,"65":0,"66":0,"67":170,"68":170,"69":113,"70":0,"71":0,"72":0,"73":57,"74":0,"75":170,"76":3,"77":0},"f":{"0":170,"1":35,"2":35,"3":93,"4":13,"5":96,"6":0,"7":0,"8":0,"9":0,"10":0,"11":0,"12":170,"13":0,"14":0,"15":3,"16":0},"b":{"0":[170,80],"1":[13,22],"2":[1,34],"3":[7,28],"4":[3,4],"5":[7,7],"6":[2,1],"7":[93,0],"8":[0,93],"9":[0,96],"10":[0,0],"11":[0,0],"12":[113,57],"13":[0,0],"14":[0,57],"15":[0,170],"16":[170,0]},"_coverageSchema":"43e27e138ebf9cfc5966b082cf9a028302ed4184","hash":"77328fbd3de7c17885ff988b84817f9d56ea9917"}
,"C:\\Work\\Rainmaker2\\Rainmaker2\\src\\Presentation\\document-upload\\src\\components\\Home\\Activity\\Activity.tsx": {"path":"C:\\Work\\Rainmaker2\\Rainmaker2\\src\\Presentation\\document-upload\\src\\components\\Home\\Activity\\Activity.tsx","statementMap":{"0":{"start":{"line":12,"column":8},"end":{"line":26,"column":10}}},"fnMap":{"0":{"name":"(anonymous_0)","decl":{"start":{"line":11,"column":4},"end":{"line":11,"column":5}},"loc":{"start":{"line":11,"column":13},"end":{"line":27,"column":5}},"line":11}},"branchMap":{},"s":{"0":26},"f":{"0":26},"b":{},"_coverageSchema":"43e27e138ebf9cfc5966b082cf9a028302ed4184","hash":"b1886692b5e49f0bb136fe948371e96067d9abd6"}
,"C:\\Work\\Rainmaker2\\Rainmaker2\\src\\Presentation\\document-upload\\src\\components\\Home\\Activity\\ContactUs\\ContactUs.tsx": {"path":"C:\\Work\\Rainmaker2\\Rainmaker2\\src\\Presentation\\document-upload\\src\\components\\Home\\Activity\\ContactUs\\ContactUs.tsx","statementMap":{"0":{"start":{"line":10,"column":25},"end":{"line":132,"column":1}},"1":{"start":{"line":11,"column":40},"end":{"line":11,"column":66}},"2":{"start":{"line":12,"column":30},"end":{"line":12,"column":47}},"3":{"start":{"line":14,"column":20},"end":{"line":14,"column":30}},"4":{"start":{"line":15,"column":13},"end":{"line":15,"column":29}},"5":{"start":{"line":16,"column":18},"end":{"line":16,"column":30}},"6":{"start":{"line":18,"column":2},"end":{"line":26,"column":11}},"7":{"start":{"line":19,"column":4},"end":{"line":21,"column":5}},"8":{"start":{"line":20,"column":6},"end":{"line":20,"column":25}},"9":{"start":{"line":23,"column":4},"end":{"line":25,"column":5}},"10":{"start":{"line":24,"column":6},"end":{"line":24,"column":56}},"11":{"start":{"line":28,"column":27},"end":{"line":47,"column":3}},"12":{"start":{"line":29,"column":28},"end":{"line":29,"column":54}},"13":{"start":{"line":32,"column":20},"end":{"line":34,"column":5}},"14":{"start":{"line":35,"column":4},"end":{"line":46,"column":5}},"15":{"start":{"line":36,"column":21},"end":{"line":39,"column":7}},"16":{"start":{"line":40,"column":6},"end":{"line":43,"column":9}},"17":{"start":{"line":44,"column":6},"end":{"line":44,"column":73}},"18":{"start":{"line":49,"column":2},"end":{"line":51,"column":3}},"19":{"start":{"line":50,"column":4},"end":{"line":50,"column":48}},"20":{"start":{"line":52,"column":24},"end":{"line":54,"column":3}},"21":{"start":{"line":53,"column":4},"end":{"line":53,"column":58}},"22":{"start":{"line":56,"column":2},"end":{"line":131,"column":4}}},"fnMap":{"0":{"name":"(anonymous_0)","decl":{"start":{"line":10,"column":25},"end":{"line":10,"column":26}},"loc":{"start":{"line":10,"column":31},"end":{"line":132,"column":1}},"line":10},"1":{"name":"(anonymous_1)","decl":{"start":{"line":18,"column":12},"end":{"line":18,"column":13}},"loc":{"start":{"line":18,"column":18},"end":{"line":26,"column":3}},"line":18},"2":{"name":"(anonymous_2)","decl":{"start":{"line":28,"column":27},"end":{"line":28,"column":28}},"loc":{"start":{"line":28,"column":39},"end":{"line":47,"column":3}},"line":28},"3":{"name":"(anonymous_3)","decl":{"start":{"line":52,"column":24},"end":{"line":52,"column":25}},"loc":{"start":{"line":53,"column":4},"end":{"line":53,"column":58}},"line":53}},"branchMap":{"0":{"loc":{"start":{"line":19,"column":4},"end":{"line":21,"column":5}},"type":"if","locations":[{"start":{"line":19,"column":4},"end":{"line":21,"column":5}},{"start":{"line":19,"column":4},"end":{"line":21,"column":5}}],"line":19},"1":{"loc":{"start":{"line":23,"column":4},"end":{"line":25,"column":5}},"type":"if","locations":[{"start":{"line":23,"column":4},"end":{"line":25,"column":5}},{"start":{"line":23,"column":4},"end":{"line":25,"column":5}}],"line":23},"2":{"loc":{"start":{"line":35,"column":4},"end":{"line":46,"column":5}},"type":"if","locations":[{"start":{"line":35,"column":4},"end":{"line":46,"column":5}},{"start":{"line":35,"column":4},"end":{"line":46,"column":5}}],"line":35},"3":{"loc":{"start":{"line":49,"column":2},"end":{"line":51,"column":3}},"type":"if","locations":[{"start":{"line":49,"column":2},"end":{"line":51,"column":3}},{"start":{"line":49,"column":2},"end":{"line":51,"column":3}}],"line":49},"4":{"loc":{"start":{"line":81,"column":19},"end":{"line":85,"column":19}},"type":"binary-expr","locations":[{"start":{"line":81,"column":19},"end":{"line":81,"column":35}},{"start":{"line":82,"column":20},"end":{"line":84,"column":27}}],"line":81}},"s":{"0":7,"1":117,"2":117,"3":117,"4":117,"5":117,"6":117,"7":26,"8":13,"9":26,"10":13,"11":117,"12":13,"13":13,"14":13,"15":13,"16":13,"17":13,"18":117,"19":104,"20":13,"21":13,"22":13},"f":{"0":117,"1":26,"2":13,"3":13},"b":{"0":[13,13],"1":[13,13],"2":[13,0],"3":[104,13],"4":[13,13]},"_coverageSchema":"43e27e138ebf9cfc5966b082cf9a028302ed4184","hash":"e429476acc617193fed189a0ae3e32bb75d06bab"}
,"C:\\Work\\Rainmaker2\\Rainmaker2\\src\\Presentation\\document-upload\\src\\components\\Home\\Activity\\DocumentsStatus\\DocumentsStatus.tsx": {"path":"C:\\Work\\Rainmaker2\\Rainmaker2\\src\\Presentation\\document-upload\\src\\components\\Home\\Activity\\DocumentsStatus\\DocumentsStatus.tsx","statementMap":{"0":{"start":{"line":12,"column":31},"end":{"line":155,"column":1}},"1":{"start":{"line":13,"column":30},"end":{"line":13,"column":47}},"2":{"start":{"line":15,"column":18},"end":{"line":15,"column":30}},"3":{"start":{"line":17,"column":46},"end":{"line":17,"column":61}},"4":{"start":{"line":19,"column":2},"end":{"line":27,"column":9}},"5":{"start":{"line":20,"column":4},"end":{"line":22,"column":5}},"6":{"start":{"line":21,"column":6},"end":{"line":21,"column":25}},"7":{"start":{"line":24,"column":4},"end":{"line":26,"column":5}},"8":{"start":{"line":25,"column":6},"end":{"line":25,"column":27}},"9":{"start":{"line":29,"column":21},"end":{"line":32,"column":3}},"10":{"start":{"line":30,"column":28},"end":{"line":30,"column":54}},"11":{"start":{"line":31,"column":4},"end":{"line":31,"column":59}},"12":{"start":{"line":34,"column":27},"end":{"line":49,"column":3}},"13":{"start":{"line":35,"column":22},"end":{"line":37,"column":5}},"14":{"start":{"line":38,"column":4},"end":{"line":48,"column":5}},"15":{"start":{"line":39,"column":6},"end":{"line":42,"column":9}},"16":{"start":{"line":43,"column":6},"end":{"line":46,"column":9}},"17":{"start":{"line":51,"column":29},"end":{"line":61,"column":3}},"18":{"start":{"line":52,"column":24},"end":{"line":54,"column":5}},"19":{"start":{"line":55,"column":4},"end":{"line":60,"column":5}},"20":{"start":{"line":56,"column":6},"end":{"line":59,"column":9}},"21":{"start":{"line":63,"column":30},"end":{"line":83,"column":3}},"22":{"start":{"line":64,"column":4},"end":{"line":82,"column":6}},"23":{"start":{"line":85,"column":30},"end":{"line":109,"column":3}},"24":{"start":{"line":86,"column":4},"end":{"line":108,"column":6}},"25":{"start":{"line":111,"column":2},"end":{"line":113,"column":3}},"26":{"start":{"line":112,"column":4},"end":{"line":112,"column":48}},"27":{"start":{"line":115,"column":2},"end":{"line":117,"column":3}},"28":{"start":{"line":116,"column":4},"end":{"line":116,"column":33}},"29":{"start":{"line":119,"column":2},"end":{"line":121,"column":3}},"30":{"start":{"line":120,"column":4},"end":{"line":120,"column":33}},"31":{"start":{"line":122,"column":2},"end":{"line":154,"column":4}},"32":{"start":{"line":136,"column":14},"end":{"line":142,"column":18}},"33":{"start":{"line":137,"column":16},"end":{"line":142,"column":18}}},"fnMap":{"0":{"name":"(anonymous_0)","decl":{"start":{"line":12,"column":31},"end":{"line":12,"column":32}},"loc":{"start":{"line":12,"column":37},"end":{"line":155,"column":1}},"line":12},"1":{"name":"(anonymous_1)","decl":{"start":{"line":19,"column":12},"end":{"line":19,"column":13}},"loc":{"start":{"line":19,"column":18},"end":{"line":27,"column":3}},"line":19},"2":{"name":"(anonymous_2)","decl":{"start":{"line":29,"column":21},"end":{"line":29,"column":22}},"loc":{"start":{"line":29,"column":27},"end":{"line":32,"column":3}},"line":29},"3":{"name":"(anonymous_3)","decl":{"start":{"line":34,"column":27},"end":{"line":34,"column":28}},"loc":{"start":{"line":34,"column":39},"end":{"line":49,"column":3}},"line":34},"4":{"name":"(anonymous_4)","decl":{"start":{"line":51,"column":29},"end":{"line":51,"column":30}},"loc":{"start":{"line":51,"column":41},"end":{"line":61,"column":3}},"line":51},"5":{"name":"(anonymous_5)","decl":{"start":{"line":63,"column":30},"end":{"line":63,"column":31}},"loc":{"start":{"line":63,"column":36},"end":{"line":83,"column":3}},"line":63},"6":{"name":"(anonymous_6)","decl":{"start":{"line":85,"column":30},"end":{"line":85,"column":31}},"loc":{"start":{"line":85,"column":36},"end":{"line":109,"column":3}},"line":85},"7":{"name":"(anonymous_7)","decl":{"start":{"line":135,"column":29},"end":{"line":135,"column":30}},"loc":{"start":{"line":135,"column":56},"end":{"line":143,"column":13}},"line":135}},"branchMap":{"0":{"loc":{"start":{"line":20,"column":4},"end":{"line":22,"column":5}},"type":"if","locations":[{"start":{"line":20,"column":4},"end":{"line":22,"column":5}},{"start":{"line":20,"column":4},"end":{"line":22,"column":5}}],"line":20},"1":{"loc":{"start":{"line":24,"column":4},"end":{"line":26,"column":5}},"type":"if","locations":[{"start":{"line":24,"column":4},"end":{"line":26,"column":5}},{"start":{"line":24,"column":4},"end":{"line":26,"column":5}}],"line":24},"2":{"loc":{"start":{"line":38,"column":4},"end":{"line":48,"column":5}},"type":"if","locations":[{"start":{"line":38,"column":4},"end":{"line":48,"column":5}},{"start":{"line":38,"column":4},"end":{"line":48,"column":5}}],"line":38},"3":{"loc":{"start":{"line":55,"column":4},"end":{"line":60,"column":5}},"type":"if","locations":[{"start":{"line":55,"column":4},"end":{"line":60,"column":5}},{"start":{"line":55,"column":4},"end":{"line":60,"column":5}}],"line":55},"4":{"loc":{"start":{"line":111,"column":2},"end":{"line":113,"column":3}},"type":"if","locations":[{"start":{"line":111,"column":2},"end":{"line":113,"column":3}},{"start":{"line":111,"column":2},"end":{"line":113,"column":3}}],"line":111},"5":{"loc":{"start":{"line":115,"column":2},"end":{"line":117,"column":3}},"type":"if","locations":[{"start":{"line":115,"column":2},"end":{"line":117,"column":3}},{"start":{"line":115,"column":2},"end":{"line":117,"column":3}}],"line":115},"6":{"loc":{"start":{"line":115,"column":6},"end":{"line":115,"column":51}},"type":"binary-expr","locations":[{"start":{"line":115,"column":6},"end":{"line":115,"column":27}},{"start":{"line":115,"column":31},"end":{"line":115,"column":51}}],"line":115},"7":{"loc":{"start":{"line":119,"column":2},"end":{"line":121,"column":3}},"type":"if","locations":[{"start":{"line":119,"column":2},"end":{"line":121,"column":3}},{"start":{"line":119,"column":2},"end":{"line":121,"column":3}}],"line":119},"8":{"loc":{"start":{"line":130,"column":13},"end":{"line":130,"column":52}},"type":"cond-expr","locations":[{"start":{"line":130,"column":38},"end":{"line":130,"column":44}},{"start":{"line":130,"column":45},"end":{"line":130,"column":52}}],"line":130},"9":{"loc":{"start":{"line":136,"column":14},"end":{"line":142,"column":18}},"type":"if","locations":[{"start":{"line":136,"column":14},"end":{"line":142,"column":18}},{"start":{"line":136,"column":14},"end":{"line":142,"column":18}}],"line":136}},"s":{"0":7,"1":117,"2":117,"3":117,"4":117,"5":13,"6":13,"7":13,"8":13,"9":117,"10":1,"11":1,"12":117,"13":13,"14":13,"15":13,"16":13,"17":117,"18":13,"19":13,"20":13,"21":117,"22":0,"23":117,"24":0,"25":117,"26":20,"27":97,"28":0,"29":97,"30":0,"31":97,"32":291,"33":291},"f":{"0":117,"1":13,"2":1,"3":13,"4":13,"5":0,"6":0,"7":291},"b":{"0":[13,0],"1":[13,0],"2":[13,0],"3":[13,0],"4":[20,97],"5":[0,97],"6":[97,71],"7":[0,97],"8":[0,97],"9":[291,0]},"_coverageSchema":"43e27e138ebf9cfc5966b082cf9a028302ed4184","hash":"72ca742297222a4ad0bd579fa1c1cade1d2ea2bb"}
,"C:\\Work\\Rainmaker2\\Rainmaker2\\src\\Presentation\\document-upload\\src\\components\\Home\\Activity\\LoanProgress\\LoanProgress.tsx": {"path":"C:\\Work\\Rainmaker2\\Rainmaker2\\src\\Presentation\\document-upload\\src\\components\\Home\\Activity\\LoanProgress\\LoanProgress.tsx","statementMap":{"0":{"start":{"line":16,"column":28},"end":{"line":189,"column":1}},"1":{"start":{"line":17,"column":28},"end":{"line":17,"column":39}},"2":{"start":{"line":19,"column":28},"end":{"line":19,"column":45}},"3":{"start":{"line":20,"column":19},"end":{"line":20,"column":24}},"4":{"start":{"line":21,"column":27},"end":{"line":21,"column":65}},"5":{"start":{"line":22,"column":40},"end":{"line":22,"column":69}},"6":{"start":{"line":24,"column":29},"end":{"line":45,"column":3}},"7":{"start":{"line":47,"column":28},"end":{"line":59,"column":3}},"8":{"start":{"line":48,"column":24},"end":{"line":48,"column":50}},"9":{"start":{"line":50,"column":44},"end":{"line":52,"column":5}},"10":{"start":{"line":54,"column":4},"end":{"line":58,"column":5}},"11":{"start":{"line":55,"column":6},"end":{"line":55,"column":67}},"12":{"start":{"line":56,"column":28},"end":{"line":56,"column":74}},"13":{"start":{"line":56,"column":58},"end":{"line":56,"column":73}},"14":{"start":{"line":57,"column":6},"end":{"line":57,"column":39}},"15":{"start":{"line":57,"column":27},"end":{"line":57,"column":37}},"16":{"start":{"line":61,"column":2},"end":{"line":65,"column":20}},"17":{"start":{"line":62,"column":4},"end":{"line":62,"column":35}},"18":{"start":{"line":62,"column":29},"end":{"line":62,"column":35}},"19":{"start":{"line":64,"column":6},"end":{"line":64,"column":26}},"20":{"start":{"line":67,"column":2},"end":{"line":77,"column":34}},"21":{"start":{"line":68,"column":4},"end":{"line":68,"column":45}},"22":{"start":{"line":68,"column":39},"end":{"line":68,"column":45}},"23":{"start":{"line":70,"column":26},"end":{"line":70,"column":72}},"24":{"start":{"line":70,"column":56},"end":{"line":70,"column":71}},"25":{"start":{"line":72,"column":4},"end":{"line":72,"column":37}},"26":{"start":{"line":72,"column":25},"end":{"line":72,"column":35}},"27":{"start":{"line":73,"column":4},"end":{"line":76,"column":5}},"28":{"start":{"line":74,"column":14},"end":{"line":74,"column":34}},"29":{"start":{"line":75,"column":6},"end":{"line":75,"column":18}},"30":{"start":{"line":80,"column":4},"end":{"line":80,"column":28}},"31":{"start":{"line":83,"column":25},"end":{"line":105,"column":3}},"32":{"start":{"line":84,"column":4},"end":{"line":104,"column":6}},"33":{"start":{"line":107,"column":30},"end":{"line":124,"column":3}},"34":{"start":{"line":108,"column":4},"end":{"line":123,"column":7}},"35":{"start":{"line":109,"column":6},"end":{"line":122,"column":8}},"36":{"start":{"line":126,"column":29},"end":{"line":160,"column":3}},"37":{"start":{"line":127,"column":20},"end":{"line":127,"column":45}},"38":{"start":{"line":128,"column":13},"end":{"line":128,"column":18}},"39":{"start":{"line":129,"column":4},"end":{"line":159,"column":7}},"40":{"start":{"line":130,"column":20},"end":{"line":130,"column":36}},"41":{"start":{"line":131,"column":6},"end":{"line":136,"column":29}},"42":{"start":{"line":137,"column":17},"end":{"line":137,"column":22}},"43":{"start":{"line":138,"column":24},"end":{"line":138,"column":49}},"44":{"start":{"line":139,"column":6},"end":{"line":158,"column":8}},"45":{"start":{"line":145,"column":54},"end":{"line":145,"column":72}},"46":{"start":{"line":162,"column":2},"end":{"line":164,"column":3}},"47":{"start":{"line":163,"column":4},"end":{"line":163,"column":70}},"48":{"start":{"line":166,"column":2},"end":{"line":188,"column":4}}},"fnMap":{"0":{"name":"(anonymous_0)","decl":{"start":{"line":16,"column":28},"end":{"line":16,"column":29}},"loc":{"start":{"line":16,"column":34},"end":{"line":189,"column":1}},"line":16},"1":{"name":"(anonymous_1)","decl":{"start":{"line":47,"column":28},"end":{"line":47,"column":29}},"loc":{"start":{"line":47,"column":40},"end":{"line":59,"column":3}},"line":47},"2":{"name":"(anonymous_2)","decl":{"start":{"line":56,"column":46},"end":{"line":56,"column":47}},"loc":{"start":{"line":56,"column":58},"end":{"line":56,"column":73}},"line":56},"3":{"name":"(anonymous_3)","decl":{"start":{"line":57,"column":21},"end":{"line":57,"column":22}},"loc":{"start":{"line":57,"column":27},"end":{"line":57,"column":37}},"line":57},"4":{"name":"(anonymous_4)","decl":{"start":{"line":61,"column":12},"end":{"line":61,"column":13}},"loc":{"start":{"line":61,"column":18},"end":{"line":65,"column":3}},"line":61},"5":{"name":"(anonymous_5)","decl":{"start":{"line":67,"column":12},"end":{"line":67,"column":13}},"loc":{"start":{"line":67,"column":18},"end":{"line":77,"column":3}},"line":67},"6":{"name":"(anonymous_6)","decl":{"start":{"line":70,"column":44},"end":{"line":70,"column":45}},"loc":{"start":{"line":70,"column":56},"end":{"line":70,"column":71}},"line":70},"7":{"name":"(anonymous_7)","decl":{"start":{"line":72,"column":19},"end":{"line":72,"column":20}},"loc":{"start":{"line":72,"column":25},"end":{"line":72,"column":35}},"line":72},"8":{"name":"handleSelect","decl":{"start":{"line":79,"column":11},"end":{"line":79,"column":23}},"loc":{"start":{"line":79,"column":52},"end":{"line":81,"column":3}},"line":79},"9":{"name":"(anonymous_9)","decl":{"start":{"line":83,"column":25},"end":{"line":83,"column":26}},"loc":{"start":{"line":83,"column":31},"end":{"line":105,"column":3}},"line":83},"10":{"name":"(anonymous_10)","decl":{"start":{"line":107,"column":30},"end":{"line":107,"column":31}},"loc":{"start":{"line":107,"column":36},"end":{"line":124,"column":3}},"line":107},"11":{"name":"(anonymous_11)","decl":{"start":{"line":108,"column":29},"end":{"line":108,"column":30}},"loc":{"start":{"line":108,"column":52},"end":{"line":123,"column":5}},"line":108},"12":{"name":"(anonymous_12)","decl":{"start":{"line":126,"column":29},"end":{"line":126,"column":30}},"loc":{"start":{"line":126,"column":35},"end":{"line":160,"column":3}},"line":126},"13":{"name":"(anonymous_13)","decl":{"start":{"line":129,"column":29},"end":{"line":129,"column":30}},"loc":{"start":{"line":129,"column":52},"end":{"line":159,"column":5}},"line":129},"14":{"name":"(anonymous_14)","decl":{"start":{"line":145,"column":47},"end":{"line":145,"column":48}},"loc":{"start":{"line":145,"column":54},"end":{"line":145,"column":72}},"line":145}},"branchMap":{"0":{"loc":{"start":{"line":51,"column":6},"end":{"line":51,"column":41}},"type":"cond-expr","locations":[{"start":{"line":51,"column":22},"end":{"line":51,"column":35}},{"start":{"line":51,"column":38},"end":{"line":51,"column":41}}],"line":51},"1":{"loc":{"start":{"line":54,"column":4},"end":{"line":58,"column":5}},"type":"if","locations":[{"start":{"line":54,"column":4},"end":{"line":58,"column":5}},{"start":{"line":54,"column":4},"end":{"line":58,"column":5}}],"line":54},"2":{"loc":{"start":{"line":62,"column":4},"end":{"line":62,"column":35}},"type":"if","locations":[{"start":{"line":62,"column":4},"end":{"line":62,"column":35}},{"start":{"line":62,"column":4},"end":{"line":62,"column":35}}],"line":62},"3":{"loc":{"start":{"line":68,"column":4},"end":{"line":68,"column":45}},"type":"if","locations":[{"start":{"line":68,"column":4},"end":{"line":68,"column":45}},{"start":{"line":68,"column":4},"end":{"line":68,"column":45}}],"line":68},"4":{"loc":{"start":{"line":68,"column":7},"end":{"line":68,"column":37}},"type":"binary-expr","locations":[{"start":{"line":68,"column":7},"end":{"line":68,"column":20}},{"start":{"line":68,"column":24},"end":{"line":68,"column":37}}],"line":68},"5":{"loc":{"start":{"line":73,"column":4},"end":{"line":76,"column":5}},"type":"if","locations":[{"start":{"line":73,"column":4},"end":{"line":76,"column":5}},{"start":{"line":73,"column":4},"end":{"line":76,"column":5}}],"line":73},"6":{"loc":{"start":{"line":127,"column":20},"end":{"line":127,"column":45}},"type":"binary-expr","locations":[{"start":{"line":127,"column":20},"end":{"line":127,"column":40}},{"start":{"line":127,"column":44},"end":{"line":127,"column":45}}],"line":127},"7":{"loc":{"start":{"line":132,"column":8},"end":{"line":136,"column":28}},"type":"cond-expr","locations":[{"start":{"line":133,"column":12},"end":{"line":133,"column":27}},{"start":{"line":134,"column":12},"end":{"line":136,"column":28}}],"line":132},"8":{"loc":{"start":{"line":134,"column":12},"end":{"line":136,"column":28}},"type":"cond-expr","locations":[{"start":{"line":135,"column":12},"end":{"line":135,"column":27}},{"start":{"line":136,"column":12},"end":{"line":136,"column":28}}],"line":134},"9":{"loc":{"start":{"line":138,"column":24},"end":{"line":138,"column":49}},"type":"cond-expr","locations":[{"start":{"line":138,"column":35},"end":{"line":138,"column":44}},{"start":{"line":138,"column":47},"end":{"line":138,"column":49}}],"line":138},"10":{"loc":{"start":{"line":146,"column":13},"end":{"line":155,"column":13}},"type":"cond-expr","locations":[{"start":{"line":147,"column":14},"end":{"line":147,"column":48}},{"start":{"line":148,"column":16},"end":{"line":155,"column":13}}],"line":146},"11":{"loc":{"start":{"line":146,"column":13},"end":{"line":146,"column":67}},"type":"binary-expr","locations":[{"start":{"line":146,"column":13},"end":{"line":146,"column":31}},{"start":{"line":146,"column":35},"end":{"line":146,"column":67}}],"line":146},"12":{"loc":{"start":{"line":148,"column":16},"end":{"line":155,"column":13}},"type":"cond-expr","locations":[{"start":{"line":149,"column":14},"end":{"line":149,"column":49}},{"start":{"line":150,"column":16},"end":{"line":155,"column":13}}],"line":148},"13":{"loc":{"start":{"line":150,"column":16},"end":{"line":155,"column":13}},"type":"cond-expr","locations":[{"start":{"line":152,"column":14},"end":{"line":152,"column":49}},{"start":{"line":154,"column":14},"end":{"line":154,"column":33}}],"line":150},"14":{"loc":{"start":{"line":162,"column":2},"end":{"line":164,"column":3}},"type":"if","locations":[{"start":{"line":162,"column":2},"end":{"line":164,"column":3}},{"start":{"line":162,"column":2},"end":{"line":164,"column":3}}],"line":162},"15":{"loc":{"start":{"line":174,"column":12},"end":{"line":178,"column":25}},"type":"cond-expr","locations":[{"start":{"line":175,"column":16},"end":{"line":175,"column":39}},{"start":{"line":176,"column":16},"end":{"line":178,"column":25}}],"line":174},"16":{"loc":{"start":{"line":176,"column":16},"end":{"line":178,"column":25}},"type":"cond-expr","locations":[{"start":{"line":177,"column":16},"end":{"line":177,"column":39}},{"start":{"line":178,"column":16},"end":{"line":178,"column":25}}],"line":176}},"s":{"0":7,"1":133,"2":133,"3":133,"4":133,"5":133,"6":133,"7":133,"8":13,"9":13,"10":13,"11":13,"12":13,"13":39,"14":13,"15":13,"16":133,"17":26,"18":13,"19":13,"20":133,"21":39,"22":26,"23":13,"24":39,"25":13,"26":13,"27":13,"28":13,"29":13,"30":3,"31":133,"32":42,"33":133,"34":42,"35":126,"36":133,"37":42,"38":42,"39":42,"40":126,"41":126,"42":126,"43":126,"44":126,"45":3,"46":133,"47":91,"48":42},"f":{"0":133,"1":13,"2":39,"3":13,"4":26,"5":39,"6":39,"7":13,"8":3,"9":42,"10":42,"11":126,"12":42,"13":126,"14":3},"b":{"0":[13,0],"1":[13,0],"2":[13,13],"3":[26,13],"4":[39,26],"5":[13,0],"6":[42,0],"7":[42,84],"8":[0,84],"9":[42,84],"10":[0,126],"11":[126,42],"12":[84,42],"13":[42,0],"14":[91,42],"15":[40,2],"16":[0,2]},"_coverageSchema":"43e27e138ebf9cfc5966b082cf9a028302ed4184","hash":"9f9049be60dfe76ccd5135968c493ba288d5f3ff"}
,"C:\\Work\\Rainmaker2\\Rainmaker2\\src\\Presentation\\document-upload\\src\\components\\Home\\Activity\\LoanStatus\\LoanStatus.tsx": {"path":"C:\\Work\\Rainmaker2\\Rainmaker2\\src\\Presentation\\document-upload\\src\\components\\Home\\Activity\\LoanStatus\\LoanStatus.tsx","statementMap":{"0":{"start":{"line":15,"column":26},"end":{"line":126,"column":1}},"1":{"start":{"line":17,"column":36},"end":{"line":17,"column":63}},"2":{"start":{"line":18,"column":32},"end":{"line":18,"column":49}},"3":{"start":{"line":20,"column":22},"end":{"line":20,"column":32}},"4":{"start":{"line":21,"column":15},"end":{"line":21,"column":28}},"5":{"start":{"line":22,"column":4},"end":{"line":30,"column":14}},"6":{"start":{"line":23,"column":8},"end":{"line":25,"column":9}},"7":{"start":{"line":24,"column":12},"end":{"line":24,"column":30}},"8":{"start":{"line":27,"column":8},"end":{"line":29,"column":9}},"9":{"start":{"line":28,"column":12},"end":{"line":28,"column":62}},"10":{"start":{"line":32,"column":28},"end":{"line":38,"column":5}},"11":{"start":{"line":33,"column":55},"end":{"line":33,"column":119}},"12":{"start":{"line":34,"column":8},"end":{"line":37,"column":9}},"13":{"start":{"line":35,"column":12},"end":{"line":35,"column":84}},"14":{"start":{"line":40,"column":4},"end":{"line":42,"column":5}},"15":{"start":{"line":41,"column":8},"end":{"line":41,"column":50}},"16":{"start":{"line":44,"column":29},"end":{"line":46,"column":5}},"17":{"start":{"line":45,"column":8},"end":{"line":45,"column":110}},"18":{"start":{"line":48,"column":4},"end":{"line":125,"column":5}}},"fnMap":{"0":{"name":"(anonymous_0)","decl":{"start":{"line":15,"column":26},"end":{"line":15,"column":27}},"loc":{"start":{"line":15,"column":32},"end":{"line":126,"column":1}},"line":15},"1":{"name":"(anonymous_1)","decl":{"start":{"line":22,"column":14},"end":{"line":22,"column":15}},"loc":{"start":{"line":22,"column":20},"end":{"line":30,"column":5}},"line":22},"2":{"name":"(anonymous_2)","decl":{"start":{"line":32,"column":28},"end":{"line":32,"column":29}},"loc":{"start":{"line":32,"column":40},"end":{"line":38,"column":5}},"line":32},"3":{"name":"(anonymous_3)","decl":{"start":{"line":44,"column":29},"end":{"line":44,"column":30}},"loc":{"start":{"line":44,"column":35},"end":{"line":46,"column":5}},"line":44}},"branchMap":{"0":{"loc":{"start":{"line":23,"column":8},"end":{"line":25,"column":9}},"type":"if","locations":[{"start":{"line":23,"column":8},"end":{"line":25,"column":9}},{"start":{"line":23,"column":8},"end":{"line":25,"column":9}}],"line":23},"1":{"loc":{"start":{"line":27,"column":8},"end":{"line":29,"column":9}},"type":"if","locations":[{"start":{"line":27,"column":8},"end":{"line":29,"column":9}},{"start":{"line":27,"column":8},"end":{"line":29,"column":9}}],"line":27},"2":{"loc":{"start":{"line":34,"column":8},"end":{"line":37,"column":9}},"type":"if","locations":[{"start":{"line":34,"column":8},"end":{"line":37,"column":9}},{"start":{"line":34,"column":8},"end":{"line":37,"column":9}}],"line":34},"3":{"loc":{"start":{"line":40,"column":4},"end":{"line":42,"column":5}},"type":"if","locations":[{"start":{"line":40,"column":4},"end":{"line":42,"column":5}},{"start":{"line":40,"column":4},"end":{"line":42,"column":5}}],"line":40},"4":{"loc":{"start":{"line":45,"column":18},"end":{"line":45,"column":46}},"type":"binary-expr","locations":[{"start":{"line":45,"column":18},"end":{"line":45,"column":40}},{"start":{"line":45,"column":44},"end":{"line":45,"column":46}}],"line":45},"5":{"loc":{"start":{"line":45,"column":53},"end":{"line":45,"column":107}},"type":"cond-expr","locations":[{"start":{"line":45,"column":75},"end":{"line":45,"column":102}},{"start":{"line":45,"column":105},"end":{"line":45,"column":107}}],"line":45},"6":{"loc":{"start":{"line":106,"column":41},"end":{"line":112,"column":48}},"type":"binary-expr","locations":[{"start":{"line":106,"column":41},"end":{"line":106,"column":56}},{"start":{"line":107,"column":44},"end":{"line":112,"column":48}}],"line":106}},"s":{"0":7,"1":175,"2":175,"3":175,"4":175,"5":175,"6":36,"7":18,"8":36,"9":18,"10":175,"11":18,"12":18,"13":18,"14":175,"15":123,"16":52,"17":104,"18":52},"f":{"0":175,"1":36,"2":18,"3":104},"b":{"0":[18,18],"1":[18,18],"2":[18,0],"3":[123,52],"4":[104,0],"5":[104,0],"6":[52,52]},"_coverageSchema":"43e27e138ebf9cfc5966b082cf9a028302ed4184","hash":"f09a38e040b4cfbf9a6016c7846bec7ad9461b68"}
,"C:\\Work\\Rainmaker2\\Rainmaker2\\src\\Presentation\\document-upload\\src\\components\\Home\\DocumentRequest\\DocumentRequest.tsx": {"path":"C:\\Work\\Rainmaker2\\Rainmaker2\\src\\Presentation\\document-upload\\src\\components\\Home\\DocumentRequest\\DocumentRequest.tsx","statementMap":{"0":{"start":{"line":7,"column":31},"end":{"line":41,"column":1}},"1":{"start":{"line":8,"column":32},"end":{"line":8,"column":49}},"2":{"start":{"line":9,"column":45},"end":{"line":9,"column":60}},"3":{"start":{"line":10,"column":27},"end":{"line":10,"column":63}},"4":{"start":{"line":12,"column":4},"end":{"line":40,"column":5}}},"fnMap":{"0":{"name":"(anonymous_0)","decl":{"start":{"line":7,"column":31},"end":{"line":7,"column":32}},"loc":{"start":{"line":7,"column":37},"end":{"line":41,"column":1}},"line":7}},"branchMap":{"0":{"loc":{"start":{"line":10,"column":27},"end":{"line":10,"column":63}},"type":"cond-expr","locations":[{"start":{"line":10,"column":41},"end":{"line":10,"column":59}},{"start":{"line":10,"column":62},"end":{"line":10,"column":63}}],"line":10},"1":{"loc":{"start":{"line":19,"column":29},"end":{"line":19,"column":186}},"type":"cond-expr","locations":[{"start":{"line":19,"column":48},"end":{"line":19,"column":181}},{"start":{"line":19,"column":184},"end":{"line":19,"column":186}}],"line":19},"2":{"loc":{"start":{"line":19,"column":127},"end":{"line":19,"column":164}},"type":"cond-expr","locations":[{"start":{"line":19,"column":150},"end":{"line":19,"column":156}},{"start":{"line":19,"column":157},"end":{"line":19,"column":164}}],"line":19}},"s":{"0":7,"1":2,"2":2,"3":2,"4":2},"f":{"0":2},"b":{"0":[2,0],"1":[2,0],"2":[0,2]},"_coverageSchema":"43e27e138ebf9cfc5966b082cf9a028302ed4184","hash":"038c920bc0cd5e5c66f87299373a565a2e29596e"}
,"C:\\Work\\Rainmaker2\\Rainmaker2\\src\\Presentation\\document-upload\\src\\components\\Home\\DocumentRequest\\DocumentUpload\\DocumentUpload.tsx": {"path":"C:\\Work\\Rainmaker2\\Rainmaker2\\src\\Presentation\\document-upload\\src\\components\\Home\\DocumentRequest\\DocumentUpload\\DocumentUpload.tsx","statementMap":{"0":{"start":{"line":13,"column":30},"end":{"line":124,"column":1}},"1":{"start":{"line":14,"column":36},"end":{"line":14,"column":64}},"2":{"start":{"line":15,"column":46},"end":{"line":15,"column":72}},"3":{"start":{"line":16,"column":36},"end":{"line":16,"column":60}},"4":{"start":{"line":17,"column":30},"end":{"line":17,"column":47}},"5":{"start":{"line":18,"column":30},"end":{"line":18,"column":45}},"6":{"start":{"line":19,"column":36},"end":{"line":19,"column":61}},"7":{"start":{"line":21,"column":17},"end":{"line":21,"column":53}},"8":{"start":{"line":22,"column":19},"end":{"line":24,"column":46}},"9":{"start":{"line":26,"column":20},"end":{"line":26,"column":48}},"10":{"start":{"line":28,"column":23},"end":{"line":30,"column":3}},"11":{"start":{"line":29,"column":4},"end":{"line":29,"column":30}},"12":{"start":{"line":32,"column":27},"end":{"line":62,"column":3}},"13":{"start":{"line":34,"column":6},"end":{"line":36,"column":18}},"14":{"start":{"line":35,"column":15},"end":{"line":35,"column":67}},"15":{"start":{"line":38,"column":4},"end":{"line":41,"column":5}},"16":{"start":{"line":39,"column":6},"end":{"line":39,"column":25}},"17":{"start":{"line":40,"column":6},"end":{"line":40,"column":13}},"18":{"start":{"line":43,"column":4},"end":{"line":45,"column":5}},"19":{"start":{"line":44,"column":6},"end":{"line":44,"column":27}},"20":{"start":{"line":47,"column":4},"end":{"line":61,"column":5}},"21":{"start":{"line":48,"column":6},"end":{"line":48,"column":24}},"22":{"start":{"line":49,"column":6},"end":{"line":60,"column":8}},"23":{"start":{"line":50,"column":20},"end":{"line":50,"column":36}},"24":{"start":{"line":51,"column":8},"end":{"line":59,"column":9}},"25":{"start":{"line":52,"column":29},"end":{"line":52,"column":79}},"26":{"start":{"line":52,"column":58},"end":{"line":52,"column":78}},"27":{"start":{"line":53,"column":10},"end":{"line":58,"column":12}},"28":{"start":{"line":64,"column":2},"end":{"line":123,"column":4}},"29":{"start":{"line":69,"column":10},"end":{"line":74,"column":11}},"30":{"start":{"line":99,"column":18},"end":{"line":104,"column":19}},"31":{"start":{"line":121,"column":47},"end":{"line":121,"column":66}}},"fnMap":{"0":{"name":"(anonymous_0)","decl":{"start":{"line":13,"column":30},"end":{"line":13,"column":31}},"loc":{"start":{"line":13,"column":36},"end":{"line":124,"column":1}},"line":13},"1":{"name":"(anonymous_1)","decl":{"start":{"line":28,"column":23},"end":{"line":28,"column":24}},"loc":{"start":{"line":28,"column":58},"end":{"line":30,"column":3}},"line":28},"2":{"name":"(anonymous_2)","decl":{"start":{"line":32,"column":27},"end":{"line":32,"column":28}},"loc":{"start":{"line":32,"column":70},"end":{"line":62,"column":3}},"line":32},"3":{"name":"(anonymous_3)","decl":{"start":{"line":35,"column":8},"end":{"line":35,"column":9}},"loc":{"start":{"line":35,"column":15},"end":{"line":35,"column":67}},"line":35},"4":{"name":"(anonymous_4)","decl":{"start":{"line":49,"column":27},"end":{"line":49,"column":28}},"loc":{"start":{"line":49,"column":45},"end":{"line":60,"column":7}},"line":49},"5":{"name":"(anonymous_5)","decl":{"start":{"line":52,"column":50},"end":{"line":52,"column":51}},"loc":{"start":{"line":52,"column":58},"end":{"line":52,"column":78}},"line":52},"6":{"name":"(anonymous_6)","decl":{"start":{"line":68,"column":25},"end":{"line":68,"column":26}},"loc":{"start":{"line":69,"column":10},"end":{"line":74,"column":11}},"line":69},"7":{"name":"(anonymous_7)","decl":{"start":{"line":98,"column":26},"end":{"line":98,"column":27}},"loc":{"start":{"line":99,"column":18},"end":{"line":104,"column":19}},"line":99},"8":{"name":"(anonymous_8)","decl":{"start":{"line":121,"column":41},"end":{"line":121,"column":42}},"loc":{"start":{"line":121,"column":47},"end":{"line":121,"column":66}},"line":121}},"branchMap":{"0":{"loc":{"start":{"line":19,"column":36},"end":{"line":19,"column":61}},"type":"binary-expr","locations":[{"start":{"line":19,"column":36},"end":{"line":19,"column":53}},{"start":{"line":19,"column":57},"end":{"line":19,"column":61}}],"line":19},"1":{"loc":{"start":{"line":21,"column":17},"end":{"line":21,"column":53}},"type":"cond-expr","locations":[{"start":{"line":21,"column":30},"end":{"line":21,"column":48}},{"start":{"line":21,"column":51},"end":{"line":21,"column":53}}],"line":21},"2":{"loc":{"start":{"line":22,"column":19},"end":{"line":24,"column":46}},"type":"cond-expr","locations":[{"start":{"line":23,"column":6},"end":{"line":23,"column":27}},{"start":{"line":24,"column":6},"end":{"line":24,"column":46}}],"line":22},"3":{"loc":{"start":{"line":32,"column":28},"end":{"line":32,"column":65}},"type":"default-arg","locations":[{"start":{"line":32,"column":61},"end":{"line":32,"column":65}}],"line":32},"4":{"loc":{"start":{"line":35,"column":15},"end":{"line":35,"column":67}},"type":"binary-expr","locations":[{"start":{"line":35,"column":15},"end":{"line":35,"column":35}},{"start":{"line":35,"column":39},"end":{"line":35,"column":67}}],"line":35},"5":{"loc":{"start":{"line":38,"column":4},"end":{"line":41,"column":5}},"type":"if","locations":[{"start":{"line":38,"column":4},"end":{"line":41,"column":5}},{"start":{"line":38,"column":4},"end":{"line":41,"column":5}}],"line":38},"6":{"loc":{"start":{"line":43,"column":4},"end":{"line":45,"column":5}},"type":"if","locations":[{"start":{"line":43,"column":4},"end":{"line":45,"column":5}},{"start":{"line":43,"column":4},"end":{"line":45,"column":5}}],"line":43},"7":{"loc":{"start":{"line":47,"column":4},"end":{"line":61,"column":5}},"type":"if","locations":[{"start":{"line":47,"column":4},"end":{"line":61,"column":5}},{"start":{"line":47,"column":4},"end":{"line":61,"column":5}}],"line":47},"8":{"loc":{"start":{"line":51,"column":8},"end":{"line":59,"column":9}},"type":"if","locations":[{"start":{"line":51,"column":8},"end":{"line":59,"column":9}},{"start":{"line":51,"column":8},"end":{"line":59,"column":9}}],"line":51},"9":{"loc":{"start":{"line":77,"column":9},"end":{"line":92,"column":9}},"type":"binary-expr","locations":[{"start":{"line":77,"column":9},"end":{"line":77,"column":19}},{"start":{"line":78,"column":10},"end":{"line":91,"column":16}}],"line":77},"10":{"loc":{"start":{"line":81,"column":15},"end":{"line":83,"column":15}},"type":"binary-expr","locations":[{"start":{"line":81,"column":15},"end":{"line":81,"column":37}},{"start":{"line":82,"column":16},"end":{"line":82,"column":79}}],"line":81},"11":{"loc":{"start":{"line":94,"column":9},"end":{"line":119,"column":9}},"type":"binary-expr","locations":[{"start":{"line":94,"column":9},"end":{"line":94,"column":19}},{"start":{"line":95,"column":10},"end":{"line":118,"column":21}}],"line":94},"12":{"loc":{"start":{"line":96,"column":13},"end":{"line":117,"column":13}},"type":"cond-expr","locations":[{"start":{"line":97,"column":14},"end":{"line":107,"column":16}},{"start":{"line":109,"column":14},"end":{"line":116,"column":17}}],"line":96},"13":{"loc":{"start":{"line":121,"column":7},"end":{"line":121,"column":70}},"type":"binary-expr","locations":[{"start":{"line":121,"column":7},"end":{"line":121,"column":16}},{"start":{"line":121,"column":20},"end":{"line":121,"column":70}}],"line":121}},"s":{"0":7,"1":2,"2":2,"3":2,"4":2,"5":2,"6":2,"7":2,"8":2,"9":2,"10":2,"11":1,"12":2,"13":0,"14":0,"15":0,"16":0,"17":0,"18":0,"19":0,"20":0,"21":0,"22":0,"23":0,"24":0,"25":0,"26":0,"27":0,"28":2,"29":0,"30":0,"31":0},"f":{"0":2,"1":1,"2":0,"3":0,"4":0,"5":0,"6":0,"7":0,"8":0},"b":{"0":[2,0],"1":[2,0],"2":[0,2],"3":[0],"4":[0,0],"5":[0,0],"6":[0,0],"7":[0,0],"8":[0,0],"9":[2,2],"10":[2,0],"11":[2,2],"12":[0,2],"13":[2,0]},"_coverageSchema":"43e27e138ebf9cfc5966b082cf9a028302ed4184","hash":"f25681d6e310087b66f13a7cc0d45e302937f34d"}
,"C:\\Work\\Rainmaker2\\Rainmaker2\\src\\Presentation\\document-upload\\src\\components\\Home\\DocumentRequest\\DocumentUpload\\SelectedDocuments\\SelectedDocuments.tsx": {"path":"C:\\Work\\Rainmaker2\\Rainmaker2\\src\\Presentation\\document-upload\\src\\components\\Home\\DocumentRequest\\DocumentUpload\\SelectedDocuments\\SelectedDocuments.tsx","statementMap":{"0":{"start":{"line":33,"column":33},"end":{"line":451,"column":1}},"1":{"start":{"line":39,"column":38},"end":{"line":39,"column":77}},"2":{"start":{"line":40,"column":40},"end":{"line":40,"column":63}},"3":{"start":{"line":41,"column":44},"end":{"line":41,"column":68}},"4":{"start":{"line":42,"column":40},"end":{"line":42,"column":64}},"5":{"start":{"line":43,"column":32},"end":{"line":43,"column":56}},"6":{"start":{"line":44,"column":30},"end":{"line":44,"column":47}},"7":{"start":{"line":46,"column":48},"end":{"line":46,"column":67}},"8":{"start":{"line":48,"column":25},"end":{"line":48,"column":40}},"9":{"start":{"line":49,"column":27},"end":{"line":49,"column":48}},"10":{"start":{"line":50,"column":31},"end":{"line":50,"column":51}},"11":{"start":{"line":51,"column":24},"end":{"line":51,"column":51}},"12":{"start":{"line":52,"column":34},"end":{"line":52,"column":56}},"13":{"start":{"line":53,"column":19},"end":{"line":53,"column":49}},"14":{"start":{"line":55,"column":19},"end":{"line":55,"column":32}},"15":{"start":{"line":56,"column":18},"end":{"line":56,"column":30}},"16":{"start":{"line":58,"column":2},"end":{"line":66,"column":61}},"17":{"start":{"line":59,"column":4},"end":{"line":59,"column":35}},"18":{"start":{"line":60,"column":4},"end":{"line":60,"column":23}},"19":{"start":{"line":62,"column":26},"end":{"line":64,"column":5}},"20":{"start":{"line":63,"column":31},"end":{"line":63,"column":67}},"21":{"start":{"line":65,"column":4},"end":{"line":65,"column":40}},"22":{"start":{"line":68,"column":2},"end":{"line":73,"column":44}},"23":{"start":{"line":69,"column":4},"end":{"line":71,"column":5}},"24":{"start":{"line":70,"column":6},"end":{"line":70,"column":42}},"25":{"start":{"line":72,"column":4},"end":{"line":72,"column":19}},"26":{"start":{"line":75,"column":29},"end":{"line":85,"column":3}},"27":{"start":{"line":76,"column":23},"end":{"line":83,"column":6}},"28":{"start":{"line":77,"column":6},"end":{"line":80,"column":7}},"29":{"start":{"line":78,"column":8},"end":{"line":78,"column":49}},"30":{"start":{"line":79,"column":8},"end":{"line":79,"column":17}},"31":{"start":{"line":82,"column":6},"end":{"line":82,"column":15}},"32":{"start":{"line":84,"column":4},"end":{"line":84,"column":80}},"33":{"start":{"line":87,"column":23},"end":{"line":103,"column":3}},"34":{"start":{"line":88,"column":4},"end":{"line":88,"column":16}},"35":{"start":{"line":91,"column":13},"end":{"line":91,"column":28}},"36":{"start":{"line":92,"column":39},"end":{"line":92,"column":47}},"37":{"start":{"line":94,"column":4},"end":{"line":101,"column":7}},"38":{"start":{"line":102,"column":4},"end":{"line":102,"column":60}},"39":{"start":{"line":105,"column":38},"end":{"line":113,"column":3}},"40":{"start":{"line":106,"column":21},"end":{"line":111,"column":6}},"41":{"start":{"line":112,"column":4},"end":{"line":112,"column":26}},"42":{"start":{"line":114,"column":20},"end":{"line":117,"column":3}},"43":{"start":{"line":115,"column":4},"end":{"line":115,"column":53}},"44":{"start":{"line":116,"column":4},"end":{"line":116,"column":22}},"45":{"start":{"line":119,"column":22},"end":{"line":141,"column":3}},"46":{"start":{"line":120,"column":4},"end":{"line":120,"column":27}},"47":{"start":{"line":121,"column":4},"end":{"line":136,"column":5}},"48":{"start":{"line":122,"column":6},"end":{"line":135,"column":7}},"49":{"start":{"line":123,"column":8},"end":{"line":134,"column":9}},"50":{"start":{"line":124,"column":10},"end":{"line":129,"column":12}},"51":{"start":{"line":131,"column":10},"end":{"line":131,"column":39}},"52":{"start":{"line":132,"column":10},"end":{"line":132,"column":57}},"53":{"start":{"line":133,"column":10},"end":{"line":133,"column":66}},"54":{"start":{"line":137,"column":4},"end":{"line":137,"column":28}},"55":{"start":{"line":138,"column":4},"end":{"line":140,"column":22}},"56":{"start":{"line":139,"column":6},"end":{"line":139,"column":48}},"57":{"start":{"line":143,"column":28},"end":{"line":154,"column":3}},"58":{"start":{"line":144,"column":23},"end":{"line":149,"column":5}},"59":{"start":{"line":146,"column":8},"end":{"line":148,"column":31}},"60":{"start":{"line":150,"column":4},"end":{"line":152,"column":5}},"61":{"start":{"line":151,"column":6},"end":{"line":151,"column":18}},"62":{"start":{"line":153,"column":4},"end":{"line":153,"column":17}},"63":{"start":{"line":156,"column":21},"end":{"line":170,"column":3}},"64":{"start":{"line":157,"column":4},"end":{"line":159,"column":5}},"65":{"start":{"line":158,"column":6},"end":{"line":158,"column":19}},"66":{"start":{"line":160,"column":23},"end":{"line":168,"column":6}},"67":{"start":{"line":161,"column":6},"end":{"line":166,"column":7}},"68":{"start":{"line":163,"column":8},"end":{"line":163,"column":76}},"69":{"start":{"line":164,"column":8},"end":{"line":164,"column":33}},"70":{"start":{"line":165,"column":8},"end":{"line":165,"column":17}},"71":{"start":{"line":167,"column":6},"end":{"line":167,"column":15}},"72":{"start":{"line":169,"column":4},"end":{"line":169,"column":80}},"73":{"start":{"line":172,"column":22},"end":{"line":196,"column":3}},"74":{"start":{"line":177,"column":18},"end":{"line":177,"column":19}},"75":{"start":{"line":178,"column":23},"end":{"line":185,"column":6}},"76":{"start":{"line":179,"column":6},"end":{"line":182,"column":7}},"77":{"start":{"line":180,"column":8},"end":{"line":180,"column":26}},"78":{"start":{"line":181,"column":8},"end":{"line":181,"column":24}},"79":{"start":{"line":184,"column":6},"end":{"line":184,"column":15}},"80":{"start":{"line":186,"column":32},"end":{"line":191,"column":6}},"81":{"start":{"line":187,"column":6},"end":{"line":189,"column":7}},"82":{"start":{"line":188,"column":8},"end":{"line":188,"column":25}},"83":{"start":{"line":190,"column":6},"end":{"line":190,"column":15}},"84":{"start":{"line":192,"column":4},"end":{"line":195,"column":7}},"85":{"start":{"line":198,"column":20},"end":{"line":207,"column":3}},"86":{"start":{"line":199,"column":4},"end":{"line":199,"column":78}},"87":{"start":{"line":200,"column":23},"end":{"line":204,"column":6}},"88":{"start":{"line":201,"column":6},"end":{"line":203,"column":7}},"89":{"start":{"line":202,"column":8},"end":{"line":202,"column":17}},"90":{"start":{"line":206,"column":4},"end":{"line":206,"column":80}},"91":{"start":{"line":209,"column":27},"end":{"line":228,"column":3}},"92":{"start":{"line":210,"column":19},"end":{"line":210,"column":78}},"93":{"start":{"line":210,"column":48},"end":{"line":210,"column":77}},"94":{"start":{"line":211,"column":19},"end":{"line":211,"column":60}},"95":{"start":{"line":211,"column":48},"end":{"line":211,"column":59}},"96":{"start":{"line":212,"column":20},"end":{"line":212,"column":69}},"97":{"start":{"line":212,"column":49},"end":{"line":212,"column":68}},"98":{"start":{"line":214,"column":4},"end":{"line":218,"column":5}},"99":{"start":{"line":215,"column":6},"end":{"line":215,"column":28}},"100":{"start":{"line":217,"column":6},"end":{"line":217,"column":27}},"101":{"start":{"line":219,"column":4},"end":{"line":227,"column":5}},"102":{"start":{"line":220,"column":6},"end":{"line":220,"column":27}},"103":{"start":{"line":221,"column":11},"end":{"line":227,"column":5}},"104":{"start":{"line":222,"column":6},"end":{"li
[...]
d":{"line":52,"column":3}},"12":{"start":{"line":54,"column":29},"end":{"line":54,"column":66}},"13":{"start":{"line":57,"column":4},"end":{"line":77,"column":5}},"14":{"start":{"line":59,"column":8},"end":{"line":59,"column":29}},"15":{"start":{"line":61,"column":8},"end":{"line":61,"column":29}},"16":{"start":{"line":63,"column":8},"end":{"line":63,"column":29}},"17":{"start":{"line":65,"column":8},"end":{"line":65,"column":29}},"18":{"start":{"line":72,"column":8},"end":{"line":72,"column":30}},"19":{"start":{"line":74,"column":8},"end":{"line":74,"column":29}},"20":{"start":{"line":76,"column":8},"end":{"line":76,"column":33}},"21":{"start":{"line":82,"column":4},"end":{"line":82,"column":74}},"22":{"start":{"line":86,"column":4},"end":{"line":86,"column":29}},"23":{"start":{"line":99,"column":4},"end":{"line":124,"column":7}},"24":{"start":{"line":100,"column":25},"end":{"line":100,"column":41}},"25":{"start":{"line":101,"column":21},"end":{"line":101,"column":23}},"26":{"start":{"line":103,"column":6},"end":{"line":120,"column":8}},"27":{"start":{"line":104,"column":8},"end":{"line":119,"column":9}},"28":{"start":{"line":105,"column":10},"end":{"line":116,"column":11}},"29":{"start":{"line":106,"column":25},"end":{"line":106,"column":56}},"30":{"start":{"line":107,"column":29},"end":{"line":107,"column":31}},"31":{"start":{"line":108,"column":12},"end":{"line":112,"column":15}},"32":{"start":{"line":109,"column":14},"end":{"line":111,"column":15}},"33":{"start":{"line":110,"column":16},"end":{"line":110,"column":46}},"34":{"start":{"line":113,"column":24},"end":{"line":113,"column":52}},"35":{"start":{"line":114,"column":12},"end":{"line":114,"column":45}},"36":{"start":{"line":115,"column":12},"end":{"line":115,"column":30}},"37":{"start":{"line":118,"column":10},"end":{"line":118,"column":24}},"38":{"start":{"line":122,"column":19},"end":{"line":122,"column":35}},"39":{"start":{"line":123,"column":6},"end":{"line":123,"column":41}},"40":{"start":{"line":128,"column":4},"end":{"line":128,"column":72}},"41":{"start":{"line":132,"column":19},"end":{"line":135,"column":5}},"42":{"start":{"line":136,"column":4},"end":{"line":136,"column":18}},"43":{"start":{"line":140,"column":4},"end":{"line":140,"column":49}},"44":{"start":{"line":150,"column":4},"end":{"line":155,"column":5}},"45":{"start":{"line":151,"column":22},"end":{"line":151,"column":48}},"46":{"start":{"line":152,"column":6},"end":{"line":152,"column":45}},"47":{"start":{"line":154,"column":6},"end":{"line":154,"column":38}},"48":{"start":{"line":159,"column":14},"end":{"line":159,"column":46}},"49":{"start":{"line":160,"column":4},"end":{"line":164,"column":5}},"50":{"start":{"line":161,"column":6},"end":{"line":161,"column":31}},"51":{"start":{"line":163,"column":6},"end":{"line":163,"column":33}},"52":{"start":{"line":168,"column":4},"end":{"line":168,"column":38}},"53":{"start":{"line":179,"column":21},"end":{"line":179,"column":29}},"54":{"start":{"line":180,"column":20},"end":{"line":180,"column":39}},"55":{"start":{"line":181,"column":4},"end":{"line":181,"column":47}},"56":{"start":{"line":181,"column":31},"end":{"line":181,"column":47}},"57":{"start":{"line":182,"column":14},"end":{"line":182,"column":45}},"58":{"start":{"line":183,"column":4},"end":{"line":183,"column":41}},"59":{"start":{"line":184,"column":4},"end":{"line":184,"column":20}},"60":{"start":{"line":185,"column":21},"end":{"line":185,"column":59}},"61":{"start":{"line":187,"column":4},"end":{"line":193,"column":5}},"62":{"start":{"line":188,"column":6},"end":{"line":188,"column":36}},"63":{"start":{"line":191,"column":14},"end":{"line":191,"column":41}},"64":{"start":{"line":192,"column":6},"end":{"line":192,"column":15}},"65":{"start":{"line":199,"column":4},"end":{"line":199,"column":47}},"66":{"start":{"line":207,"column":21},"end":{"line":239,"column":3}},"67":{"start":{"line":208,"column":16},"end":{"line":208,"column":17}},"68":{"start":{"line":209,"column":27},"end":{"line":209,"column":29}},"69":{"start":{"line":210,"column":27},"end":{"line":210,"column":29}},"70":{"start":{"line":211,"column":28},"end":{"line":214,"column":24}},"71":{"start":{"line":215,"column":4},"end":{"line":217,"column":5}},"72":{"start":{"line":216,"column":6},"end":{"line":216,"column":58}},"73":{"start":{"line":220,"column":4},"end":{"line":234,"column":5}},"74":{"start":{"line":220,"column":17},"end":{"line":220,"column":18}},"75":{"start":{"line":222,"column":29},"end":{"line":225,"column":7}},"76":{"start":{"line":226,"column":6},"end":{"line":229,"column":7}},"77":{"start":{"line":227,"column":8},"end":{"line":227,"column":59}},"78":{"start":{"line":228,"column":8},"end":{"line":228,"column":58}},"79":{"start":{"line":230,"column":6},"end":{"line":233,"column":7}},"80":{"start":{"line":231,"column":8},"end":{"line":231,"column":51}},"81":{"start":{"line":231,"column":23},"end":{"line":231,"column":51}},"82":{"start":{"line":232,"column":8},"end":{"line":232,"column":16}},"83":{"start":{"line":236,"column":4},"end":{"line":236,"column":28}},"84":{"start":{"line":237,"column":4},"end":{"line":237,"column":41}},"85":{"start":{"line":238,"column":4},"end":{"line":238,"column":23}},"86":{"start":{"line":242,"column":15},"end":{"line":242,"column":47}},"87":{"start":{"line":244,"column":18},"end":{"line":244,"column":78}},"88":{"start":{"line":245,"column":4},"end":{"line":247,"column":5}},"89":{"start":{"line":246,"column":6},"end":{"line":246,"column":38}},"90":{"start":{"line":248,"column":16},"end":{"line":248,"column":30}},"91":{"start":{"line":249,"column":21},"end":{"line":249,"column":35}},"92":{"start":{"line":250,"column":4},"end":{"line":265,"column":5}},"93":{"start":{"line":251,"column":21},"end":{"line":251,"column":54}},"94":{"start":{"line":252,"column":6},"end":{"line":252,"column":17}},"95":{"start":{"line":253,"column":16},"end":{"line":253,"column":34}},"96":{"start":{"line":254,"column":6},"end":{"line":256,"column":7}},"97":{"start":{"line":255,"column":8},"end":{"line":255,"column":21}},"98":{"start":{"line":257,"column":6},"end":{"line":257,"column":51}},"99":{"start":{"line":259,"column":6},"end":{"line":259,"column":14}},"100":{"start":{"line":260,"column":16},"end":{"line":260,"column":34}},"101":{"start":{"line":261,"column":6},"end":{"line":263,"column":7}},"102":{"start":{"line":262,"column":8},"end":{"line":262,"column":21}},"103":{"start":{"line":264,"column":6},"end":{"line":264,"column":48}}},"fnMap":{"0":{"name":"(anonymous_0)","decl":{"start":{"line":18,"column":21},"end":{"line":18,"column":22}},"loc":{"start":{"line":18,"column":35},"end":{"line":18,"column":78}},"line":18},"1":{"name":"(anonymous_1)","decl":{"start":{"line":56,"column":2},"end":{"line":56,"column":3}},"loc":{"start":{"line":56,"column":32},"end":{"line":78,"column":3}},"line":56},"2":{"name":"(anonymous_2)","decl":{"start":{"line":80,"column":2},"end":{"line":80,"column":3}},"loc":{"start":{"line":80,"column":42},"end":{"line":83,"column":3}},"line":80},"3":{"name":"(anonymous_3)","decl":{"start":{"line":85,"column":2},"end":{"line":85,"column":3}},"loc":{"start":{"line":85,"column":27},"end":{"line":96,"column":3}},"line":85},"4":{"name":"(anonymous_4)","decl":{"start":{"line":98,"column":2},"end":{"line":98,"column":3}},"loc":{"start":{"line":98,"column":50},"end":{"line":125,"column":3}},"line":98},"5":{"name":"(anonymous_5)","decl":{"start":{"line":99,"column":23},"end":{"line":99,"column":24}},"loc":{"start":{"line":99,"column":44},"end":{"line":124,"column":5}},"line":99},"6":{"name":"(anonymous_6)","decl":{"start":{"line":103,"column":29},"end":{"line":103,"column":30}},"loc":{"start":{"line":103,"column":41},"end":{"line":120,"column":7}},"line":103},"7":{"name":"(anonymous_7)","decl":{"start":{"line":108,"column":25},"end":{"line":108,"column":26}},"loc":{"start":{"line":108,"column":35},"end":{"line":112,"column":13}},"line":108},"8":{"name":"(anonymous_8)","decl":{"start":{"line":127,"column":2},"end":{"line":127,"column":3}},"loc":{"start":{"line":127,"column":35},"end":{"line":129,"column":3}},"line":127},"9":{"name":"(anonymous_9)","decl":{"start":{"line":131,"column":2},"end":{"line":131,"column":3}},"loc":{"start":{"line":131,"column":35},"end":{"line":137,"column":3}},"line":131},"10":{"name":"(anonymous_10)","decl":{"start":{"line":139,"column":2},"end":{"line":139,"column":3}},"loc":{"start":{"line":139,"column":29},"end":{"line":147,"column":3}},"line":139},"11":{"name":"(anonymous_11)","decl":{"start":{"line":149,"column":2},"end":{"line":149,"column":3}},"loc":{"start":{"line":149,"column":37},"end":{"line":156,"column":3}},"line":149},"12":{"name":"(anonymous_12)","decl":{"start":{"line":158,"column":2},"end":{"line":158,"column":3}},"loc":{"start":{"line":158,"column":35},"end":{"line":165,"column":3}},"line":158},"13":{"name":"(anonymous_13)","decl":{"start":{"line":167,"column":2},"end":{"line":167,"column":3}},"loc":{"start":{"line":167,"column":44},"end":{"line":176,"column":3}},"line":167},"14":{"name":"(anonymous_14)","decl":{"start":{"line":178,"column":2},"end":{"line":178,"column":3}},"loc":{"start":{"line":178,"column":57},"end":{"line":196,"column":3}},"line":178},"15":{"name":"(anonymous_15)","decl":{"start":{"line":198,"column":2},"end":{"line":198,"column":3}},"loc":{"start":{"line":198,"column":34},"end":{"line":205,"column":3}},"line":198},"16":{"name":"(anonymous_16)","decl":{"start":{"line":207,"column":21},"end":{"line":207,"column":22}},"loc":{"start":{"line":207,"column":42},"end":{"line":239,"column":3}},"line":207},"17":{"name":"(anonymous_17)","decl":{"start":{"line":241,"column":2},"end":{"line":241,"column":3}},"loc":{"start":{"line":241,"column":45},"end":{"line":266,"column":3}},"line":241}},"branchMap":{"0":{"loc":{"start":{"line":57,"column":4},"end":{"line":77,"column":5}},"type":"switch","locations":[{"start":{"line":58,"column":6},"end":{"line":59,"column":29}},{"start":{"line":60,"column":6},"end":{"line":61,"column":29}},{"start":{"line":62,"column":6},"end":{"line":63,"column":29}},{"start":{"line":64,"column":6},"end":{"line":65,"column":29}},{"start":{"line":66,"column":6},"end":{"line":66,"column":28}},{"start":{"line":67,"column":6},"end":{"line":67,"column":28}},{"start":{"line":68,"column":6},"end":{"line":68,"column":28}},{"start":{"line":69,"column":6},"end":{"line":69,"column":28}},{"start":{"line":70,"column":6},"end":{"line":70,"column":28}},{"start":{"line":71,"column":6},"end":{"line":72,"column":30}},{"start":{"line":73,"column":6},"end":{"line":74,"column":29}},{"start":{"line":75,"column":6},"end":{"line":76,"column":33}}],"line":57},"1":{"loc":{"start":{"line":105,"column":10},"end":{"line":116,"column":11}},"type":"if","locations":[{"start":{"line":105,"column":10},"end":{"line":116,"column":11}},{"start":{"line":105,"column":10},"end":{"line":116,"column":11}}],"line":105},"2":{"loc":{"start":{"line":109,"column":14},"end":{"line":111,"column":15}},"type":"if","locations":[{"start":{"line":109,"column":14},"end":{"line":111,"column":15}},{"start":{"line":109,"column":14},"end":{"line":111,"column":15}}],"line":109},"3":{"loc":{"start":{"line":128,"column":11},"end":{"line":128,"column":71}},"type":"binary-expr","locations":[{"start":{"line":128,"column":12},"end":{"line":128,"column":42}},{"start":{"line":128,"column":47},"end":{"line":128,"column":71}}],"line":128},"4":{"loc":{"start":{"line":150,"column":4},"end":{"line":155,"column":5}},"type":"if","locations":[{"start":{"line":150,"column":4},"end":{"line":155,"column":5}},{"start":{"line":150,"column":4},"end":{"line":155,"column":5}}],"line":150},"5":{"loc":{"start":{"line":160,"column":4},"end":{"line":164,"column":5}},"type":"if","locations":[{"start":{"line":160,"column":4},"end":{"line":164,"column":5}},{"start":{"line":160,"column":4},"end":{"line":164,"column":5}}],"line":160},"6":{"loc":{"start":{"line":181,"column":4},"end":{"line":181,"column":47}},"type":"if","locations":[{"start":{"line":181,"column":4},"end":{"line":181,"column":47}},{"start":{"line":181,"column":4},"end":{"line":181,"column":47}}],"line":181},"7":{"loc":{"start":{"line":187,"column":4},"end":{"line":193,"column":5}},"type":"if","locations":[{"start":{"line":187,"column":4},"end":{"line":193,"column":5}},{"start":{"line":187,"column":4},"end":{"line":193,"column":5}}],"line":187},"8":{"loc":{"start":{"line":215,"column":4},"end":{"line":217,"column":5}},"type":"if","locations":[{"start":{"line":215,"column":4},"end":{"line":217,"column":5}},{"start":{"line":215,"column":4},"end":{"line":217,"column":5}}],"line":215},"9":{"loc":{"start":{"line":226,"column":6},"end":{"line":229,"column":7}},"type":"if","locations":[{"start":{"line":226,"column":6},"end":{"line":229,"column":7}},{"start":{"line":226,"column":6},"end":{"line":229,"column":7}}],"line":226},"10":{"loc":{"start":{"line":230,"column":6},"end":{"line":233,"column":7}},"type":"if","locations":[{"start":{"line":230,"column":6},"end":{"line":233,"column":7}},{"start":{"line":230,"column":6},"end":{"line":233,"column":7}}],"line":230},"11":{"loc":{"start":{"line":231,"column":8},"end":{"line":231,"column":51}},"type":"if","locations":[{"start":{"line":231,"column":8},"end":{"line":231,"column":51}},{"start":{"line":231,"column":8},"end":{"line":231,"column":51}}],"line":231},"12":{"loc":{"start":{"line":245,"column":4},"end":{"line":247,"column":5}},"type":"if","locations":[{"start":{"line":245,"column":4},"end":{"line":247,"column":5}},{"start":{"line":245,"column":4},"end":{"line":247,"column":5}}],"line":245},"13":{"loc":{"start":{"line":250,"column":4},"end":{"line":265,"column":5}},"type":"if","locations":[{"start":{"line":250,"column":4},"end":{"line":265,"column":5}},{"start":{"line":250,"column":4},"end":{"line":265,"column":5}}],"line":250},"14":{"loc":{"start":{"line":254,"column":6},"end":{"line":256,"column":7}},"type":"if","locations":[{"start":{"line":254,"column":6},"end":{"line":256,"column":7}},{"start":{"line":254,"column":6},"end":{"line":256,"column":7}}],"line":254},"15":{"loc":{"start":{"line":261,"column":6},"end":{"line":263,"column":7}},"type":"if","locations":[{"start":{"line":261,"column":6},"end":{"line":263,"column":7}},{"start":{"line":261,"column":6},"end":{"line":263,"column":7}}],"line":261}},"s":{"0":7,"1":7,"2":7,"3":0,"4":7,"5":7,"6":7,"7":7,"8":7,"9":7,"10":7,"11":7,"12":7,"13":0,"14":0,"15":0,"16":0,"17":0,"18":0,"19":0,"20":0,"21":1,"22":0,"23":0,"24":0,"25":0,"26":0,"27":0,"28":0,"29":0,"30":0,"31":0,"32":0,"33":0,"34":0,"35":0,"36":0,"37":0,"38":0,"39":0,"40":0,"41":0,"42":0,"43":0,"44":208,"45":208,"46":208,"47":0,"48":208,"49":208,"50":65,"51":143,"52":1,"53":0,"54":0,"55":0,"56":0,"57":0,"58":0,"59":0,"60":0,"61":0,"62":0,"63":0,"64":0,"65":0,"66":7,"67":0,"68":0,"69":0,"70":0,"71":0,"72":0,"73":0,"74":0,"75":0,"76":0,"77":0,"78":0,"79":0,"80":0,"81":0,"82":0,"83":0,"84":0,"85":0,"86":0,"87":0,"88":0,"89":0,"90":0,"91":0,"92":0,"93":0,"94":0,"95":0,"96":0,"97":0,"98":0,"99":0,"100":0,"101":0,"102":0,"103":0},"f":{"0":0,"1":0,"2":1,"3":0,"4":0,"5":0,"6":0,"7":0,"8":0,"9":0,"10":0,"11":208,"12":208,"13":1,"14":0,"15":0,"16":0,"17":0},"b":{"0":[0,0,0,0,0,0,0,0,0,0,0,0],"1":[0,0],"2":[0,0],"3":[0,0],"4":[208,0],"5":[65,143],"6":[0,0],"7":[0,0],"8":[0,0],"9":[0,0],"10":[0,0],"11":[0,0],"12":[0,0],"13":[0,0],"14":[0,0],"15":[0,0]},"_coverageSchema":"43e27e138ebf9cfc5966b082cf9a028302ed4184","hash":"d109cf4771a06f9be30dd449717f5028c3d0ec6d"}
,"C:\\Work\\Rainmaker2\\Rainmaker2\\src\\Presentation\\document-upload\\src\\utils\\helpers\\rename.ts": {"path":"C:\\Work\\Rainmaker2\\Rainmaker2\\src\\Presentation\\document-upload\\src\\utils\\helpers\\rename.ts","statementMap":{"0":{"start":{"line":3,"column":36},"end":{"line":3,"column":44}},"1":{"start":{"line":8,"column":23},"end":{"line":8,"column":68}},"2":{"start":{"line":9,"column":22},"end":{"line":9,"column":44}},"3":{"start":{"line":11,"column":28},"end":{"line":11,"column":163}},"4":{"start":{"line":11,"column":46},"end":{"line":11,"column":162}},"5":{"start":{"line":13,"column":8},"end":{"line":21,"column":9}},"6":{"start":{"line":14,"column":12},"end":{"line":14,"column":99}},"7":{"start":{"line":15,"column":20},"end":{"line":15,"column":69}},"8":{"start":{"line":15,"column":36},"end":{"line":15,"column":68}},"9":{"start":{"line":16,"column":12},"end":{"line":18,"column":13}},"10":{"start":{"line":17,"column":16},"end":{"line":17,"column":107}},"11":{"start":{"line":20,"column":12},"end":{"line":20,"column":54}},"12":{"start":{"line":23,"column":8},"end":{"line":23,"column":20}},"13":{"start":{"line":27,"column":23},"end":{"line":27,"column":38}},"14":{"start":{"line":28,"column":8},"end":{"line":28,"column":23}},"15":{"start":{"line":29,"column":8},"end":{"line":29,"column":72}},"16":{"start":{"line":33,"column":8},"end":{"line":33,"column":39}},"17":{"start":{"line":37,"column":8},"end":{"line":39,"column":9}},"18":{"start":{"line":38,"column":12},"end":{"line":38,"column":67}},"19":{"start":{"line":41,"column":8},"end":{"line":41,"column":20}}},"fnMap":{"0":{"name":"(anonymous_0)","decl":{"start":{"line":5,"column":4},"end":{"line":5,"column":5}},"loc":{"start":{"line":5,"column":31},"end":{"line":24,"column":5}},"line":5},"1":{"name":"(anonymous_1)","decl":{"start":{"line":11,"column":41},"end":{"line":11,"column":42}},"loc":{"start":{"line":11,"column":46},"end":{"line":11,"column":162}},"line":11},"2":{"name":"(anonymous_2)","decl":{"start":{"line":15,"column":31},"end":{"line":15,"column":32}},"loc":{"start":{"line":15,"column":36},"end":{"line":15,"column":68}},"line":15},"3":{"name":"(anonymous_3)","decl":{"start":{"line":26,"column":4},"end":{"line":26,"column":5}},"loc":{"start":{"line":26,"column":27},"end":{"line":30,"column":5}},"line":26},"4":{"name":"(anonymous_4)","decl":{"start":{"line":32,"column":4},"end":{"line":32,"column":5}},"loc":{"start":{"line":32,"column":24},"end":{"line":34,"column":5}},"line":32},"5":{"name":"(anonymous_5)","decl":{"start":{"line":36,"column":4},"end":{"line":36,"column":5}},"loc":{"start":{"line":36,"column":35},"end":{"line":42,"column":5}},"line":36}},"branchMap":{"0":{"loc":{"start":{"line":11,"column":46},"end":{"line":11,"column":162}},"type":"binary-expr","locations":[{"start":{"line":11,"column":46},"end":{"line":11,"column":93}},{"start":{"line":11,"column":97},"end":{"line":11,"column":162}}],"line":11},"1":{"loc":{"start":{"line":13,"column":8},"end":{"line":21,"column":9}},"type":"if","locations":[{"start":{"line":13,"column":8},"end":{"line":21,"column":9}},{"start":{"line":13,"column":8},"end":{"line":21,"column":9}}],"line":13},"2":{"loc":{"start":{"line":16,"column":12},"end":{"line":18,"column":13}},"type":"if","locations":[{"start":{"line":16,"column":12},"end":{"line":18,"column":13}},{"start":{"line":16,"column":12},"end":{"line":18,"column":13}}],"line":16},"3":{"loc":{"start":{"line":37,"column":8},"end":{"line":39,"column":9}},"type":"if","locations":[{"start":{"line":37,"column":8},"end":{"line":39,"column":9}},{"start":{"line":37,"column":8},"end":{"line":39,"column":9}}],"line":37}},"s":{"0":7,"1":0,"2":0,"3":0,"4":0,"5":0,"6":0,"7":0,"8":0,"9":0,"10":0,"11":0,"12":0,"13":0,"14":0,"15":0,"16":0,"17":0,"18":0,"19":0},"f":{"0":0,"1":0,"2":0,"3":0,"4":0,"5":0},"b":{"0":[0,0],"1":[0,0],"2":[0,0],"3":[0,0]},"_coverageSchema":"43e27e138ebf9cfc5966b082cf9a028302ed4184","hash":"43394c5af9492396c673d6fad0df82762dc128d8"}
,"C:\\Work\\Rainmaker2\\Rainmaker2\\src\\Presentation\\document-upload\\src\\utils\\image_assets\\ImageAssets.ts": {"path":"C:\\Work\\Rainmaker2\\Rainmaker2\\src\\Presentation\\document-upload\\src\\utils\\image_assets\\ImageAssets.ts","statementMap":{"0":{"start":{"line":5,"column":20},"end":{"line":7,"column":5}},"1":{"start":{"line":8,"column":20},"end":{"line":10,"column":5}}},"fnMap":{},"branchMap":{},"s":{"0":7,"1":7},"f":{},"b":{},"_coverageSchema":"43e27e138ebf9cfc5966b082cf9a028302ed4184","hash":"d73c0fb2c8bf22370cffa42d57c865d656c01138"}
}
