TN:
SF:C:\Work\Rainmaker2\Rainmaker2\src\Presentation\document-upload\src\App.tsx
FN:21,(anonymous_0)
FN:27,(anonymous_1)
FN:32,(anonymous_2)
FN:37,(anonymous_3)
FN:52,(anonymous_4)
FN:58,(anonymous_5)
FN:66,(anonymous_6)
FN:68,(anonymous_7)
FN:74,(anonymous_8)
FNF:9
FNH:8
FNDA:51,(anonymous_0)
FNDA:17,(anonymous_1)
FNDA:17,(anonymous_2)
FNDA:17,(anonymous_3)
FNDA:17,(anonymous_4)
FNDA:17,(anonymous_5)
FNDA:17,(anonymous_6)
FNDA:0,(anonymous_7)
FNDA:17,(anonymous_8)
DA:21,7
DA:22,51
DA:23,51
DA:25,51
DA:27,51
DA:30,17
DA:32,17
DA:33,17
DA:37,51
DA:38,17
DA:39,17
DA:40,17
DA:41,17
DA:42,17
DA:43,17
DA:45,0
DA:46,0
DA:47,0
DA:52,51
DA:53,17
DA:54,17
DA:55,17
DA:58,51
DA:59,17
DA:61,17
DA:66,51
DA:67,17
DA:68,0
DA:69,0
DA:74,51
DA:76,17
DA:77,17
DA:78,17
DA:79,0
DA:84,51
DA:85,17
DA:88,34
LF:37
LH:31
BRDA:39,0,0,17
BRDA:39,0,1,0
BRDA:46,1,0,0
BRDA:46,1,1,0
BRDA:59,2,0,17
BRDA:59,2,1,0
BRDA:67,3,0,0
BRDA:67,3,1,17
BRDA:78,4,0,0
BRDA:78,4,1,17
BRDA:84,5,0,17
BRDA:84,5,1,34
BRDA:105,6,0,34
BRDA:105,6,1,0
BRF:14
BRH:7
end_of_record
TN:
SF:C:\Work\Rainmaker2\Rainmaker2\src\Presentation\document-upload\src\index.tsx
FNF:0
FNH:0
DA:7,0
DA:12,0
LF:2
LH:0
BRF:0
BRH:0
end_of_record
TN:
SF:C:\Work\Rainmaker2\Rainmaker2\src\Presentation\document-upload\src\serviceWorker.ts
FN:28,register
FN:42,(anonymous_1)
FN:51,(anonymous_2)
FN:65,registerValidSW
FN:68,(anonymous_4)
FN:69,(anonymous_5)
FN:74,(anonymous_6)
FN:104,(anonymous_7)
FN:109,checkValidServiceWorker
FN:114,(anonymous_9)
FN:122,(anonymous_10)
FN:123,(anonymous_11)
FN:132,(anonymous_12)
FN:139,unregister
FN:142,(anonymous_14)
FN:145,(anonymous_15)
FNF:16
FNH:0
FNDA:0,register
FNDA:0,(anonymous_1)
FNDA:0,(anonymous_2)
FNDA:0,registerValidSW
FNDA:0,(anonymous_4)
FNDA:0,(anonymous_5)
FNDA:0,(anonymous_6)
FNDA:0,(anonymous_7)
FNDA:0,checkValidServiceWorker
FNDA:0,(anonymous_9)
FNDA:0,(anonymous_10)
FNDA:0,(anonymous_11)
FNDA:0,(anonymous_12)
FNDA:0,unregister
FNDA:0,(anonymous_14)
FNDA:0,(anonymous_15)
DA:13,0
DA:29,0
DA:31,0
DA:35,0
DA:39,0
DA:42,0
DA:43,0
DA:45,0
DA:47,0
DA:51,0
DA:59,0
DA:66,0
DA:69,0
DA:70,0
DA:71,0
DA:72,0
DA:74,0
DA:75,0
DA:76,0
DA:86,0
DA:87,0
DA:96,0
DA:97,0
DA:105,0
DA:111,0
DA:116,0
DA:117,0
DA:122,0
DA:123,0
DA:124,0
DA:129,0
DA:133,0
DA:140,0
DA:141,0
DA:143,0
DA:146,0
LF:36
LH:0
BRDA:14,0,0,0
BRDA:14,0,1,0
BRDA:14,0,2,0
BRDA:29,1,0,0
BRDA:29,1,1,0
BRDA:29,2,0,0
BRDA:29,2,1,0
BRDA:35,3,0,0
BRDA:35,3,1,0
BRDA:45,4,0,0
BRDA:45,4,1,0
BRDA:71,5,0,0
BRDA:71,5,1,0
BRDA:75,6,0,0
BRDA:75,6,1,0
BRDA:76,7,0,0
BRDA:76,7,1,0
BRDA:86,8,0,0
BRDA:86,8,1,0
BRDA:86,9,0,0
BRDA:86,9,1,0
BRDA:96,10,0,0
BRDA:96,10,1,0
BRDA:96,11,0,0
BRDA:96,11,1,0
BRDA:117,12,0,0
BRDA:117,12,1,0
BRDA:118,13,0,0
BRDA:118,13,1,0
BRDA:118,13,2,0
BRDA:140,14,0,0
BRDA:140,14,1,0
BRF:32
BRH:0
end_of_record
TN:
SF:C:\Work\Rainmaker2\Rainmaker2\src\Presentation\document-upload\src\components\DummyLogin\DummyLogin.tsx
FN:8,(anonymous_0)
FN:11,(anonymous_1)
FNF:2
FNH:0
FNDA:0,(anonymous_0)
FNDA:0,(anonymous_1)
DA:8,0
DA:9,0
DA:11,0
DA:12,0
DA:13,0
DA:14,0
DA:18,0
DA:19,0
DA:22,0
LF:9
LH:0
BRDA:13,0,0,0
BRDA:13,0,1,0
BRDA:18,1,0,0
BRDA:18,1,1,0
BRF:4
BRH:0
end_of_record
TN:
SF:C:\Work\Rainmaker2\Rainmaker2\src\Presentation\document-upload\src\components\Home\Home.tsx
FN:12,(anonymous_0)
FN:16,(anonymous_1)
FN:27,(anonymous_2)
FNF:3
FNH:3
FNDA:17,(anonymous_0)
FNDA:17,(anonymous_1)
FNDA:52,(anonymous_2)
DA:13,17
DA:16,17
DA:17,17
DA:18,17
DA:19,0
DA:21,17
DA:22,0
DA:29,52
LF:8
LH:6
BRDA:18,0,0,0
BRDA:18,0,1,17
BRDA:21,1,0,0
BRDA:21,1,1,17
BRF:4
BRH:2
end_of_record
TN:
SF:C:\Work\Rainmaker2\Rainmaker2\src\Presentation\document-upload\src\components\Home\AcitivityHeader\ActivityHeader.tsx
FN:9,(anonymous_0)
FN:28,(anonymous_1)
FN:66,(anonymous_2)
FN:72,(anonymous_3)
FN:74,(anonymous_4)
FN:85,(anonymous_5)
FN:89,(anonymous_6)
FN:93,(anonymous_7)
FN:100,(anonymous_8)
FN:102,(anonymous_9)
FN:106,(anonymous_10)
FN:108,(anonymous_11)
FN:118,(anonymous_12)
FN:125,(anonymous_13)
FN:140,(anonymous_14)
FN:171,(anonymous_15)
FN:190,(anonymous_16)
FNF:17
FNH:8
FNDA:164,(anonymous_0)
FNDA:34,(anonymous_1)
FNDA:34,(anonymous_2)
FNDA:87,(anonymous_3)
FNDA:13,(anonymous_4)
FNDA:90,(anonymous_5)
FNDA:0,(anonymous_6)
FNDA:0,(anonymous_7)
FNDA:0,(anonymous_8)
FNDA:0,(anonymous_9)
FNDA:0,(anonymous_10)
FNDA:0,(anonymous_11)
FNDA:164,(anonymous_12)
FNDA:0,(anonymous_13)
FNDA:0,(anonymous_14)
FNDA:3,(anonymous_15)
FNDA:0,(anonymous_16)
DA:9,7
DA:10,164
DA:11,164
DA:12,164
DA:13,164
DA:14,164
DA:15,164
DA:16,164
DA:19,164
DA:20,164
DA:21,164
DA:22,164
DA:24,164
DA:26,164
DA:28,164
DA:29,34
DA:30,13
DA:31,13
DA:32,13
DA:33,13
DA:36,34
DA:37,1
DA:38,1
DA:39,1
DA:40,1
DA:43,34
DA:44,6
DA:48,3
DA:49,3
DA:50,3
DA:51,2
DA:52,2
DA:54,1
DA:55,1
DA:58,3
DA:59,3
DA:60,3
DA:61,3
DA:66,164
DA:67,34
DA:72,164
DA:74,87
DA:75,87
DA:76,87
DA:77,0
DA:79,87
DA:85,164
DA:86,90
DA:88,90
DA:89,0
DA:93,164
DA:95,0
DA:96,0
DA:100,164
DA:101,0
DA:102,0
DA:103,0
DA:104,0
DA:105,0
DA:106,0
DA:107,0
DA:108,0
DA:109,0
DA:110,0
DA:113,0
DA:118,164
DA:119,164
DA:120,113
DA:126,0
DA:127,0
DA:129,0
DA:137,51
DA:140,0
DA:152,164
DA:171,3
DA:190,0
LF:76
LH:56
BRDA:24,0,0,164
BRDA:24,0,1,74
BRDA:29,1,0,13
BRDA:29,1,1,21
BRDA:36,2,0,1
BRDA:36,2,1,33
BRDA:43,3,0,6
BRDA:43,3,1,28
BRDA:44,4,0,3
BRDA:44,4,1,3
BRDA:45,5,0,6
BRDA:45,5,1,6
BRDA:50,6,0,2
BRDA:50,6,1,1
BRDA:75,7,0,87
BRDA:75,7,1,0
BRDA:76,8,0,0
BRDA:76,8,1,87
BRDA:88,9,0,0
BRDA:88,9,1,90
BRDA:95,10,0,0
BRDA:95,10,1,0
BRDA:103,11,0,0
BRDA:103,11,1,0
BRDA:119,12,0,113
BRDA:119,12,1,51
BRDA:126,13,0,0
BRDA:126,13,1,0
BRDA:142,14,0,0
BRDA:142,14,1,51
BRDA:173,15,0,0
BRDA:173,15,1,164
BRDA:186,16,0,164
BRDA:186,16,1,0
BRF:34
BRH:22
end_of_record
TN:
SF:C:\Work\Rainmaker2\Rainmaker2\src\Presentation\document-upload\src\components\Home\Activity\Activity.tsx
FN:11,(anonymous_0)
FNF:1
FNH:1
FNDA:26,(anonymous_0)
DA:12,26
LF:1
LH:1
BRF:0
BRH:0
end_of_record
TN:
SF:C:\Work\Rainmaker2\Rainmaker2\src\Presentation\document-upload\src\components\Home\Activity\ContactUs\ContactUs.tsx
FN:10,(anonymous_0)
FN:18,(anonymous_1)
FN:28,(anonymous_2)
FN:52,(anonymous_3)
FNF:4
FNH:4
FNDA:117,(anonymous_0)
FNDA:26,(anonymous_1)
FNDA:13,(anonymous_2)
FNDA:13,(anonymous_3)
DA:10,7
DA:11,117
DA:12,117
DA:14,117
DA:15,117
DA:16,117
DA:18,117
DA:19,26
DA:20,13
DA:23,26
DA:24,13
DA:28,117
DA:29,13
DA:32,13
DA:35,13
DA:36,13
DA:40,13
DA:44,13
DA:49,117
DA:50,104
DA:52,13
DA:53,13
DA:56,13
LF:23
LH:23
BRDA:19,0,0,13
BRDA:19,0,1,13
BRDA:23,1,0,13
BRDA:23,1,1,13
BRDA:35,2,0,13
BRDA:35,2,1,0
BRDA:49,3,0,104
BRDA:49,3,1,13
BRDA:81,4,0,13
BRDA:81,4,1,13
BRF:10
BRH:9
end_of_record
TN:
SF:C:\Work\Rainmaker2\Rainmaker2\src\Presentation\document-upload\src\components\Home\Activity\DocumentsStatus\DocumentsStatus.tsx
FN:12,(anonymous_0)
FN:19,(anonymous_1)
FN:29,(anonymous_2)
FN:34,(anonymous_3)
FN:51,(anonymous_4)
FN:63,(anonymous_5)
FN:85,(anonymous_6)
FN:135,(anonymous_7)
FNF:8
FNH:6
FNDA:117,(anonymous_0)
FNDA:13,(anonymous_1)
FNDA:1,(anonymous_2)
FNDA:13,(anonymous_3)
FNDA:13,(anonymous_4)
FNDA:0,(anonymous_5)
FNDA:0,(anonymous_6)
FNDA:291,(anonymous_7)
DA:12,7
DA:13,117
DA:15,117
DA:17,117
DA:19,117
DA:20,13
DA:21,13
DA:24,13
DA:25,13
DA:29,117
DA:30,1
DA:31,1
DA:34,117
DA:35,13
DA:38,13
DA:39,13
DA:43,13
DA:51,117
DA:52,13
DA:55,13
DA:56,13
DA:63,117
DA:64,0
DA:85,117
DA:86,0
DA:111,117
DA:112,20
DA:115,97
DA:116,0
DA:119,97
DA:120,0
DA:122,97
DA:136,291
DA:137,291
LF:34
LH:30
BRDA:20,0,0,13
BRDA:20,0,1,0
BRDA:24,1,0,13
BRDA:24,1,1,0
BRDA:38,2,0,13
BRDA:38,2,1,0
BRDA:55,3,0,13
BRDA:55,3,1,0
BRDA:111,4,0,20
BRDA:111,4,1,97
BRDA:115,5,0,0
BRDA:115,5,1,97
BRDA:115,6,0,97
BRDA:115,6,1,71
BRDA:119,7,0,0
BRDA:119,7,1,97
BRDA:130,8,0,0
BRDA:130,8,1,97
BRDA:136,9,0,291
BRDA:136,9,1,0
BRF:20
BRH:12
end_of_record
TN:
SF:C:\Work\Rainmaker2\Rainmaker2\src\Presentation\document-upload\src\components\Home\Activity\LoanProgress\LoanProgress.tsx
FN:16,(anonymous_0)
FN:47,(anonymous_1)
FN:56,(anonymous_2)
FN:57,(anonymous_3)
FN:61,(anonymous_4)
FN:67,(anonymous_5)
FN:70,(anonymous_6)
FN:72,(anonymous_7)
FN:79,handleSelect
FN:83,(anonymous_9)
FN:107,(anonymous_10)
FN:108,(anonymous_11)
FN:126,(anonymous_12)
FN:129,(anonymous_13)
FN:145,(anonymous_14)
FNF:15
FNH:15
FNDA:133,(anonymous_0)
FNDA:13,(anonymous_1)
FNDA:39,(anonymous_2)
FNDA:13,(anonymous_3)
FNDA:26,(anonymous_4)
FNDA:39,(anonymous_5)
FNDA:39,(anonymous_6)
FNDA:13,(anonymous_7)
FNDA:3,handleSelect
FNDA:42,(anonymous_9)
FNDA:42,(anonymous_10)
FNDA:126,(anonymous_11)
FNDA:42,(anonymous_12)
FNDA:126,(anonymous_13)
FNDA:3,(anonymous_14)
DA:16,7
DA:17,133
DA:19,133
DA:20,133
DA:21,133
DA:22,133
DA:24,133
DA:47,133
DA:48,13
DA:50,13
DA:54,13
DA:55,13
DA:56,39
DA:57,13
DA:61,133
DA:62,26
DA:64,13
DA:67,133
DA:68,39
DA:70,39
DA:72,13
DA:73,13
DA:74,13
DA:75,13
DA:80,3
DA:83,133
DA:84,42
DA:107,133
DA:108,42
DA:109,126
DA:126,133
DA:127,42
DA:128,42
DA:129,42
DA:130,126
DA:131,126
DA:137,126
DA:138,126
DA:139,126
DA:145,3
DA:162,133
DA:163,91
DA:166,42
LF:43
LH:43
BRDA:51,0,0,13
BRDA:51,0,1,0
BRDA:54,1,0,13
BRDA:54,1,1,0
BRDA:62,2,0,13
BRDA:62,2,1,13
BRDA:68,3,0,26
BRDA:68,3,1,13
BRDA:68,4,0,39
BRDA:68,4,1,26
BRDA:73,5,0,13
BRDA:73,5,1,0
BRDA:127,6,0,42
BRDA:127,6,1,0
BRDA:132,7,0,42
BRDA:132,7,1,84
BRDA:134,8,0,0
BRDA:134,8,1,84
BRDA:138,9,0,42
BRDA:138,9,1,84
BRDA:146,10,0,0
BRDA:146,10,1,126
BRDA:146,11,0,126
BRDA:146,11,1,42
BRDA:148,12,0,84
BRDA:148,12,1,42
BRDA:150,13,0,42
BRDA:150,13,1,0
BRDA:162,14,0,91
BRDA:162,14,1,42
BRDA:174,15,0,40
BRDA:174,15,1,2
BRDA:176,16,0,0
BRDA:176,16,1,2
BRF:34
BRH:26
end_of_record
TN:
SF:C:\Work\Rainmaker2\Rainmaker2\src\Presentation\document-upload\src\components\Home\Activity\LoanStatus\LoanStatus.tsx
FN:15,(anonymous_0)
FN:22,(anonymous_1)
FN:32,(anonymous_2)
FN:44,(anonymous_3)
FNF:4
FNH:4
FNDA:168,(anonymous_0)
FNDA:34,(anonymous_1)
FNDA:17,(anonymous_2)
FNDA:100,(anonymous_3)
DA:15,7
DA:17,168
DA:18,168
DA:20,168
DA:21,168
DA:22,168
DA:23,34
DA:24,17
DA:27,34
DA:28,17
DA:32,168
DA:33,17
DA:34,17
DA:35,17
DA:40,168
DA:41,118
DA:44,50
DA:45,100
DA:48,50
LF:19
LH:19
BRDA:23,0,0,17
BRDA:23,0,1,17
BRDA:27,1,0,17
BRDA:27,1,1,17
BRDA:34,2,0,17
BRDA:34,2,1,0
BRDA:40,3,0,118
BRDA:40,3,1,50
BRDA:45,4,0,100
BRDA:45,4,1,0
BRDA:45,5,0,100
BRDA:45,5,1,0
BRDA:106,6,0,50
BRDA:106,6,1,50
BRF:14
BRH:11
end_of_record
TN:
SF:C:\Work\Rainmaker2\Rainmaker2\src\Presentation\document-upload\src\components\Home\DocumentRequest\DocumentRequest.tsx
FN:7,(anonymous_0)
FNF:1
FNH:1
FNDA:2,(anonymous_0)
DA:7,7
DA:8,2
DA:9,2
DA:10,2
DA:12,2
LF:5
LH:5
BRDA:10,0,0,2
BRDA:10,0,1,0
BRDA:19,1,0,2
BRDA:19,1,1,0
BRDA:19,2,0,0
BRDA:19,2,1,2
BRF:6
BRH:3
end_of_record
TN:
SF:C:\Work\Rainmaker2\Rainmaker2\src\Presentation\document-upload\src\components\Home\DocumentRequest\DocumentUpload\DocumentUpload.tsx
FN:13,(anonymous_0)
FN:28,(anonymous_1)
FN:32,(anonymous_2)
FN:35,(anonymous_3)
FN:49,(anonymous_4)
FN:52,(anonymous_5)
FN:68,(anonymous_6)
FN:98,(anonymous_7)
FN:121,(anonymous_8)
FNF:9
FNH:2
FNDA:2,(anonymous_0)
FNDA:1,(anonymous_1)
FNDA:0,(anonymous_2)
FNDA:0,(anonymous_3)
FNDA:0,(anonymous_4)
FNDA:0,(anonymous_5)
FNDA:0,(anonymous_6)
FNDA:0,(anonymous_7)
FNDA:0,(anonymous_8)
DA:13,7
DA:14,2
DA:15,2
DA:16,2
DA:17,2
DA:18,2
DA:19,2
DA:21,2
DA:22,2
DA:26,2
DA:28,2
DA:29,1
DA:32,2
DA:34,0
DA:35,0
DA:38,0
DA:39,0
DA:40,0
DA:43,0
DA:44,0
DA:47,0
DA:48,0
DA:49,0
DA:50,0
DA:51,0
DA:52,0
DA:53,0
DA:64,2
DA:69,0
DA:99,0
DA:121,0
LF:31
LH:14
BRDA:19,0,0,2
BRDA:19,0,1,0
BRDA:21,1,0,2
BRDA:21,1,1,0
BRDA:22,2,0,0
BRDA:22,2,1,2
BRDA:32,3,0,0
BRDA:35,4,0,0
BRDA:35,4,1,0
BRDA:38,5,0,0
BRDA:38,5,1,0
BRDA:43,6,0,0
BRDA:43,6,1,0
BRDA:47,7,0,0
BRDA:47,7,1,0
BRDA:51,8,0,0
BRDA:51,8,1,0
BRDA:77,9,0,2
BRDA:77,9,1,2
BRDA:81,10,0,2
BRDA:81,10,1,0
BRDA:94,11,0,2
BRDA:94,11,1,2
BRDA:96,12,0,0
BRDA:96,12,1,2
BRDA:121,13,0,2
BRDA:121,13,1,0
BRF:27
BRH:10
end_of_record
TN:
SF:C:\Work\Rainmaker2\Rainmaker2\src\Presentation\document-upload\src\components\Home\DocumentRequest\DocumentUpload\SelectedDocuments\SelectedDocuments.tsx
FN:33,(anonymous_0)
FN:58,(anonymous_1)
FN:63,(anonymous_2)
FN:68,(anonymous_3)
FN:75,(anonymous_4)
FN:76,(anonymous_5)
FN:87,(anonymous_6)
FN:105,(anonymous_7)
FN:114,(anonymous_8)
FN:119,(anonymous_9)
FN:143,(anonymous_10)
FN:145,(anonymous_11)
FN:156,(anonymous_12)
FN:160,(anonymous_13)
FN:172,(anonymous_14)
FN:178,(anonymous_15)
FN:186,(anonymous_16)
FN:198,(anonymous_17)
FN:200,(anonymous_18)
FN:209,(anonymous_19)
FN:210,(anonymous_20)
FN:211,(anonymous_21)
FN:212,(anonymous_22)
FN:230,(anonymous_23)
FN:242,(anonymous_24)
FN:278,(anonymous_25)
FN:279,(anonymous_26)
FN:288,(anonymous_27)
FN:290,(anonymous_28)
FN:307,(anonymous_29)
FN:315,(anonymous_30)
FN:330,(anonymous_31)
FN:372,(anonymous_32)
FN:399,(anonymous_33)
FN:404,(anonymous_34)
FNF:35
FNH:13
FNDA:2,(anonymous_0)
FNDA:1,(anonymous_1)
FNDA:1,(anonymous_2)
FNDA:1,(anonymous_3)
FNDA:0,(anonymous_4)
FNDA:0,(anonymous_5)
FNDA:0,(anonymous_6)
FNDA:0,(anonymous_7)
FNDA:0,(anonymous_8)
FNDA:0,(anonymous_9)
FNDA:0,(anonymous_10)
FNDA:0,(anonymous_11)
FNDA:0,(anonymous_12)
FNDA:0,(anonymous_13)
FNDA:0,(anonymous_14)
FNDA:0,(anonymous_15)
FNDA:0,(anonymous_16)
FNDA:0,(anonymous_17)
FNDA:0,(anonymous_18)
FNDA:1,(anonymous_19)
FNDA:1,(anonymous_20)
FNDA:1,(anonymous_21)
FNDA:1,(anonymous_22)
FNDA:0,(anonymous_23)
FNDA:0,(anonymous_24)
FNDA:1,(anonymous_25)
FNDA:1,(anonymous_26)
FNDA:2,(anonymous_27)
FNDA:2,(anonymous_28)
FNDA:2,(anonymous_29)
FNDA:0,(anonymous_30)
FNDA:0,(anonymous_31)
FNDA:0,(anonymous_32)
FNDA:0,(anonymous_33)
FNDA:0,(anonymous_34)
DA:33,7
DA:39,2
DA:40,2
DA:41,2
DA:42,2
DA:43,2
DA:44,2
DA:46,2
DA:48,2
DA:49,2
DA:50,2
DA:51,2
DA:52,2
DA:53,2
DA:55,2
DA:56,2
DA:58,2
DA:59,1
DA:60,1
DA:62,1
DA:63,1
DA:65,1
DA:68,2
DA:69,1
DA:70,1
DA:72,1
DA:75,2
DA:76,0
DA:77,0
DA:78,0
DA:79,0
DA:82,0
DA:84,0
DA:87,2
DA:88,0
DA:91,0
DA:92,0
DA:94,0
DA:102,0
DA:105,2
DA:106,0
DA:112,0
DA:114,2
DA:115,0
DA:116,0
DA:119,2
DA:120,0
DA:121,0
DA:122,0
DA:123,0
DA:124,0
DA:131,0
DA:132,0
DA:133,0
DA:137,0
DA:138,0
DA:139,0
DA:143,2
DA:144,0
DA:146,0
DA:150,0
DA:151,0
DA:153,0
DA:156,2
DA:157,0
DA:158,0
DA:160,0
DA:161,0
DA:163,0
DA:164,0
DA:165,0
DA:167,0
DA:169,0
DA:172,2
DA:177,0
DA:178,0
DA:179,0
DA:180,0
DA:181,0
DA:184,0
DA:186,0
DA:187,0
DA:188,0
DA:190,0
DA:192,0
DA:198,2
DA:199,0
DA:200,0
DA:201,0
DA:202,0
DA:206,0
DA:209,2
DA:210,1
DA:211,1
DA:212,1
DA:214,1
DA:215,0
DA:217,1
DA:219,1
DA:220,0
DA:221,1
DA:222,0
DA:223,1
DA:224,0
DA:226,1
DA:230,2
DA:231,0
DA:234,0
DA:235,0
DA:242,2
DA:243,0
DA:244,0
DA:245,0
DA:246,0
DA:248,0
DA:249,0
DA:250,0
DA:254,0
DA:258,0
DA:259,0
DA:260,0
DA:261,0
DA:262,0
DA:264,0
DA:265,0
DA:269,0
DA:270,0
DA:272,0
DA:273,0
DA:274,0
DA:278,2
DA:279,1
DA:280,1
DA:281,0
DA:282,0
DA:284,1
DA:288,2
DA:289,2
DA:290,2
DA:292,2
DA:302,2
DA:308,2
DA:315,0
DA:331,0
DA:373,0
DA:374,0
DA:400,0
DA:401,0
DA:402,0
DA:403,0
DA:404,0
DA:405,0
DA:406,0
DA:410,0
DA:411,0
DA:413,0
DA:416,0
LF:157
LH:57
BRDA:51,0,0,2
BRDA:51,0,1,0
BRDA:69,1,0,1
BRDA:69,1,1,0
BRDA:77,2,0,0
BRDA:77,2,1,0
BRDA:77,3,0,0
BRDA:77,3,1,0
BRDA:122,4,0,0
BRDA:122,4,1,0
BRDA:122,5,0,0
BRDA:122,5,1,0
BRDA:122,5,2,0
BRDA:146,6,0,0
BRDA:146,6,1,0
BRDA:150,7,0,0
BRDA:150,7,1,0
BRDA:157,8,0,0
BRDA:157,8,1,0
BRDA:161,9,0,0
BRDA:161,9,1,0
BRDA:161,10,0,0
BRDA:161,10,1,0
BRDA:179,11,0,0
BRDA:179,11,1,0
BRDA:179,12,0,0
BRDA:179,12,1,0
BRDA:187,13,0,0
BRDA:187,13,1,0
BRDA:201,14,0,0
BRDA:201,14,1,0
BRDA:214,15,0,0
BRDA:214,15,1,1
BRDA:219,16,0,0
BRDA:219,16,1,1
BRDA:221,17,0,0
BRDA:221,17,1,1
BRDA:223,18,0,0
BRDA:223,18,1,1
BRDA:234,19,0,0
BRDA:234,19,1,0
BRDA:248,20,0,0
BRDA:248,20,1,0
BRDA:258,21,0,0
BRDA:258,21,1,0
BRDA:260,22,0,0
BRDA:260,22,1,0
BRDA:269,23,0,0
BRDA:269,23,1,0
BRDA:280,24,0,0
BRDA:280,24,1,1
BRDA:290,25,0,2
BRDA:290,25,1,0
BRDA:327,26,0,2
BRDA:327,26,1,0
BRDA:360,27,0,0
BRDA:360,27,1,2
BRDA:370,28,0,2
BRDA:370,28,1,0
BRDA:370,28,2,0
BRDA:383,29,0,1
BRDA:383,29,1,1
BRDA:402,30,0,0
BRDA:402,30,1,0
BRDA:405,31,0,0
BRDA:405,31,1,0
BRDA:410,32,0,0
BRDA:410,32,1,0
BRDA:437,33,0,1
BRDA:437,33,1,1
BRDA:439,34,0,1
BRDA:439,34,1,0
BRF:72
BRH:16
end_of_record
TN:
SF:C:\Work\Rainmaker2\Rainmaker2\src\Presentation\document-upload\src\components\Home\DocumentRequest\DocumentUpload\SelectedDocuments\DocumentItem\DocumentItem.tsx
FN:28,(anonymous_0)
FN:49,(anonymous_1)
FN:59,(anonymous_2)
FN:61,(anonymous_3)
FN:63,(anonymous_4)
FN:78,(anonymous_5)
FN:82,(anonymous_6)
FN:93,(anonymous_7)
FN:103,(anonymous_8)
FN:111,(anonymous_9)
FN:117,(anonymous_10)
FN:126,(anonymous_11)
FN:140,(anonymous_12)
FN:146,(anonymous_13)
FN:153,(anonymous_14)
FN:181,(anonymous_15)
FN:193,(anonymous_16)
FN:214,(anonymous_17)
FN:235,(anonymous_18)
FN:249,(anonymous_19)
FN:280,(anonymous_20)
FN:301,(anonymous_21)
FN:312,(anonymous_22)
FN:328,(anonymous_23)
FN:349,(anonymous_24)
FN:360,(anonymous_25)
FN:374,(anonymous_26)
FNF:27
FNH:7
FNDA:2,(anonymous_0)
FNDA:0,(anonymous_1)
FNDA:0,(anonymous_2)
FNDA:0,(anonymous_3)
FNDA:0,(anonymous_4)
FNDA:0,(anonymous_5)
FNDA:0,(anonymous_6)
FNDA:0,(anonymous_7)
FNDA:1,(anonymous_8)
FNDA:1,(anonymous_9)
FNDA:1,(anonymous_10)
FNDA:0,(anonymous_11)
FNDA:0,(anonymous_12)
FNDA:2,(anonymous_13)
FNDA:0,(anonymous_14)
FNDA:0,(anonymous_15)
FNDA:0,(anonymous_16)
FNDA:2,(anonymous_17)
FNDA:2,(anonymous_18)
FNDA:0,(anonymous_19)
FNDA:0,(anonymous_20)
FNDA:0,(anonymous_21)
FNDA:0,(anonymous_22)
FNDA:0,(anonymous_23)
FNDA:0,(anonymous_24)
FNDA:0,(anonymous_25)
FNDA:0,(anonymous_26)
DA:28,7
DA:41,2
DA:42,2
DA:43,2
DA:44,2
DA:45,2
DA:47,2
DA:49,2
DA:50,0
DA:51,0
DA:54,0
DA:56,0
DA:59,2
DA:61,0
DA:63,0
DA:66,0
DA:67,0
DA:71,0
DA:72,0
DA:75,0
DA:78,2
DA:79,0
DA:82,2
DA:83,0
DA:84,0
DA:85,0
DA:88,0
DA:89,0
DA:93,2
DA:94,0
DA:95,0
DA:98,0
DA:100,0
DA:103,2
DA:104,1
DA:111,2
DA:112,1
DA:113,1
DA:117,2
DA:118,1
DA:120,1
DA:121,0
DA:126,2
DA:127,0
DA:129,0
DA:131,0
DA:133,0
DA:134,0
DA:135,0
DA:140,2
DA:141,0
DA:142,0
DA:143,0
DA:146,2
DA:147,2
DA:154,0
DA:155,0
DA:158,0
DA:160,0
DA:181,0
DA:193,0
DA:214,2
DA:215,2
DA:235,2
DA:236,2
DA:249,0
DA:280,2
DA:281,0
DA:302,0
DA:313,0
DA:328,2
DA:329,0
DA:350,0
DA:360,0
DA:374,2
DA:375,0
DA:376,0
DA:377,0
DA:378,0
DA:380,0
DA:383,2
DA:384,0
DA:387,2
LF:83
LH:33
BRDA:50,0,0,0
BRDA:50,0,1,0
BRDA:50,1,0,0
BRDA:50,1,1,0
BRDA:50,1,2,0
BRDA:50,1,3,0
BRDA:61,2,0,0
BRDA:61,2,1,0
BRDA:66,3,0,0
BRDA:66,3,1,0
BRDA:71,4,0,0
BRDA:71,4,1,0
BRDA:83,5,0,0
BRDA:83,5,1,0
BRDA:84,6,0,0
BRDA:84,6,1,0
BRDA:84,7,0,0
BRDA:84,7,1,0
BRDA:84,7,2,0
BRDA:94,8,0,0
BRDA:94,8,1,0
BRDA:94,9,0,0
BRDA:94,9,1,0
BRDA:94,9,2,0
BRDA:112,10,0,1
BRDA:112,10,1,0
BRDA:118,11,0,1
BRDA:118,11,1,0
BRDA:120,12,0,0
BRDA:120,12,1,1
BRDA:133,13,0,0
BRDA:133,13,1,0
BRDA:134,14,0,0
BRDA:134,14,1,0
BRDA:149,15,0,0
BRDA:149,15,1,2
BRDA:154,16,0,0
BRDA:154,16,1,0
BRDA:154,17,0,0
BRDA:154,17,1,0
BRDA:154,17,2,0
BRDA:171,18,0,2
BRDA:171,18,1,0
BRDA:171,18,2,0
BRDA:189,19,0,2
BRDA:189,19,1,0
BRDA:189,19,2,0
BRDA:200,20,0,2
BRDA:200,20,1,2
BRDA:217,21,0,0
BRDA:217,21,1,2
BRDA:220,22,0,0
BRDA:220,22,1,0
BRDA:220,23,0,0
BRDA:220,23,1,0
BRDA:220,23,2,0
BRDA:238,24,0,2
BRDA:238,24,1,2
BRDA:241,25,0,0
BRDA:241,25,1,2
BRDA:251,26,0,2
BRDA:251,26,1,0
BRDA:256,27,0,2
BRDA:256,27,1,0
BRDA:261,28,0,2
BRDA:261,28,1,1
BRDA:270,29,0,2
BRDA:270,29,1,0
BRDA:270,29,2,0
BRDA:270,29,3,0
BRDA:375,30,0,0
BRDA:375,30,1,0
BRDA:377,31,0,0
BRDA:377,31,1,0
BRDA:383,32,0,0
BRDA:383,32,1,2
BRF:76
BRH:18
end_of_record
TN:
SF:C:\Work\Rainmaker2\Rainmaker2\src\Presentation\document-upload\src\components\Home\DocumentRequest\DocumentsRequired\DocumentsRequired.tsx
FN:12,(anonymous_0)
FN:23,(anonymous_1)
FN:25,confirmExit
FN:30,(anonymous_3)
FN:32,confirmExit
FN:37,(anonymous_5)
FN:44,(anonymous_6)
FN:46,(anonymous_7)
FN:59,(anonymous_8)
FN:63,(anonymous_9)
FN:67,(anonymous_10)
FN:79,(anonymous_11)
FN:81,(anonymous_12)
FN:90,(anonymous_13)
FN:94,(anonymous_14)
FN:98,(anonymous_15)
FN:140,(anonymous_16)
FNF:17
FNH:9
FNDA:2,(anonymous_0)
FNDA:0,(anonymous_1)
FNDA:0,confirmExit
FNDA:1,(anonymous_3)
FNDA:0,confirmExit
FNDA:1,(anonymous_5)
FNDA:1,(anonymous_6)
FNDA:1,(anonymous_7)
FNDA:0,(anonymous_8)
FNDA:1,(anonymous_9)
FNDA:1,(anonymous_10)
FNDA:0,(anonymous_11)
FNDA:0,(anonymous_12)
FNDA:2,(anonymous_13)
FNDA:6,(anonymous_14)
FNDA:0,(anonymous_15)
FNDA:0,(anonymous_16)
DA:12,7
DA:13,2
DA:14,2
DA:15,2
DA:16,2
DA:17,2
DA:19,2
DA:21,2
DA:23,2
DA:24,0
DA:26,0
DA:30,2
DA:31,1
DA:33,0
DA:37,2
DA:38,1
DA:39,1
DA:41,1
DA:44,2
DA:46,1
DA:48,1
DA:49,1
DA:50,0
DA:51,0
DA:53,1
DA:54,1
DA:59,2
DA:60,0
DA:63,2
DA:64,1
DA:67,2
DA:68,1
DA:69,0
DA:72,0
DA:73,0
DA:74,0
DA:79,2
DA:80,0
DA:81,0
DA:83,0
DA:84,0
DA:86,0
DA:90,2
DA:91,2
DA:92,2
DA:95,6
DA:99,0
DA:100,0
DA:101,0
DA:103,0
DA:104,0
DA:105,0
DA:107,0
DA:109,0
DA:127,0
DA:130,2
DA:131,0
DA:134,2
DA:140,0
LF:59
LH:33
BRDA:19,0,0,2
BRDA:19,0,1,0
BRDA:38,1,0,1
BRDA:38,1,1,0
BRDA:48,2,0,1
BRDA:48,2,1,0
BRDA:49,3,0,0
BRDA:49,3,1,1
BRDA:68,4,0,0
BRDA:68,4,1,1
BRDA:72,5,0,0
BRDA:72,5,1,0
BRDA:81,6,0,0
BRDA:81,6,1,0
BRDA:83,7,0,0
BRDA:83,7,1,0
BRDA:91,8,0,2
BRDA:91,8,1,0
BRDA:99,9,0,0
BRDA:99,9,1,0
BRDA:99,10,0,0
BRDA:99,10,1,0
BRDA:103,11,0,0
BRDA:103,11,1,0
BRDA:104,12,0,0
BRDA:104,12,1,0
BRDA:114,13,0,2
BRDA:114,13,1,4
BRDA:114,14,0,6
BRDA:114,14,1,6
BRDA:130,15,0,0
BRDA:130,15,1,2
BRDA:136,16,0,2
BRDA:136,16,1,2
BRDA:137,17,0,2
BRDA:137,17,1,0
BRF:36
BRH:14
end_of_record
TN:
SF:C:\Work\Rainmaker2\Rainmaker2\src\Presentation\document-upload\src\components\Home\UploadedDocuments\UploadedDocuments.tsx
FN:4,(anonymous_0)
FNF:1
FNH:1
FNDA:11,(anonymous_0)
DA:4,7
DA:5,11
LF:2
LH:2
BRF:0
BRH:0
end_of_record
TN:
SF:C:\Work\Rainmaker2\Rainmaker2\src\Presentation\document-upload\src\components\Home\UploadedDocuments\UploadedDocumentsTable\UploadedDocumentsTable.tsx
FN:25,(anonymous_0)
FN:34,(anonymous_1)
FN:38,(anonymous_2)
FN:52,(anonymous_3)
FN:60,(anonymous_4)
FN:63,(anonymous_5)
FN:72,(anonymous_6)
FN:91,(anonymous_7)
FN:94,(anonymous_8)
FN:105,(anonymous_9)
FN:106,(anonymous_10)
FN:109,(anonymous_11)
FN:112,(anonymous_12)
FN:129,(anonymous_13)
FN:133,(anonymous_14)
FN:149,(anonymous_15)
FN:169,(anonymous_16)
FN:179,(anonymous_17)
FN:184,(anonymous_18)
FNF:19
FNH:12
FNDA:19,(anonymous_0)
FNDA:6,(anonymous_1)
FNDA:6,(anonymous_2)
FNDA:0,(anonymous_3)
FNDA:60,(anonymous_4)
FNDA:240,(anonymous_5)
FNDA:0,(anonymous_6)
FNDA:60,(anonymous_7)
FNDA:240,(anonymous_8)
FNDA:15,(anonymous_9)
FNDA:60,(anonymous_10)
FNDA:60,(anonymous_11)
FNDA:240,(anonymous_12)
FNDA:0,(anonymous_13)
FNDA:15,(anonymous_14)
FNDA:0,(anonymous_15)
FNDA:0,(anonymous_16)
FNDA:0,(anonymous_17)
FNDA:0,(anonymous_18)
DA:25,7
DA:26,19
DA:27,19
DA:29,19
DA:31,19
DA:32,19
DA:34,19
DA:35,6
DA:38,19
DA:39,6
DA:40,4
DA:43,4
DA:44,4
DA:52,19
DA:53,0
DA:54,0
DA:56,0
DA:60,19
DA:61,60
DA:64,240
DA:66,240
DA:73,0
DA:79,0
DA:91,19
DA:92,60
DA:95,240
DA:105,19
DA:106,60
DA:108,15
DA:110,60
DA:111,60
DA:112,240
DA:114,60
DA:129,19
DA:130,0
DA:133,19
DA:134,15
DA:135,15
DA:149,19
DA:150,0
DA:169,19
DA:170,0
DA:176,0
DA:179,19
DA:180,0
DA:181,0
DA:184,19
DA:185,0
DA:186,0
DA:187,0
DA:188,0
DA:191,19
LF:52
LH:37
BRDA:39,0,0,4
BRDA:39,0,1,2
BRDA:43,1,0,4
BRDA:43,1,1,0
BRDA:53,2,0,0
BRDA:53,2,1,0
BRDA:110,3,0,0
BRDA:110,3,1,60
BRDA:134,4,0,0
BRDA:134,4,1,15
BRDA:134,5,0,15
BRDA:134,5,1,15
BRDA:194,6,0,19
BRDA:194,6,1,15
BRDA:196,7,0,19
BRDA:196,7,1,0
BRDA:198,8,0,19
BRDA:198,8,1,0
BRDA:198,8,2,0
BRF:19
BRH:11
end_of_record
TN:
SF:C:\Work\Rainmaker2\Rainmaker2\src\Presentation\document-upload\src\components\Loading\Loading.tsx
FN:6,(anonymous_0)
FN:9,(anonymous_1)
FN:16,(anonymous_2)
FN:20,(anonymous_3)
FN:25,(anonymous_4)
FNF:5
FNH:0
FNDA:0,(anonymous_0)
FNDA:0,(anonymous_1)
FNDA:0,(anonymous_2)
FNDA:0,(anonymous_3)
FNDA:0,(anonymous_4)
DA:6,0
DA:7,0
DA:9,0
DA:10,0
DA:11,0
DA:12,0
DA:13,0
DA:14,0
DA:15,0
DA:16,0
DA:17,0
DA:20,0
DA:21,0
DA:25,0
DA:26,0
DA:31,0
DA:33,0
LF:17
LH:0
BRDA:12,0,0,0
BRDA:12,0,1,0
BRDA:14,1,0,0
BRDA:14,1,1,0
BRDA:14,2,0,0
BRDA:14,2,1,0
BRF:6
BRH:0
end_of_record
TN:
SF:C:\Work\Rainmaker2\Rainmaker2\src\Presentation\document-upload\src\entities\Models\ContactU.ts
FN:10,(anonymous_0)
FN:20,(anonymous_1)
FN:32,(anonymous_2)
FNF:3
FNH:3
FNDA:13,(anonymous_0)
FNDA:13,(anonymous_1)
FNDA:13,(anonymous_2)
DA:11,13
DA:12,13
DA:13,13
DA:14,13
DA:15,13
DA:16,13
DA:17,13
DA:21,13
DA:22,13
DA:23,13
DA:24,13
DA:25,13
DA:26,13
DA:27,13
DA:28,13
DA:33,13
LF:16
LH:16
BRF:0
BRH:0
end_of_record
TN:
SF:C:\Work\Rainmaker2\Rainmaker2\src\Presentation\document-upload\src\entities\Models\Document.ts
FN:21,(anonymous_0)
FNF:1
FNH:1
FNDA:208,(anonymous_0)
DA:6,208
DA:11,208
DA:12,208
DA:13,208
DA:14,208
DA:15,208
DA:16,208
DA:17,208
DA:18,208
DA:19,208
DA:32,208
DA:33,208
DA:34,208
DA:35,208
DA:36,208
DA:37,208
DA:38,208
DA:39,208
DA:40,208
LF:19
LH:19
BRDA:22,0,0,0
BRDA:23,1,0,0
BRDA:24,2,0,0
BRDA:25,3,0,208
BRDA:26,4,0,208
BRF:5
BRH:2
end_of_record
TN:
SF:C:\Work\Rainmaker2\Rainmaker2\src\Presentation\document-upload\src\entities\Models\DocumentRequest.ts
FN:14,(anonymous_0)
FNF:1
FNH:1
FNDA:39,(anonymous_0)
DA:11,39
DA:12,39
DA:23,39
DA:24,39
DA:25,39
DA:26,39
DA:27,39
DA:28,39
DA:29,39
LF:9
LH:9
BRF:0
BRH:0
end_of_record
TN:
SF:C:\Work\Rainmaker2\Rainmaker2\src\Presentation\document-upload\src\entities\Models\LoanApplication.ts
FN:16,(anonymous_0)
FN:42,(anonymous_1)
FN:49,(anonymous_2)
FNF:3
FNH:3
FNDA:17,(anonymous_0)
FNDA:100,(anonymous_1)
FNDA:17,(anonymous_2)
DA:29,17
DA:30,17
DA:31,17
DA:32,17
DA:33,17
DA:34,17
DA:35,17
DA:36,17
DA:37,17
DA:38,17
DA:39,17
DA:43,100
DA:44,0
DA:46,100
DA:50,17
DA:51,17
DA:52,17
DA:53,17
DA:54,17
DA:55,17
DA:56,17
DA:57,17
DA:58,17
DA:59,17
DA:60,17
DA:61,17
LF:26
LH:25
BRDA:43,0,0,0
BRDA:43,0,1,100
BRDA:57,1,0,17
BRDA:57,1,1,0
BRDA:59,2,0,17
BRDA:59,2,1,0
BRF:6
BRH:3
end_of_record
TN:
SF:C:\Work\Rainmaker2\Rainmaker2\src\Presentation\document-upload\src\entities\Models\LoanProgress.ts
FN:9,(anonymous_0)
FNF:1
FNH:0
FNDA:0,(anonymous_0)
DA:10,0
DA:11,0
DA:12,0
DA:13,0
DA:14,0
DA:15,0
LF:6
LH:0
BRF:0
BRH:0
end_of_record
TN:
SF:C:\Work\Rainmaker2\Rainmaker2\src\Presentation\document-upload\src\entities\Models\UploadedDocuments.ts
FN:12,(anonymous_0)
FNF:1
FNH:0
FNDA:0,(anonymous_0)
DA:20,0
DA:21,0
DA:22,0
DA:23,0
DA:24,0
DA:25,0
LF:6
LH:0
BRF:0
BRH:0
end_of_record
TN:
SF:C:\Work\Rainmaker2\Rainmaker2\src\Presentation\document-upload\src\entities\Models\User.ts
FNF:0
FNH:0
DA:12,0
DA:13,0
DA:14,0
DA:15,0
LF:4
LH:0
BRF:0
BRH:0
end_of_record
TN:
SF:C:\Work\Rainmaker2\Rainmaker2\src\Presentation\document-upload\src\services\auth\Auth.ts
FN:8,(anonymous_0)
FN:12,(anonymous_1)
FN:16,(anonymous_2)
FN:20,(anonymous_3)
FN:24,(anonymous_4)
FN:28,(anonymous_5)
FN:32,(anonymous_6)
FN:36,(anonymous_7)
FN:69,(anonymous_8)
FN:74,(anonymous_9)
FN:81,(anonymous_10)
FN:85,(anonymous_11)
FN:92,(anonymous_12)
FN:99,(anonymous_13)
FN:106,(anonymous_14)
FN:110,(anonymous_15)
FN:114,(anonymous_16)
FN:121,(anonymous_17)
FNF:18
FNH:2
FNDA:0,(anonymous_0)
FNDA:0,(anonymous_1)
FNDA:0,(anonymous_2)
FNDA:0,(anonymous_3)
FNDA:1,(anonymous_4)
FNDA:0,(anonymous_5)
FNDA:0,(anonymous_6)
FNDA:0,(anonymous_7)
FNDA:0,(anonymous_8)
FNDA:0,(anonymous_9)
FNDA:0,(anonymous_10)
FNDA:0,(anonymous_11)
FNDA:0,(anonymous_12)
FNDA:0,(anonymous_13)
FNDA:0,(anonymous_14)
FNDA:0,(anonymous_15)
FNDA:0,(anonymous_16)
FNDA:1,(anonymous_17)
DA:5,1
DA:9,0
DA:13,0
DA:17,0
DA:21,0
DA:25,1
DA:29,0
DA:33,0
DA:37,0
DA:38,0
DA:39,0
DA:40,0
DA:42,0
DA:43,0
DA:44,0
DA:45,0
DA:46,0
DA:48,0
DA:49,0
DA:50,0
DA:54,0
DA:55,0
DA:56,0
DA:57,0
DA:58,0
DA:59,0
DA:61,0
DA:66,0
DA:70,0
DA:71,0
DA:75,0
DA:76,0
DA:77,0
DA:82,0
DA:86,0
DA:87,0
DA:88,0
DA:93,0
DA:100,0
DA:107,0
DA:111,0
DA:117,0
DA:118,0
DA:123,1
DA:124,1
DA:126,0
DA:127,0
DA:128,0
DA:130,0
LF:49
LH:4
BRDA:39,0,0,0
BRDA:39,0,1,0
BRDA:42,1,0,0
BRDA:42,1,1,0
BRDA:45,2,0,0
BRDA:45,2,1,0
BRDA:48,3,0,0
BRDA:48,3,1,0
BRDA:55,4,0,0
BRDA:55,4,1,0
BRDA:58,5,0,0
BRDA:58,5,1,0
BRDA:70,6,0,0
BRDA:70,6,1,0
BRDA:76,7,0,0
BRDA:76,7,1,0
BRDA:94,8,0,0
BRDA:94,8,1,0
BRDA:123,9,0,1
BRDA:123,9,1,0
BRF:20
BRH:1
end_of_record
TN:
SF:C:\Work\Rainmaker2\Rainmaker2\src\Presentation\document-upload\src\services\test_helpers\MockCookies.ts
FN:1,(anonymous_0)
FN:5,(anonymous_1)
FN:7,(anonymous_2)
FN:9,_get
FN:12,_set
FN:19,(anonymous_5)
FN:21,(anonymous_6)
FN:23,_get
FN:26,_set
FN:36,(anonymous_9)
FNF:10
FNH:0
FNDA:0,(anonymous_0)
FNDA:0,(anonymous_1)
FNDA:0,(anonymous_2)
FNDA:0,_get
FNDA:0,_set
FNDA:0,(anonymous_5)
FNDA:0,(anonymous_6)
FNDA:0,_get
FNDA:0,_set
FNDA:0,(anonymous_9)
DA:1,0
DA:2,0
DA:5,0
DA:7,0
DA:8,0
DA:10,0
DA:13,0
DA:19,0
DA:21,0
DA:22,0
DA:24,0
DA:27,0
DA:36,0
DA:37,0
LF:14
LH:0
BRF:0
BRH:0
end_of_record
TN:
SF:C:\Work\Rainmaker2\Rainmaker2\src\Presentation\document-upload\src\services\test_helpers\axios.ts
FNF:0
FNH:0
DA:1,0
LF:1
LH:0
BRF:0
BRH:0
end_of_record
TN:
SF:C:\Work\Rainmaker2\Rainmaker2\src\Presentation\document-upload\src\shared\Components\AlertBox\AlertBox.tsx
FN:15,(anonymous_0)
FN:26,(anonymous_1)
FN:28,(anonymous_2)
FN:57,(anonymous_3)
FNF:4
FNH:3
FNDA:3,(anonymous_0)
FNDA:1,(anonymous_1)
FNDA:0,(anonymous_2)
FNDA:1,(anonymous_3)
DA:15,8
DA:21,3
DA:23,3
DA:24,3
DA:26,3
DA:27,1
DA:28,1
DA:29,0
DA:30,0
DA:32,0
DA:35,0
DA:39,0
DA:40,0
DA:46,0
DA:47,0
DA:48,0
DA:49,0
DA:52,0
DA:54,1
DA:57,3
DA:58,1
DA:61,3
LF:22
LH:11
BRDA:29,0,0,0
BRDA:29,0,1,0
BRDA:39,1,0,0
BRDA:39,1,1,0
BRDA:46,2,0,0
BRDA:46,2,1,0
BRDA:48,3,0,0
BRDA:48,3,1,0
BRDA:48,4,0,0
BRDA:48,4,1,0
BRF:10
BRH:0
end_of_record
TN:
SF:C:\Work\Rainmaker2\Rainmaker2\src\Presentation\document-upload\src\shared\Components\Assets\SVG.tsx
FN:7,(anonymous_0)
FN:20,(anonymous_1)
FN:28,(anonymous_2)
FN:40,(anonymous_3)
FN:48,(anonymous_4)
FN:67,(anonymous_5)
FN:92,(anonymous_6)
FN:111,(anonymous_7)
FN:119,(anonymous_8)
FN:133,(anonymous_9)
FN:143,(anonymous_10)
FN:151,(anonymous_11)
FN:159,(anonymous_12)
FN:167,(anonymous_13)
FN:175,(anonymous_14)
FNF:15
FNH:15
FNDA:4,(anonymous_0)
FNDA:2,(anonymous_1)
FNDA:1,(anonymous_2)
FNDA:1,(anonymous_3)
FNDA:1,(anonymous_4)
FNDA:1,(anonymous_5)
FNDA:1,(anonymous_6)
FNDA:1,(anonymous_7)
FNDA:1,(anonymous_8)
FNDA:1,(anonymous_9)
FNDA:1,(anonymous_10)
FNDA:1,(anonymous_11)
FNDA:1,(anonymous_12)
FNDA:1,(anonymous_13)
FNDA:1,(anonymous_14)
DA:7,8
DA:8,4
DA:20,8
DA:21,2
DA:28,8
DA:29,1
DA:40,8
DA:41,1
DA:48,8
DA:49,1
DA:67,8
DA:68,1
DA:92,8
DA:93,1
DA:111,8
DA:112,1
DA:119,8
DA:120,1
DA:133,8
DA:134,1
DA:143,8
DA:144,1
DA:151,8
DA:152,1
DA:159,8
DA:160,1
DA:167,8
DA:168,1
DA:175,8
DA:176,1
LF:30
LH:30
BRDA:7,0,0,3
BRDA:7,1,0,3
BRDA:20,2,0,1
BRDA:20,3,0,1
BRF:4
BRH:4
end_of_record
TN:
SF:C:\Work\Rainmaker2\Rainmaker2\src\Presentation\document-upload\src\shared\Components\Assets\loader.tsx
FN:10,(anonymous_0)
FNF:1
FNH:1
FNDA:335,(anonymous_0)
DA:10,8
DA:12,335
LF:2
LH:2
BRDA:16,0,0,1
BRDA:16,0,1,334
BRDA:17,1,0,0
BRDA:17,1,1,335
BRDA:17,2,0,1
BRDA:17,2,1,334
BRF:6
BRH:5
end_of_record
TN:
SF:C:\Work\Rainmaker2\Rainmaker2\src\Presentation\document-upload\src\shared\Components\Authorized\Authorized.tsx
FN:6,(anonymous_0)
FN:8,(anonymous_1)
FNF:2
FNH:2
FNDA:90,(anonymous_0)
FNDA:90,(anonymous_1)
DA:6,7
DA:8,90
DA:9,90
DA:10,90
DA:12,0
LF:5
LH:4
BRDA:9,0,0,90
BRDA:9,0,1,0
BRF:2
BRH:1
end_of_record
TN:
SF:C:\Work\Rainmaker2\Rainmaker2\src\Presentation\document-upload\src\shared\Components\DocumentDropBox\DocumentDropBox.tsx
FN:14,(anonymous_0)
FN:20,(anonymous_1)
FN:24,(anonymous_2)
FN:48,(anonymous_3)
FN:77,(anonymous_4)
FN:86,(anonymous_5)
FN:91,(anonymous_6)
FN:96,(anonymous_7)
FN:101,(anonymous_8)
FN:109,(anonymous_9)
FN:115,(anonymous_10)
FN:121,(anonymous_11)
FN:126,(anonymous_12)
FN:131,(anonymous_13)
FN:136,(anonymous_14)
FN:137,(anonymous_15)
FN:138,(anonymous_16)
FN:139,(anonymous_17)
FNF:18
FNH:1
FNDA:0,(anonymous_0)
FNDA:0,(anonymous_1)
FNDA:0,(anonymous_2)
FNDA:0,(anonymous_3)
FNDA:0,(anonymous_4)
FNDA:0,(anonymous_5)
FNDA:0,(anonymous_6)
FNDA:0,(anonymous_7)
FNDA:0,(anonymous_8)
FNDA:0,(anonymous_9)
FNDA:0,(anonymous_10)
FNDA:0,(anonymous_11)
FNDA:0,(anonymous_12)
FNDA:2,(anonymous_13)
FNDA:0,(anonymous_14)
FNDA:0,(anonymous_15)
FNDA:0,(anonymous_16)
FNDA:0,(anonymous_17)
DA:14,7
DA:18,0
DA:20,0
DA:21,0
DA:24,0
DA:27,0
DA:30,0
DA:48,0
DA:73,1
DA:78,0
DA:79,0
DA:80,0
DA:81,0
DA:82,0
DA:87,0
DA:88,0
DA:89,0
DA:90,0
DA:91,0
DA:93,0
DA:97,0
DA:98,0
DA:99,0
DA:100,0
DA:101,0
DA:102,0
DA:103,0
DA:106,0
DA:110,0
DA:111,0
DA:112,0
DA:113,0
DA:114,0
DA:115,0
DA:116,0
DA:118,0
DA:122,0
DA:123,0
DA:124,0
DA:125,0
DA:126,0
DA:128,0
DA:132,2
DA:136,0
DA:137,0
DA:138,0
DA:139,0
LF:47
LH:3
BRDA:88,0,0,0
BRDA:88,0,1,0
BRDA:99,1,0,0
BRDA:99,1,1,0
BRDA:102,2,0,0
BRDA:102,2,1,0
BRDA:112,3,0,0
BRDA:112,3,1,0
BRDA:124,4,0,0
BRDA:124,4,1,0
BRDA:141,5,0,0
BRDA:141,5,1,2
BRF:12
BRH:1
end_of_record
TN:
SF:C:\Work\Rainmaker2\Rainmaker2\src\Presentation\document-upload\src\shared\Components\DocumentView\DocumentView.tsx
FN:34,(anonymous_0)
FN:52,(anonymous_1)
FN:63,(anonymous_2)
FN:77,(anonymous_3)
FN:86,(anonymous_4)
FN:97,(anonymous_5)
FN:105,(anonymous_6)
FN:129,(anonymous_7)
FN:140,(anonymous_8)
FN:145,(anonymous_9)
FN:152,(anonymous_10)
FN:185,(anonymous_11)
FN:224,(anonymous_12)
FNF:13
FNH:0
FNDA:0,(anonymous_0)
FNDA:0,(anonymous_1)
FNDA:0,(anonymous_2)
FNDA:0,(anonymous_3)
FNDA:0,(anonymous_4)
FNDA:0,(anonymous_5)
FNDA:0,(anonymous_6)
FNDA:0,(anonymous_7)
FNDA:0,(anonymous_8)
FNDA:0,(anonymous_9)
FNDA:0,(anonymous_10)
FNDA:0,(anonymous_11)
FNDA:0,(anonymous_12)
DA:34,0
DA:46,0
DA:52,0
DA:53,0
DA:54,0
DA:55,0
DA:63,0
DA:64,0
DA:65,0
DA:66,0
DA:71,0
DA:72,0
DA:73,0
DA:77,0
DA:78,0
DA:81,0
DA:83,0
DA:86,0
DA:89,0
DA:90,0
DA:91,0
DA:93,0
DA:96,0
DA:98,0
DA:99,0
DA:105,0
DA:106,0
DA:107,0
DA:109,0
DA:110,0
DA:112,0
DA:113,0
DA:114,0
DA:115,0
DA:129,0
DA:130,0
DA:140,0
DA:141,0
DA:143,0
DA:146,0
DA:152,0
DA:153,0
DA:156,0
DA:186,0
DA:225,0
LF:45
LH:0
BRDA:55,0,0,0
BRDA:55,0,1,0
BRDA:65,1,0,0
BRDA:65,1,1,0
BRDA:81,2,0,0
BRDA:81,2,1,0
BRDA:98,3,0,0
BRDA:98,3,1,0
BRDA:106,4,0,0
BRDA:106,4,1,0
BRDA:109,5,0,0
BRDA:109,5,1,0
BRDA:161,6,0,0
BRDA:161,6,1,0
BRDA:228,7,0,0
BRDA:228,7,1,0
BRF:16
BRH:0
end_of_record
TN:
SF:C:\Work\Rainmaker2\Rainmaker2\src\Presentation\document-upload\src\shared\Components\Footer\Footer.tsx
FN:4,(anonymous_0)
FNF:1
FNH:0
FNDA:0,(anonymous_0)
DA:3,0
DA:4,0
DA:5,0
LF:3
LH:0
BRF:0
BRH:0
end_of_record
TN:
SF:C:\Work\Rainmaker2\Rainmaker2\src\Presentation\document-upload\src\shared\Components\Header\Header.tsx
FN:13,(anonymous_0)
FN:14,(anonymous_1)
FNF:2
FNH:0
FNDA:0,(anonymous_0)
FNDA:0,(anonymous_1)
DA:13,0
DA:14,0
DA:15,0
DA:16,0
DA:20,0
LF:5
LH:0
BRF:0
BRH:0
end_of_record
TN:
SF:C:\Work\Rainmaker2\Rainmaker2\src\Presentation\document-upload\src\shared\Errors\ErrorBoundary.tsx
FN:7,(anonymous_0)
FN:11,(anonymous_1)
FN:15,(anonymous_2)
FNF:3
FNH:3
FNDA:1,(anonymous_0)
FNDA:1,(anonymous_1)
FNDA:3,(anonymous_2)
DA:5,2
DA:8,1
DA:16,3
DA:17,1
DA:20,2
LF:5
LH:5
BRDA:16,0,0,1
BRDA:16,0,1,2
BRF:2
BRH:2
end_of_record
TN:
SF:C:\Work\Rainmaker2\Rainmaker2\src\Presentation\document-upload\src\shared\Errors\ErrorView.tsx
FN:3,(anonymous_0)
FNF:1
FNH:1
FNDA:1,(anonymous_0)
DA:3,1
DA:4,1
LF:2
LH:2
BRF:0
BRH:0
end_of_record
TN:
SF:C:\Work\Rainmaker2\Rainmaker2\src\Presentation\document-upload\src\shared\Errors\PageNotFound.tsx
FN:3,(anonymous_0)
FNF:1
FNH:1
FNDA:1,(anonymous_0)
DA:3,8
DA:4,1
LF:2
LH:2
BRF:0
BRH:0
end_of_record
TN:
SF:C:\Work\Rainmaker2\Rainmaker2\src\Presentation\document-upload\src\store\store.tsx
FN:30,(anonymous_0)
FN:33,(anonymous_1)
FNF:2
FNH:1
FNDA:0,(anonymous_0)
FNDA:134,(anonymous_1)
DA:8,8
DA:9,8
DA:10,8
DA:12,8
DA:13,8
DA:20,8
DA:25,8
DA:30,0
DA:33,8
DA:34,134
DA:36,134
LF:11
LH:10
BRDA:13,0,0,7
BRDA:13,0,1,1
BRF:2
BRH:2
end_of_record
TN:
SF:C:\Work\Rainmaker2\Rainmaker2\src\Presentation\document-upload\src\store\actions\DocumentActions.ts
FN:14,(anonymous_0)
FN:20,(anonymous_1)
FN:43,(anonymous_2)
FN:63,(anonymous_3)
FN:68,(anonymous_4)
FN:75,(anonymous_5)
FN:102,(anonymous_6)
FNF:7
FNH:0
FNDA:0,(anonymous_0)
FNDA:0,(anonymous_1)
FNDA:0,(anonymous_2)
FNDA:0,(anonymous_3)
FNDA:0,(anonymous_4)
FNDA:0,(anonymous_5)
FNDA:0,(anonymous_6)
DA:11,0
DA:15,0
DA:16,0
DA:20,0
DA:29,0
DA:30,0
DA:40,0
DA:41,0
DA:43,0
DA:44,0
DA:55,0
DA:57,0
DA:59,0
DA:64,0
DA:65,0
DA:68,0
DA:70,0
DA:74,0
DA:76,0
DA:77,0
DA:78,0
DA:79,0
DA:80,0
DA:87,0
DA:96,0
DA:98,0
DA:103,0
DA:104,0
DA:107,0
DA:108,0
DA:111,0
DA:112,0
LF:32
LH:0
BRDA:40,0,0,0
BRDA:40,0,1,0
BRDA:40,1,0,0
BRDA:40,1,1,0
BRDA:107,2,0,0
BRDA:107,2,1,0
BRDA:111,3,0,0
BRDA:111,3,1,0
BRF:8
BRH:0
end_of_record
TN:
SF:C:\Work\Rainmaker2\Rainmaker2\src\Presentation\document-upload\src\store\actions\DocumentUploadActions.ts
FN:14,(anonymous_0)
FN:30,(anonymous_1)
FN:33,(anonymous_2)
FN:58,(anonymous_3)
FN:77,(anonymous_4)
FN:130,(anonymous_5)
FN:135,(anonymous_6)
FNF:7
FNH:0
FNDA:0,(anonymous_0)
FNDA:0,(anonymous_1)
FNDA:0,(anonymous_2)
FNDA:0,(anonymous_3)
FNDA:0,(anonymous_4)
FNDA:0,(anonymous_5)
FNDA:0,(anonymous_6)
DA:11,7
DA:20,0
DA:21,0
DA:31,0
DA:32,0
DA:33,0
DA:34,0
DA:35,0
DA:36,0
DA:37,0
DA:39,0
DA:41,0
DA:43,0
DA:54,0
DA:59,0
DA:61,0
DA:63,0
DA:64,0
DA:67,0
DA:68,0
DA:69,0
DA:72,0
DA:74,0
DA:83,0
DA:84,0
DA:85,0
DA:86,0
DA:87,0
DA:88,0
DA:91,0
DA:101,0
DA:103,0
DA:104,0
DA:105,0
DA:108,0
DA:109,0
DA:110,0
DA:113,0
DA:115,0
DA:117,0
DA:118,0
DA:120,0
DA:122,0
DA:124,0
DA:135,0
DA:136,0
DA:137,0
DA:140,0
LF:48
LH:1
BRDA:34,0,0,0
BRDA:34,0,1,0
BRDA:36,1,0,0
BRDA:36,1,1,0
BRDA:63,2,0,0
BRDA:63,2,1,0
BRDA:86,3,0,0
BRDA:86,3,1,0
BRDA:103,4,0,0
BRDA:103,4,1,0
BRDA:108,5,0,0
BRDA:108,5,1,0
BRDA:117,6,0,0
BRDA:117,6,1,0
BRDA:136,7,0,0
BRDA:136,7,1,0
BRF:16
BRH:0
end_of_record
TN:
SF:C:\Work\Rainmaker2\Rainmaker2\src\Presentation\document-upload\src\store\actions\LoanActions.ts
FN:19,(anonymous_0)
FN:33,(anonymous_1)
FN:44,(anonymous_2)
FN:55,(anonymous_3)
FN:66,(anonymous_4)
FN:78,(anonymous_5)
FN:81,(anonymous_6)
FN:87,(anonymous_7)
FNF:8
FNH:0
FNDA:0,(anonymous_0)
FNDA:0,(anonymous_1)
FNDA:0,(anonymous_2)
FNDA:0,(anonymous_3)
FNDA:0,(anonymous_4)
FNDA:0,(anonymous_5)
FNDA:0,(anonymous_6)
FNDA:0,(anonymous_7)
DA:11,0
DA:13,0
DA:20,0
DA:21,0
DA:24,0
DA:26,0
DA:27,0
DA:34,0
DA:35,0
DA:38,0
DA:40,0
DA:45,0
DA:46,0
DA:49,0
DA:51,0
DA:56,0
DA:57,0
DA:60,0
DA:62,0
DA:67,0
DA:68,0
DA:71,0
DA:73,0
DA:78,0
DA:79,0
DA:81,0
DA:82,0
DA:83,0
DA:87,0
DA:88,0
DA:89,0
DA:92,0
DA:93,0
DA:96,0
DA:97,0
DA:99,0
LF:36
LH:0
BRDA:26,0,0,0
BRDA:26,0,1,0
BRDA:44,1,0,0
BRDA:82,2,0,0
BRDA:82,2,1,0
BRDA:88,3,0,0
BRDA:88,3,1,0
BRDA:92,4,0,0
BRDA:92,4,1,0
BRDA:96,5,0,0
BRDA:96,5,1,0
BRF:11
BRH:0
end_of_record
TN:
SF:C:\Work\Rainmaker2\Rainmaker2\src\Presentation\document-upload\src\store\actions\User.ts
FN:7,(anonymous_0)
FNF:1
FNH:0
FNDA:0,(anonymous_0)
DA:4,0
DA:8,0
DA:12,0
DA:13,0
DA:14,0
DA:15,0
LF:6
LH:0
BRDA:13,0,0,0
BRDA:13,0,1,0
BRF:2
BRH:0
end_of_record
TN:
SF:C:\Work\Rainmaker2\Rainmaker2\src\Presentation\document-upload\src\store\actions\UserActions.ts
FN:11,(anonymous_0)
FN:32,(anonymous_1)
FN:56,(anonymous_2)
FN:63,(anonymous_3)
FN:74,(anonymous_4)
FN:133,(anonymous_5)
FN:141,(anonymous_6)
FN:149,(anonymous_7)
FN:157,(anonymous_8)
FN:168,(anonymous_9)
FN:176,(anonymous_10)
FN:181,(anonymous_11)
FNF:12
FNH:0
FNDA:0,(anonymous_0)
FNDA:0,(anonymous_1)
FNDA:0,(anonymous_2)
FNDA:0,(anonymous_3)
FNDA:0,(anonymous_4)
FNDA:0,(anonymous_5)
FNDA:0,(anonymous_6)
FNDA:0,(anonymous_7)
FNDA:0,(anonymous_8)
FNDA:0,(anonymous_9)
FNDA:0,(anonymous_10)
FNDA:0,(anonymous_11)
DA:7,0
DA:8,0
DA:12,0
DA:18,0
DA:22,0
DA:23,0
DA:25,0
DA:26,0
DA:27,0
DA:28,0
DA:33,0
DA:34,0
DA:35,0
DA:37,0
DA:42,0
DA:43,0
DA:44,0
DA:45,0
DA:46,0
DA:47,0
DA:48,0
DA:49,0
DA:52,0
DA:53,0
DA:54,0
DA:56,0
DA:57,0
DA:59,0
DA:64,0
DA:66,0
DA:67,0
DA:69,0
DA:70,0
DA:75,0
DA:76,0
DA:78,0
DA:79,0
DA:80,0
DA:82,0
DA:86,0
DA:87,0
DA:88,0
DA:89,0
DA:90,0
DA:91,0
DA:92,0
DA:93,0
DA:95,0
DA:99,0
DA:100,0
DA:107,0
DA:109,0
DA:110,0
DA:111,0
DA:112,0
DA:113,0
DA:115,0
DA:120,0
DA:123,0
DA:126,0
DA:129,0
DA:135,0
DA:136,0
DA:137,0
DA:138,0
DA:139,0
DA:141,0
DA:142,0
DA:144,0
DA:149,0
DA:153,0
DA:158,0
DA:159,0
DA:160,0
DA:161,0
DA:164,0
DA:169,0
DA:170,0
DA:171,0
DA:172,0
DA:177,0
DA:178,0
DA:182,0
LF:83
LH:0
BRDA:22,0,0,0
BRDA:22,0,1,0
BRDA:26,1,0,0
BRDA:26,1,1,0
BRDA:26,2,0,0
BRDA:26,2,1,0
BRDA:34,3,0,0
BRDA:34,3,1,0
BRDA:42,4,0,0
BRDA:42,4,1,0
BRDA:42,5,0,0
BRDA:42,5,1,0
BRDA:76,6,0,0
BRDA:76,6,1,0
BRDA:79,7,0,0
BRDA:79,7,1,0
BRDA:86,8,0,0
BRDA:86,8,1,0
BRDA:87,9,0,0
BRDA:87,9,1,0
BRDA:89,10,0,0
BRDA:89,10,1,0
BRDA:107,11,0,0
BRDA:107,11,1,0
BRDA:107,12,0,0
BRDA:107,12,1,0
BRDA:115,13,0,0
BRDA:115,13,1,0
BRDA:115,14,0,0
BRDA:115,14,1,0
BRDA:139,15,0,0
BRDA:139,15,1,0
BRDA:159,16,0,0
BRDA:159,16,1,0
BRDA:169,17,0,0
BRDA:169,17,1,0
BRDA:170,18,0,0
BRDA:170,18,1,0
BRF:38
BRH:0
end_of_record
TN:
SF:C:\Work\Rainmaker2\Rainmaker2\src\Presentation\document-upload\src\store\endpoints\DocumentsEndpoints.ts
FN:3,(anonymous_0)
FN:6,(anonymous_1)
FN:9,(anonymous_2)
FN:19,(anonymous_3)
FN:23,(anonymous_4)
FNF:5
FNH:0
FNDA:0,(anonymous_0)
FNDA:0,(anonymous_1)
FNDA:0,(anonymous_2)
FNDA:0,(anonymous_3)
FNDA:0,(anonymous_4)
DA:2,7
DA:4,0
DA:7,0
DA:15,0
DA:18,7
DA:19,0
DA:22,7
DA:23,0
DA:26,7
LF:9
LH:4
BRF:0
BRH:0
end_of_record
TN:
SF:C:\Work\Rainmaker2\Rainmaker2\src\Presentation\document-upload\src\store\endpoints\Endpoints.ts
FNF:0
FNH:0
DA:6,7
DA:7,7
DA:8,7
LF:3
LH:3
BRF:0
BRH:0
end_of_record
TN:
SF:C:\Work\Rainmaker2\Rainmaker2\src\Presentation\document-upload\src\store\endpoints\LoanEndpoints.ts
FN:3,(anonymous_0)
FN:5,(anonymous_1)
FN:9,(anonymous_2)
FN:11,(anonymous_3)
FN:13,(anonymous_4)
FNF:5
FNH:0
FNDA:0,(anonymous_0)
FNDA:0,(anonymous_1)
FNDA:0,(anonymous_2)
FNDA:0,(anonymous_3)
FNDA:0,(anonymous_4)
DA:2,7
DA:4,0
DA:6,0
DA:10,0
DA:12,0
DA:13,0
DA:16,7
DA:18,7
DA:20,7
LF:9
LH:4
BRF:0
BRH:0
end_of_record
TN:
SF:C:\Work\Rainmaker2\Rainmaker2\src\Presentation\document-upload\src\store\endpoints\UserEndpoints.ts
FN:7,(anonymous_0)
FN:8,(anonymous_1)
FNF:2
FNH:0
FNDA:0,(anonymous_0)
FNDA:0,(anonymous_1)
DA:3,7
DA:6,7
DA:7,0
DA:8,0
DA:11,7
DA:15,7
LF:6
LH:4
BRF:0
BRH:0
end_of_record
TN:
SF:C:\Work\Rainmaker2\Rainmaker2\src\Presentation\document-upload\src\store\reducers\aauthReducer.ts
FN:18,(anonymous_0)
FNF:1
FNH:0
FNDA:0,(anonymous_0)
DA:18,0
DA:19,0
DA:21,0
DA:26,0
DA:29,0
LF:5
LH:0
BRDA:19,0,0,0
BRDA:19,0,1,0
BRDA:19,0,2,0
BRF:3
BRH:0
end_of_record
TN:
SF:C:\Work\Rainmaker2\Rainmaker2\src\Presentation\document-upload\src\store\reducers\documentReducer.ts
FN:31,(anonymous_0)
FN:46,(anonymous_1)
FNF:2
FNH:1
FNDA:100,(anonymous_0)
FNDA:0,(anonymous_1)
DA:31,8
DA:32,100
DA:34,13
DA:40,14
DA:46,0
DA:47,0
DA:48,0
DA:49,0
DA:51,0
DA:53,0
DA:55,0
DA:61,17
DA:67,56
LF:13
LH:6
BRDA:32,0,0,13
BRDA:32,0,1,14
BRDA:32,0,2,0
BRDA:32,0,3,17
BRDA:32,0,4,56
BRDA:47,1,0,0
BRDA:47,1,1,0
BRDA:48,2,0,0
BRDA:48,2,1,0
BRF:9
BRH:4
end_of_record
TN:
SF:C:\Work\Rainmaker2\Rainmaker2\src\Presentation\document-upload\src\store\reducers\loanReducer.ts
FN:34,(anonymous_0)
FNF:1
FNH:1
FNDA:100,(anonymous_0)
DA:34,8
DA:35,100
DA:37,13
DA:43,13
DA:49,17
DA:54,13
DA:60,44
LF:7
LH:7
BRDA:35,0,0,13
BRDA:35,0,1,13
BRDA:35,0,2,17
BRDA:35,0,3,13
BRDA:35,0,4,44
BRF:5
BRH:5
end_of_record
TN:
SF:C:\Work\Rainmaker2\Rainmaker2\src\Presentation\document-upload\src\store\reducers\reducers.ts
FN:20,(anonymous_0)
FNF:1
FNH:1
FNDA:100,(anonymous_0)
DA:20,100
LF:1
LH:1
BRF:0
BRH:0
end_of_record
TN:
SF:C:\Work\Rainmaker2\Rainmaker2\src\Presentation\document-upload\src\store\reducers\userReducer.ts
FN:19,(anonymous_0)
FNF:1
FNH:0
FNDA:0,(anonymous_0)
DA:19,0
DA:20,0
DA:22,0
DA:25,0
LF:4
LH:0
BRDA:20,0,0,0
BRDA:20,0,1,0
BRF:2
BRH:0
end_of_record
TN:
SF:C:\Work\Rainmaker2\Rainmaker2\src\Presentation\document-upload\src\test_utilities\EnvConfigMock.ts
FN:1,(anonymous_0)
FNF:1
FNH:1
FNDA:18,(anonymous_0)
DA:1,7
DA:2,18
DA:6,18
LF:3
LH:3
BRF:0
BRH:0
end_of_record
TN:
SF:C:\Work\Rainmaker2\Rainmaker2\src\Presentation\document-upload\src\test_utilities\LocalStoreMock.ts
FN:1,(anonymous_0)
FN:15,(anonymous_1)
FN:18,(anonymous_2)
FN:21,(anonymous_3)
FN:24,(anonymous_4)
FN:30,(anonymous_5)
FNF:6
FNH:2
FNDA:7,(anonymous_0)
FNDA:0,(anonymous_1)
FNDA:0,(anonymous_2)
FNDA:0,(anonymous_3)
FNDA:0,(anonymous_4)
FNDA:18,(anonymous_5)
DA:1,7
DA:2,7
DA:14,7
DA:16,0
DA:19,0
DA:22,0
DA:25,0
DA:30,7
DA:31,18
DA:32,18
DA:33,18
LF:11
LH:7
BRF:0
BRH:0
end_of_record
TN:
SF:C:\Work\Rainmaker2\Rainmaker2\src\Presentation\document-upload\src\utils\ParamsService.ts
FN:7,(anonymous_0)
FN:8,(anonymous_1)
FN:11,(anonymous_2)
FNF:3
FNH:0
FNDA:0,(anonymous_0)
FNDA:0,(anonymous_1)
FNDA:0,(anonymous_2)
DA:3,7
DA:6,7
DA:8,0
DA:12,0
LF:4
LH:2
BRF:0
BRH:0
end_of_record
TN:
SF:C:\Work\Rainmaker2\Rainmaker2\src\Presentation\document-upload\src\utils\header_footer_utils\FooterContent.ts
FNF:0
FNH:0
DA:1,0
DA:4,0
LF:2
LH:0
BRF:0
BRH:0
end_of_record
TN:
SF:C:\Work\Rainmaker2\Rainmaker2\src\Presentation\document-upload\src\utils\header_footer_utils\HeaderContent.ts
FN:6,(anonymous_0)
FN:9,(anonymous_1)
FN:12,(anonymous_2)
FNF:3
FNH:0
FNDA:0,(anonymous_0)
FNDA:0,(anonymous_1)
FNDA:0,(anonymous_2)
DA:6,7
DA:7,0
DA:9,7
DA:10,0
DA:12,7
DA:13,0
DA:14,0
DA:19,7
LF:8
LH:4
BRF:0
BRH:0
end_of_record
TN:
SF:C:\Work\Rainmaker2\Rainmaker2\src\Presentation\document-upload\src\utils\helpers\AppEnv.ts
FNF:0
FNH:0
DA:2,9
DA:3,9
DA:4,9
LF:3
LH:3
BRF:0
BRH:0
end_of_record
TN:
SF:C:\Work\Rainmaker2\Rainmaker2\src\Presentation\document-upload\src\utils\helpers\DateFormat.ts
FN:3,(anonymous_0)
FNF:1
FNH:1
FNDA:247,(anonymous_0)
DA:3,8
DA:7,247
DA:10,247
DA:11,247
LF:4
LH:4
BRDA:5,0,0,2
BRDA:7,1,0,245
BRDA:7,1,1,2
BRF:3
BRH:3
end_of_record
TN:
SF:C:\Work\Rainmaker2\Rainmaker2\src\Presentation\document-upload\src\utils\helpers\FileUpload.ts
FN:18,(anonymous_0)
FN:56,(anonymous_1)
FN:81,(anonymous_2)
FN:85,(anonymous_3)
FN:89,(anonymous_4)
FN:90,(anonymous_5)
FN:94,(anonymous_6)
FN:99,(anonymous_7)
FN:117,(anonymous_8)
FN:122,(anonymous_9)
FN:126,(anonymous_10)
FN:135,(anonymous_11)
FN:144,(anonymous_12)
FNF:13
FNH:11
FNDA:1,(anonymous_0)
FNDA:1,(anonymous_1)
FNDA:2,(anonymous_2)
FNDA:1,(anonymous_3)
FNDA:1,(anonymous_4)
FNDA:1,(anonymous_5)
FNDA:0,(anonymous_6)
FNDA:0,(anonymous_7)
FNDA:1,(anonymous_8)
FNDA:1,(anonymous_9)
FNDA:212,(anonymous_10)
FNDA:210,(anonymous_11)
FNDA:2,(anonymous_12)
DA:14,8
DA:16,8
DA:18,8
DA:19,8
DA:23,8
DA:27,8
DA:31,8
DA:35,8
DA:39,8
DA:43,8
DA:47,8
DA:54,8
DA:57,1
DA:58,1
DA:60,0
DA:62,0
DA:64,0
DA:66,1
DA:73,0
DA:75,0
DA:77,0
DA:82,2
DA:86,1
DA:90,1
DA:91,1
DA:92,1
DA:94,1
DA:95,0
DA:96,0
DA:97,0
DA:98,0
DA:99,0
DA:100,0
DA:101,0
DA:104,0
DA:105,0
DA:106,0
DA:109,0
DA:112,1
DA:113,0
DA:118,1
DA:119,0
DA:123,1
DA:127,212
DA:128,211
DA:129,211
DA:131,1
DA:136,210
DA:137,210
DA:138,66
DA:140,144
DA:145,2
LF:52
LH:33
BRDA:58,0,0,0
BRDA:58,0,1,0
BRDA:58,0,2,0
BRDA:58,0,3,1
BRDA:58,0,4,0
BRDA:58,0,5,0
BRDA:58,0,6,0
BRDA:58,0,7,0
BRDA:58,0,8,0
BRDA:58,0,9,0
BRDA:58,0,10,0
BRDA:58,0,11,0
BRDA:96,1,0,0
BRDA:96,1,1,0
BRDA:100,2,0,0
BRDA:100,2,1,0
BRDA:127,3,0,211
BRDA:127,3,1,1
BRDA:137,4,0,66
BRDA:137,4,1,144
BRF:20
BRH:5
end_of_record
TN:
SF:C:\Work\Rainmaker2\Rainmaker2\src\Presentation\document-upload\src\utils\helpers\rename.ts
FN:5,(anonymous_0)
FN:10,(anonymous_1)
FN:14,(anonymous_2)
FN:25,(anonymous_3)
FN:31,(anonymous_4)
FN:35,(anonymous_5)
FNF:6
FNH:6
FNDA:1,(anonymous_0)
FNDA:3,(anonymous_1)
FNDA:3,(anonymous_2)
FNDA:6,(anonymous_3)
FNDA:1,(anonymous_4)
FNDA:8,(anonymous_5)
DA:3,8
DA:7,1
DA:8,1
DA:10,3
DA:12,1
DA:13,1
DA:14,3
DA:15,1
DA:16,0
DA:19,0
DA:22,1
DA:26,6
DA:27,6
DA:28,6
DA:32,1
DA:36,8
DA:37,3
DA:40,5
LF:18
LH:16
BRDA:10,0,0,3
BRDA:10,0,1,2
BRDA:12,1,0,1
BRDA:12,1,1,0
BRDA:15,2,0,0
BRDA:15,2,1,1
BRDA:36,3,0,3
BRDA:36,3,1,5
BRF:8
BRH:6
end_of_record
TN:
SF:C:\Work\Rainmaker2\Rainmaker2\src\Presentation\document-upload\src\utils\image_assets\ImageAssets.ts
FNF:0
FNH:0
DA:5,7
DA:8,7
LF:2
LH:2
BRF:0
BRH:0
end_of_record
